#
# There is insufficient memory for the Java Runtime Environment to continue.
# Native memory allocation (mmap) failed to map 33554432 bytes. Error detail: G1 virtual space
# Possible reasons:
#   The system is out of physical RAM or swap space
#   This process is running with CompressedOops enabled, and the Java Heap may be blocking the growth of the native heap
# Possible solutions:
#   Reduce memory load on the system
#   Increase physical memory or swap space
#   Check if swap backing store is full
#   Decrease Java heap size (-Xmx/-Xms)
#   Decrease number of Java threads
#   Decrease Java thread stack sizes (-Xss)
#   Set larger code cache with -XX:ReservedCodeCacheSize=
#   JVM is running with Unscaled Compressed Oops mode in which the Java heap is
#     placed in the first 4GB address space. The Java Heap base address is the
#     maximum limit for the native heap growth. Please use -XX:HeapBaseMinAddress
#     to set the Java Heap base and to place the Java Heap above 4GB virtual address.
# This output file may be truncated or incomplete.
#
#  Out of Memory Error (os_windows.cpp:3714), pid=11172, tid=25528
#
# JRE version: OpenJDK Runtime Environment Temurin-21.0.10+7 (21.0.10+7) (build 21.0.10+7-LTS)
# Java VM: OpenJDK 64-Bit Server VM Temurin-21.0.10+7 (21.0.10+7-LTS, mixed mode, emulated-client, sharing, tiered, compressed oops, compressed class ptrs, g1 gc, windows-amd64)
# No core dump will be written. Minidumps are not enabled by default on client versions of Windows
#

---------------  S U M M A R Y ------------

Command Line: -XX:TieredStopAtLevel=1 -Dspring.output.ansi.enabled=always -Dcom.sun.management.jmxremote -Dspring.jmx.enabled=true -Dspring.liveBeansView.mbeanDomain -Dspring.application.admin.enabled=true -Dmanagement.endpoints.jmx.exposure.include=* -javaagent:C:\Program Files\JetBrains\IntelliJ IDEA 2024.2.1\lib\idea_rt.jar=65244:C:\Program Files\JetBrains\IntelliJ IDEA 2024.2.1\bin -Dfile.encoding=UTF-8 -Dsun.stdout.encoding=UTF-8 -Dsun.stderr.encoding=UTF-8 tn.esprit.pi.nexlance.NexLanceApplication

Host: Intel(R) Core(TM) i5-10300H CPU @ 2.50GHz, 8 cores, 7G,  Windows 11 , 64 bit Build 26100 (10.0.26100.7309)
Time: Wed Apr 15 23:32:31 2026 elapsed time: 11121.432404 seconds (0d 3h 5m 21s)

---------------  T H R E A D  ---------------

Current thread (0x000001fa7d5354a0):  VMThread "VM Thread"          [id=25528, stack(0x0000000503700000,0x0000000503800000) (1024K)]

Stack: [0x0000000503700000,0x0000000503800000]
Native frames: (J=compiled Java code, j=interpreted, Vv=VM code, C=native code)
V  [jvm.dll+0x6d7a39]
V  [jvm.dll+0x8b4b26]
V  [jvm.dll+0x8b70de]
V  [jvm.dll+0x8b77c3]
V  [jvm.dll+0x284346]
V  [jvm.dll+0x6d4355]
V  [jvm.dll+0x6c808a]
V  [jvm.dll+0x35edb8]
V  [jvm.dll+0x3669f6]
V  [jvm.dll+0x3b7afe]
V  [jvm.dll+0x3b7da8]
V  [jvm.dll+0x332fbc]
V  [jvm.dll+0x333047]
V  [jvm.dll+0x376e1c]
V  [jvm.dll+0x3755be]
V  [jvm.dll+0x332701]
V  [jvm.dll+0x374c2a]
V  [jvm.dll+0x8bd4b0]
V  [jvm.dll+0x8be824]
V  [jvm.dll+0x8bed50]
V  [jvm.dll+0x8beff3]
V  [jvm.dll+0x85f59d]
V  [jvm.dll+0x6d626d]
C  [ucrtbase.dll+0x37b0]
C  [KERNEL32.DLL+0x2e8d7]
C  [ntdll.dll+0x8c53c]

VM_Operation (0x00000005040fe7a0): G1CollectForAllocation, mode: safepoint, requested by thread 0x000001fa467ca700


---------------  P R O C E S S  ---------------

Threads class SMR info:
_java_thread_list=0x000001fa45c782b0, length=41, elements={
0x000001fa7d54d7b0, 0x000001fa7d552630, 0x000001fa7d5537b0, 0x000001fa7d554570,
0x000001fa7d55cfe0, 0x000001fa7d55db70, 0x000001fa7d5645f0, 0x000001fa7df319e0,
0x000001fa7e7fe4f0, 0x000001fa7e7feb60, 0x000001fa7e9dfdf0, 0x000001fa7ea27600,
0x000001fa7ee2e800, 0x000001fa7f000490, 0x000001fa467cce60, 0x000001fa467cad90,
0x000001fa467cb420, 0x000001fa467cbab0, 0x000001fa467ca700, 0x000001fa467cd4f0,
0x000001fa467cc140, 0x000001fa467ca070, 0x000001fa47def170, 0x000001fa47dee450,
0x000001fa47df0520, 0x000001fa47def800, 0x000001fa47deddc0, 0x000001fa47deeae0,
0x000001fa47defe90, 0x000001fa47ded0a0, 0x000001fa47ded730, 0x000001fa47df0bb0,
0x000001fa47df18d0, 0x000001fa47df3310, 0x000001fa47df1240, 0x000001fa47df1f60,
0x000001fa47df2c80, 0x000001fa47df39a0, 0x000001fa47df46c0, 0x000001fa47df25f0,
0x000001fa48181a30
}

Java Threads: ( => current thread )
  0x000001fa7d54d7b0 JavaThread "Reference Handler"          daemon [_thread_blocked, id=29692, stack(0x0000000503800000,0x0000000503900000) (1024K)]
  0x000001fa7d552630 JavaThread "Finalizer"                  daemon [_thread_blocked, id=17724, stack(0x0000000503900000,0x0000000503a00000) (1024K)]
  0x000001fa7d5537b0 JavaThread "Signal Dispatcher"          daemon [_thread_blocked, id=4012, stack(0x0000000503a00000,0x0000000503b00000) (1024K)]
  0x000001fa7d554570 JavaThread "Attach Listener"            daemon [_thread_blocked, id=28400, stack(0x0000000503b00000,0x0000000503c00000) (1024K)]
  0x000001fa7d55cfe0 JavaThread "Service Thread"             daemon [_thread_blocked, id=29952, stack(0x0000000503c00000,0x0000000503d00000) (1024K)]
  0x000001fa7d55db70 JavaThread "Monitor Deflation Thread"   daemon [_thread_blocked, id=16228, stack(0x0000000503d00000,0x0000000503e00000) (1024K)]
  0x000001fa7d5645f0 JavaThread "C1 CompilerThread0"         daemon [_thread_blocked, id=8232, stack(0x0000000503e00000,0x0000000503f00000) (1024K)]
  0x000001fa7df319e0 JavaThread "Common-Cleaner"             daemon [_thread_blocked, id=30800, stack(0x0000000504100000,0x0000000504200000) (1024K)]
  0x000001fa7e7fe4f0 JavaThread "Monitor Ctrl-Break"         daemon [_thread_in_native, id=15348, stack(0x0000000504300000,0x0000000504400000) (1024K)]
  0x000001fa7e7feb60 JavaThread "Notification Thread"        daemon [_thread_blocked, id=14560, stack(0x0000000504400000,0x0000000504500000) (1024K)]
  0x000001fa7e9dfdf0 JavaThread "RMI TCP Accept-0"           daemon [_thread_in_native, id=28532, stack(0x0000000504500000,0x0000000504600000) (1024K)]
  0x000001fa7ea27600 JavaThread "RMI Scheduler(0)"           daemon [_thread_blocked, id=11012, stack(0x0000000504700000,0x0000000504800000) (1024K)]
  0x000001fa7ee2e800 JavaThread "JMX server connection timeout 33" daemon [_thread_blocked, id=32584, stack(0x0000000504f00000,0x0000000505000000) (1024K)]
  0x000001fa7f000490 JavaThread "Catalina-utility-1"                [_thread_blocked, id=33660, stack(0x0000000505600000,0x0000000505700000) (1024K)]
  0x000001fa467cce60 JavaThread "Catalina-utility-2"                [_thread_blocked, id=14164, stack(0x0000000505800000,0x0000000505900000) (1024K)]
  0x000001fa467cad90 JavaThread "container-0"                       [_thread_blocked, id=33772, stack(0x0000000505900000,0x0000000505a00000) (1024K)]
  0x000001fa467cb420 JavaThread "mysql-cj-abandoned-connection-cleanup" daemon [_thread_blocked, id=25596, stack(0x0000000505a00000,0x0000000505b00000) (1024K)]
  0x000001fa467cbab0 JavaThread "HikariPool-1 housekeeper"   daemon [_thread_blocked, id=16564, stack(0x0000000505b00000,0x0000000505c00000) (1024K)]
  0x000001fa467ca700 JavaThread "File Watcher"               daemon [_thread_blocked, id=29780, stack(0x0000000504000000,0x0000000504100000) (1024K)]
  0x000001fa467cd4f0 JavaThread "spring.cloud.inetutils"     daemon [_thread_blocked, id=16620, stack(0x0000000505c00000,0x0000000505d00000) (1024K)]
  0x000001fa467cc140 JavaThread "AsyncResolver-bootstrap-0"  daemon [_thread_blocked, id=20776, stack(0x0000000505e00000,0x0000000505f00000) (1024K)]
  0x000001fa467ca070 JavaThread "DiscoveryClient-0"          daemon [_thread_blocked, id=20104, stack(0x0000000505f00000,0x0000000506000000) (1024K)]
  0x000001fa47def170 JavaThread "DiscoveryClient-1"          daemon [_thread_blocked, id=23420, stack(0x0000000506000000,0x0000000506100000) (1024K)]
  0x000001fa47dee450 JavaThread "DiscoveryClient-InstanceInfoReplicator-0" daemon [_thread_blocked, id=13320, stack(0x0000000506100000,0x0000000506200000) (1024K)]
  0x000001fa47df0520 JavaThread "http-nio-8084-exec-1"       daemon [_thread_blocked, id=35216, stack(0x0000000506200000,0x0000000506300000) (1024K)]
  0x000001fa47def800 JavaThread "http-nio-8084-exec-2"       daemon [_thread_blocked, id=13832, stack(0x0000000506300000,0x0000000506400000) (1024K)]
  0x000001fa47deddc0 JavaThread "http-nio-8084-exec-3"       daemon [_thread_blocked, id=4932, stack(0x0000000506400000,0x0000000506500000) (1024K)]
  0x000001fa47deeae0 JavaThread "http-nio-8084-exec-4"       daemon [_thread_blocked, id=36216, stack(0x0000000506500000,0x0000000506600000) (1024K)]
  0x000001fa47defe90 JavaThread "http-nio-8084-exec-5"       daemon [_thread_blocked, id=1080, stack(0x0000000506600000,0x0000000506700000) (1024K)]
  0x000001fa47ded0a0 JavaThread "http-nio-8084-exec-6"       daemon [_thread_blocked, id=19768, stack(0x0000000506700000,0x0000000506800000) (1024K)]
  0x000001fa47ded730 JavaThread "http-nio-8084-exec-7"       daemon [_thread_blocked, id=22712, stack(0x0000000506800000,0x0000000506900000) (1024K)]
  0x000001fa47df0bb0 JavaThread "http-nio-8084-exec-8"       daemon [_thread_blocked, id=34536, stack(0x0000000506900000,0x0000000506a00000) (1024K)]
  0x000001fa47df18d0 JavaThread "http-nio-8084-exec-9"       daemon [_thread_blocked, id=27852, stack(0x0000000506a00000,0x0000000506b00000) (1024K)]
  0x000001fa47df3310 JavaThread "http-nio-8084-exec-10"      daemon [_thread_blocked, id=4236, stack(0x0000000506b00000,0x0000000506c00000) (1024K)]
  0x000001fa47df1240 JavaThread "http-nio-8084-Poller"       daemon [_thread_blocked, id=16696, stack(0x0000000506c00000,0x0000000506d00000) (1024K)]
  0x000001fa47df1f60 JavaThread "http-nio-8084-Acceptor"     daemon [_thread_in_native, id=34764, stack(0x0000000506d00000,0x0000000506e00000) (1024K)]
  0x000001fa47df2c80 JavaThread "DestroyJavaVM"                     [_thread_blocked, id=22720, stack(0x0000000503000000,0x0000000503100000) (1024K)]
  0x000001fa47df39a0 JavaThread "DiscoveryClient-CacheRefreshExecutor-0" daemon [_thread_blocked, id=25952, stack(0x0000000502d00000,0x0000000502e00000) (1024K)]
  0x000001fa47df46c0 JavaThread "DiscoveryClient-HeartbeatExecutor-0" daemon [_thread_blocked, id=27600, stack(0x0000000502e00000,0x0000000502f00000) (1024K)]
  0x000001fa47df25f0 JavaThread "AsyncResolver-bootstrap-executor-0" daemon [_thread_blocked, id=31664, stack(0x0000000503f00000,0x0000000504000000) (1024K)]
  0x000001fa48181a30 JavaThread "RMI TCP Connection(51)-192.168.56.1" daemon [_thread_blocked, id=20684, stack(0x0000000504200000,0x0000000504300000) (1024K)]
Total: 41

Other Threads:
=>0x000001fa7d5354a0 VMThread "VM Thread"                           [id=25528, stack(0x0000000503700000,0x0000000503800000) (1024K)]
  0x000001fa7dda09d0 WatcherThread "VM Periodic Task Thread"        [id=29980, stack(0x0000000503600000,0x0000000503700000) (1024K)]
  0x000001fa6b499b40 WorkerThread "GC Thread#0"                     [id=28524, stack(0x0000000503100000,0x0000000503200000) (1024K)]
  0x000001fa7ed942b0 WorkerThread "GC Thread#1"                     [id=32496, stack(0x0000000504800000,0x0000000504900000) (1024K)]
  0x000001fa7ed94660 WorkerThread "GC Thread#2"                     [id=25048, stack(0x0000000504900000,0x0000000504a00000) (1024K)]
  0x000001fa7edc2240 WorkerThread "GC Thread#3"                     [id=31708, stack(0x0000000504a00000,0x0000000504b00000) (1024K)]
  0x000001fa7edc25f0 WorkerThread "GC Thread#4"                     [id=30932, stack(0x0000000504b00000,0x0000000504c00000) (1024K)]
  0x000001fa7edc29a0 WorkerThread "GC Thread#5"                     [id=23348, stack(0x0000000504c00000,0x0000000504d00000) (1024K)]
  0x000001fa7edc3360 WorkerThread "GC Thread#6"                     [id=15284, stack(0x0000000504d00000,0x0000000504e00000) (1024K)]
  0x000001fa7edcb720 WorkerThread "GC Thread#7"                     [id=28660, stack(0x0000000504e00000,0x0000000504f00000) (1024K)]
  0x000001fa6b4ab2a0 ConcurrentGCThread "G1 Main Marker"            [id=6656, stack(0x0000000503200000,0x0000000503300000) (1024K)]
  0x000001fa6b4abcc0 WorkerThread "G1 Conc#0"                       [id=4304, stack(0x0000000503300000,0x0000000503400000) (1024K)]
  0x000001fa7f284b00 WorkerThread "G1 Conc#1"                       [id=18760, stack(0x0000000505700000,0x0000000505800000) (1024K)]
  0x000001fa7d47cc50 ConcurrentGCThread "G1 Refine#0"               [id=27152, stack(0x0000000503400000,0x0000000503500000) (1024K)]
  0x000001fa7d47d580 ConcurrentGCThread "G1 Service"                [id=22024, stack(0x0000000503500000,0x0000000503600000) (1024K)]
Total: 15

Threads with active compile tasks:
Total: 0

VM state: at safepoint (normal execution)

VM Mutex/Monitor currently owned by a thread:  ([mutex/lock_event])
[0x00007ff928e8e560] Threads_lock - owner thread: 0x000001fa7d5354a0
[0x00007ff928e8e660] Heap_lock - owner thread: 0x000001fa467ca700

Heap address: 0x0000000083600000, size: 1994 MB, Compressed Oops mode: 32-bit

CDS archive(s) mapped at: [0x000001fa00000000-0x000001fa00c80000-0x000001fa00c80000), size 13107200, SharedBaseAddress: 0x000001fa00000000, ArchiveRelocationMode: 1.
Compressed class space mapped at: 0x000001fa01000000-0x000001fa41000000, reserved size: 1073741824
Narrow klass base: 0x000001fa00000000, Narrow klass shift: 0, Narrow klass range: 0x100000000

GC Precious Log:
 CardTable entry size: 512
 Card Set container configuration: InlinePtr #cards 5 size 8 Array Of Cards #cards 12 size 40 Howl #buckets 4 coarsen threshold 1843 Howl Bitmap #cards 512 size 80 coarsen threshold 460 Card regions per heap region 1 cards per card region 2048
 CPUs: 8 total, 8 available
 Memory: 7968M
 Large Page Support: Disabled
 NUMA Support: Disabled
 Compressed Oops: Enabled (32-bit)
 Heap Region Size: 1M
 Heap Min Capacity: 8M
 Heap Initial Capacity: 126M
 Heap Max Capacity: 1994M
 Pre-touch: Disabled
 Parallel Workers: 8
 Concurrent Workers: 2
 Concurrent Refinement Workers: 8
 Periodic GC: Disabled

Heap:
 garbage-first heap   total 161792K, used 53280K [0x0000000083600000, 0x0000000100000000)
  region size 1024K, 1 young (1024K), 1 survivors (1024K)
 Metaspace       used 87111K, committed 88448K, reserved 1179648K
  class space    used 12833K, committed 13376K, reserved 1048576K

Heap Regions: E=young(eden), S=young(survivor), O=old, HS=humongous(starts), HC=humongous(continues), CS=collection set, F=free, TAMS=top-at-mark-start, PB=parsable bottom
|   0|0x0000000083600000, 0x0000000083700000, 0x0000000083700000|100%|HS|  |TAMS 0x0000000083600000| PB 0x0000000083600000| Complete 
|   1|0x0000000083700000, 0x0000000083800000, 0x0000000083800000|100%| O|  |TAMS 0x0000000083700000| PB 0x0000000083700000| Untracked 
|   2|0x0000000083800000, 0x0000000083900000, 0x0000000083900000|100%|HS|  |TAMS 0x0000000083800000| PB 0x0000000083800000| Complete 
|   3|0x0000000083900000, 0x0000000083a00000, 0x0000000083a00000|100%| O|  |TAMS 0x0000000083900000| PB 0x0000000083900000| Untracked 
|   4|0x0000000083a00000, 0x0000000083b00000, 0x0000000083b00000|100%| O|  |TAMS 0x0000000083a00000| PB 0x0000000083a00000| Untracked 
|   5|0x0000000083b00000, 0x0000000083c00000, 0x0000000083c00000|100%| O|  |TAMS 0x0000000083b00000| PB 0x0000000083b00000| Untracked 
|   6|0x0000000083c00000, 0x0000000083d00000, 0x0000000083d00000|100%| O|  |TAMS 0x0000000083c00000| PB 0x0000000083c00000| Untracked 
|   7|0x0000000083d00000, 0x0000000083e00000, 0x0000000083e00000|100%| O|  |TAMS 0x0000000083d00000| PB 0x0000000083d00000| Untracked 
|   8|0x0000000083e00000, 0x0000000083f00000, 0x0000000083f00000|100%| O|  |TAMS 0x0000000083e00000| PB 0x0000000083e00000| Untracked 
|   9|0x0000000083f00000, 0x0000000084000000, 0x0000000084000000|100%| O|  |TAMS 0x0000000083f00000| PB 0x0000000083f00000| Untracked 
|  10|0x0000000084000000, 0x0000000084100000, 0x0000000084100000|100%| O|  |TAMS 0x0000000084000000| PB 0x0000000084000000| Untracked 
|  11|0x0000000084100000, 0x0000000084200000, 0x0000000084200000|100%| O|  |TAMS 0x0000000084100000| PB 0x0000000084100000| Untracked 
|  12|0x0000000084200000, 0x0000000084300000, 0x0000000084300000|100%| O|  |TAMS 0x0000000084200000| PB 0x0000000084200000| Untracked 
|  13|0x0000000084300000, 0x0000000084300000, 0x0000000084400000|  0%| F|  |TAMS 0x0000000084300000| PB 0x0000000084300000| Untracked 
|  14|0x0000000084400000, 0x0000000084500000, 0x0000000084500000|100%| O|  |TAMS 0x0000000084400000| PB 0x0000000084400000| Untracked 
|  15|0x0000000084500000, 0x0000000084600000, 0x0000000084600000|100%| O|  |TAMS 0x0000000084500000| PB 0x0000000084500000| Untracked 
|  16|0x0000000084600000, 0x0000000084700000, 0x0000000084700000|100%| O|  |TAMS 0x0000000084600000| PB 0x0000000084600000| Untracked 
|  17|0x0000000084700000, 0x0000000084800000, 0x0000000084800000|100%| O|  |TAMS 0x0000000084700000| PB 0x0000000084700000| Untracked 
|  18|0x0000000084800000, 0x0000000084900000, 0x0000000084900000|100%| O|  |TAMS 0x0000000084800000| PB 0x0000000084800000| Untracked 
|  19|0x0000000084900000, 0x0000000084a00000, 0x0000000084a00000|100%| O|  |TAMS 0x0000000084900000| PB 0x0000000084900000| Untracked 
|  20|0x0000000084a00000, 0x0000000084b00000, 0x0000000084b00000|100%| O|  |TAMS 0x0000000084a00000| PB 0x0000000084a00000| Untracked 
|  21|0x0000000084b00000, 0x0000000084c00000, 0x0000000084c00000|100%| O|  |TAMS 0x0000000084b00000| PB 0x0000000084b00000| Untracked 
|  22|0x0000000084c00000, 0x0000000084d00000, 0x0000000084d00000|100%| O|  |TAMS 0x0000000084c00000| PB 0x0000000084c00000| Untracked 
|  23|0x0000000084d00000, 0x0000000084e00000, 0x0000000084e00000|100%| O|  |TAMS 0x0000000084d00000| PB 0x0000000084d00000| Untracked 
|  24|0x0000000084e00000, 0x0000000084f00000, 0x0000000084f00000|100%| O|  |TAMS 0x0000000084e00000| PB 0x0000000084e00000| Untracked 
|  25|0x0000000084f00000, 0x0000000085000000, 0x0000000085000000|100%| O|  |TAMS 0x0000000084f00000| PB 0x0000000084f00000| Untracked 
|  26|0x0000000085000000, 0x0000000085100000, 0x0000000085100000|100%| O|  |TAMS 0x0000000085000000| PB 0x0000000085000000| Untracked 
|  27|0x0000000085100000, 0x0000000085200000, 0x0000000085200000|100%| O|  |TAMS 0x0000000085100000| PB 0x0000000085100000| Untracked 
|  28|0x0000000085200000, 0x0000000085300000, 0x0000000085300000|100%| O|  |TAMS 0x0000000085200000| PB 0x0000000085200000| Untracked 
|  29|0x0000000085300000, 0x0000000085400000, 0x0000000085400000|100%| O|  |TAMS 0x0000000085300000| PB 0x0000000085300000| Untracked 
|  30|0x0000000085400000, 0x0000000085500000, 0x0000000085500000|100%| O|  |TAMS 0x0000000085400000| PB 0x0000000085400000| Untracked 
|  31|0x0000000085500000, 0x00000000855a0b30, 0x0000000085600000| 62%| O|  |TAMS 0x0000000085500000| PB 0x0000000085500000| Untracked 
|  32|0x0000000085600000, 0x0000000085700000, 0x0000000085700000|100%| O|Cm|TAMS 0x0000000085600000| PB 0x0000000085600000| Complete 
|  33|0x0000000085700000, 0x0000000085800000, 0x0000000085800000|100%| O|  |TAMS 0x0000000085700000| PB 0x0000000085700000| Untracked 
|  34|0x0000000085800000, 0x0000000085900000, 0x0000000085900000|100%| O|  |TAMS 0x0000000085800000| PB 0x0000000085800000| Untracked 
|  35|0x0000000085900000, 0x0000000085a00000, 0x0000000085a00000|100%| O|  |TAMS 0x0000000085900000| PB 0x0000000085900000| Untracked 
|  36|0x0000000085a00000, 0x0000000085b00000, 0x0000000085b00000|100%| O|  |TAMS 0x0000000085a00000| PB 0x0000000085a00000| Untracked 
|  37|0x0000000085b00000, 0x0000000085c00000, 0x0000000085c00000|100%| O|  |TAMS 0x0000000085b00000| PB 0x0000000085b00000| Untracked 
|  38|0x0000000085c00000, 0x0000000085d00000, 0x0000000085d00000|100%| O|  |TAMS 0x0000000085c00000| PB 0x0000000085c00000| Untracked 
|  39|0x0000000085d00000, 0x0000000085e00000, 0x0000000085e00000|100%| O|  |TAMS 0x0000000085d00000| PB 0x0000000085d00000| Untracked 
|  40|0x0000000085e00000, 0x0000000085f00000, 0x0000000085f00000|100%| O|  |TAMS 0x0000000085e00000| PB 0x0000000085e00000| Untracked 
|  41|0x0000000085f00000, 0x0000000086000000, 0x0000000086000000|100%| O|  |TAMS 0x0000000085f00000| PB 0x0000000085f00000| Untracked 
|  42|0x0000000086000000, 0x0000000086100000, 0x0000000086100000|100%| O|  |TAMS 0x0000000086000000| PB 0x0000000086000000| Untracked 
|  43|0x0000000086100000, 0x0000000086100000, 0x0000000086200000|  0%| F|  |TAMS 0x0000000086100000| PB 0x0000000086100000| Untracked 
|  44|0x0000000086200000, 0x0000000086300000, 0x0000000086300000|100%| O|  |TAMS 0x0000000086200000| PB 0x0000000086200000| Untracked 
|  45|0x0000000086300000, 0x0000000086400000, 0x0000000086400000|100%| O|  |TAMS 0x0000000086300000| PB 0x0000000086300000| Untracked 
|  46|0x0000000086400000, 0x0000000086500000, 0x0000000086500000|100%| O|Cm|TAMS 0x0000000086400000| PB 0x0000000086400000| Complete 
|  47|0x0000000086500000, 0x0000000086600000, 0x0000000086600000|100%| O|  |TAMS 0x0000000086500000| PB 0x0000000086500000| Untracked 
|  48|0x0000000086600000, 0x0000000086600000, 0x0000000086700000|  0%| F|  |TAMS 0x0000000086600000| PB 0x0000000086600000| Untracked 
|  49|0x0000000086700000, 0x0000000086700000, 0x0000000086800000|  0%| F|  |TAMS 0x0000000086700000| PB 0x0000000086700000| Untracked 
|  50|0x0000000086800000, 0x0000000086800000, 0x0000000086900000|  0%| F|  |TAMS 0x0000000086800000| PB 0x0000000086800000| Untracked 
|  51|0x0000000086900000, 0x0000000086900000, 0x0000000086a00000|  0%| F|  |TAMS 0x0000000086900000| PB 0x0000000086900000| Untracked 
|  52|0x0000000086a00000, 0x0000000086a00000, 0x0000000086b00000|  0%| F|  |TAMS 0x0000000086a00000| PB 0x0000000086a00000| Untracked 
|  53|0x0000000086b00000, 0x0000000086b00000, 0x0000000086c00000|  0%| F|  |TAMS 0x0000000086b00000| PB 0x0000000086b00000| Untracked 
|  54|0x0000000086c00000, 0x0000000086c00000, 0x0000000086d00000|  0%| F|  |TAMS 0x0000000086c00000| PB 0x0000000086c00000| Untracked 
|  55|0x0000000086d00000, 0x0000000086d00000, 0x0000000086e00000|  0%| F|  |TAMS 0x0000000086d00000| PB 0x0000000086d00000| Untracked 
|  56|0x0000000086e00000, 0x0000000086e00000, 0x0000000086f00000|  0%| F|  |TAMS 0x0000000086e00000| PB 0x0000000086e00000| Untracked 
|  57|0x0000000086f00000, 0x0000000086f00000, 0x0000000087000000|  0%| F|  |TAMS 0x0000000086f00000| PB 0x0000000086f00000| Untracked 
|  58|0x0000000087000000, 0x0000000087000000, 0x0000000087100000|  0%| F|  |TAMS 0x0000000087000000| PB 0x0000000087000000| Untracked 
|  59|0x0000000087100000, 0x0000000087100000, 0x0000000087200000|  0%| F|  |TAMS 0x0000000087100000| PB 0x0000000087100000| Untracked 
|  60|0x0000000087200000, 0x0000000087200000, 0x0000000087300000|  0%| F|  |TAMS 0x0000000087200000| PB 0x0000000087200000| Untracked 
|  61|0x0000000087300000, 0x0000000087300000, 0x0000000087400000|  0%| F|  |TAMS 0x0000000087300000| PB 0x0000000087300000| Untracked 
|  62|0x0000000087400000, 0x0000000087400000, 0x0000000087500000|  0%| F|  |TAMS 0x0000000087400000| PB 0x0000000087400000| Untracked 
|  63|0x0000000087500000, 0x0000000087600000, 0x0000000087600000|100%| O|  |TAMS 0x0000000087500000| PB 0x0000000087500000| Untracked 
|  64|0x0000000087600000, 0x0000000087700000, 0x0000000087700000|100%| O|  |TAMS 0x0000000087600000| PB 0x0000000087600000| Untracked 
|  65|0x0000000087700000, 0x0000000087800000, 0x0000000087800000|100%| O|  |TAMS 0x0000000087700000| PB 0x0000000087700000| Untracked 
|  66|0x0000000087800000, 0x0000000087800000, 0x0000000087900000|  0%| F|  |TAMS 0x0000000087800000| PB 0x0000000087800000| Untracked 
|  67|0x0000000087900000, 0x0000000087a00000, 0x0000000087a00000|100%| O|  |TAMS 0x0000000087900000| PB 0x0000000087900000| Untracked 
|  68|0x0000000087a00000, 0x0000000087a00000, 0x0000000087b00000|  0%| F|  |TAMS 0x0000000087a00000| PB 0x0000000087a00000| Untracked 
|  69|0x0000000087b00000, 0x0000000087b00000, 0x0000000087c00000|  0%| F|  |TAMS 0x0000000087b00000| PB 0x0000000087b00000| Untracked 
|  70|0x0000000087c00000, 0x0000000087c00000, 0x0000000087d00000|  0%| F|  |TAMS 0x0000000087c00000| PB 0x0000000087c00000| Untracked 
|  71|0x0000000087d00000, 0x0000000087d00000, 0x0000000087e00000|  0%| F|  |TAMS 0x0000000087d00000| PB 0x0000000087d00000| Untracked 
|  72|0x0000000087e00000, 0x0000000087e00000, 0x0000000087f00000|  0%| F|  |TAMS 0x0000000087e00000| PB 0x0000000087e00000| Untracked 
|  73|0x0000000087f00000, 0x0000000087f00000, 0x0000000088000000|  0%| F|  |TAMS 0x0000000087f00000| PB 0x0000000087f00000| Untracked 
|  74|0x0000000088000000, 0x0000000088000000, 0x0000000088100000|  0%| F|  |TAMS 0x0000000088000000| PB 0x0000000088000000| Untracked 
|  75|0x0000000088100000, 0x0000000088100000, 0x0000000088200000|  0%| F|  |TAMS 0x0000000088100000| PB 0x0000000088100000| Untracked 
|  76|0x0000000088200000, 0x0000000088200000, 0x0000000088300000|  0%| F|  |TAMS 0x0000000088200000| PB 0x0000000088200000| Untracked 
|  77|0x0000000088300000, 0x0000000088300000, 0x0000000088400000|  0%| F|  |TAMS 0x0000000088300000| PB 0x0000000088300000| Untracked 
|  78|0x0000000088400000, 0x0000000088400000, 0x0000000088500000|  0%| F|  |TAMS 0x0000000088400000| PB 0x0000000088400000| Untracked 
|  79|0x0000000088500000, 0x0000000088500000, 0x0000000088600000|  0%| F|  |TAMS 0x0000000088500000| PB 0x0000000088500000| Untracked 
|  80|0x0000000088600000, 0x0000000088600000, 0x0000000088700000|  0%| F|  |TAMS 0x0000000088600000| PB 0x0000000088600000| Untracked 
|  81|0x0000000088700000, 0x0000000088700000, 0x0000000088800000|  0%| F|  |TAMS 0x0000000088700000| PB 0x0000000088700000| Untracked 
|  82|0x0000000088800000, 0x0000000088800000, 0x0000000088900000|  0%| F|  |TAMS 0x0000000088800000| PB 0x0000000088800000| Untracked 
|  83|0x0000000088900000, 0x0000000088900000, 0x0000000088a00000|  0%| F|  |TAMS 0x0000000088900000| PB 0x0000000088900000| Untracked 
|  84|0x0000000088a00000, 0x0000000088a00000, 0x0000000088b00000|  0%| F|  |TAMS 0x0000000088a00000| PB 0x0000000088a00000| Untracked 
|  85|0x0000000088b00000, 0x0000000088b00000, 0x0000000088c00000|  0%| F|  |TAMS 0x0000000088b00000| PB 0x0000000088b00000| Untracked 
|  86|0x0000000088c00000, 0x0000000088c00000, 0x0000000088d00000|  0%| F|  |TAMS 0x0000000088c00000| PB 0x0000000088c00000| Untracked 
|  87|0x0000000088d00000, 0x0000000088d00000, 0x0000000088e00000|  0%| F|  |TAMS 0x0000000088d00000| PB 0x0000000088d00000| Untracked 
|  88|0x0000000088e00000, 0x0000000088e00000, 0x0000000088f00000|  0%| F|  |TAMS 0x0000000088e00000| PB 0x0000000088e00000| Untracked 
|  89|0x0000000088f00000, 0x0000000088f00000, 0x0000000089000000|  0%| F|  |TAMS 0x0000000088f00000| PB 0x0000000088f00000| Untracked 
|  90|0x0000000089000000, 0x0000000089000000, 0x0000000089100000|  0%| F|  |TAMS 0x0000000089000000| PB 0x0000000089000000| Untracked 
|  91|0x0000000089100000, 0x0000000089100000, 0x0000000089200000|  0%| F|  |TAMS 0x0000000089100000| PB 0x0000000089100000| Untracked 
|  92|0x0000000089200000, 0x0000000089200000, 0x0000000089300000|  0%| F|  |TAMS 0x0000000089200000| PB 0x0000000089200000| Untracked 
|  93|0x0000000089300000, 0x0000000089300000, 0x0000000089400000|  0%| F|  |TAMS 0x0000000089300000| PB 0x0000000089300000| Untracked 
|  94|0x0000000089400000, 0x0000000089400000, 0x0000000089500000|  0%| F|  |TAMS 0x0000000089400000| PB 0x0000000089400000| Untracked 
|  95|0x0000000089500000, 0x0000000089500000, 0x0000000089600000|  0%| F|  |TAMS 0x0000000089500000| PB 0x0000000089500000| Untracked 
|  96|0x0000000089600000, 0x0000000089600000, 0x0000000089700000|  0%| F|  |TAMS 0x0000000089600000| PB 0x0000000089600000| Untracked 
|  97|0x0000000089700000, 0x0000000089700000, 0x0000000089800000|  0%| F|  |TAMS 0x0000000089700000| PB 0x0000000089700000| Untracked 
|  98|0x0000000089800000, 0x0000000089800000, 0x0000000089900000|  0%| F|  |TAMS 0x0000000089800000| PB 0x0000000089800000| Untracked 
|  99|0x0000000089900000, 0x0000000089900000, 0x0000000089a00000|  0%| F|  |TAMS 0x0000000089900000| PB 0x0000000089900000| Untracked 
| 100|0x0000000089a00000, 0x0000000089a00000, 0x0000000089b00000|  0%| F|  |TAMS 0x0000000089a00000| PB 0x0000000089a00000| Untracked 
| 101|0x0000000089b00000, 0x0000000089b00000, 0x0000000089c00000|  0%| F|  |TAMS 0x0000000089b00000| PB 0x0000000089b00000| Untracked 
| 102|0x0000000089c00000, 0x0000000089c00000, 0x0000000089d00000|  0%| F|  |TAMS 0x0000000089c00000| PB 0x0000000089c00000| Untracked 
| 103|0x0000000089d00000, 0x0000000089d00000, 0x0000000089e00000|  0%| F|  |TAMS 0x0000000089d00000| PB 0x0000000089d00000| Untracked 
| 104|0x0000000089e00000, 0x0000000089e00000, 0x0000000089f00000|  0%| F|  |TAMS 0x0000000089e00000| PB 0x0000000089e00000| Untracked 
| 105|0x0000000089f00000, 0x0000000089f00000, 0x000000008a000000|  0%| F|  |TAMS 0x0000000089f00000| PB 0x0000000089f00000| Untracked 
| 106|0x000000008a000000, 0x000000008a000000, 0x000000008a100000|  0%| F|  |TAMS 0x000000008a000000| PB 0x000000008a000000| Untracked 
| 107|0x000000008a100000, 0x000000008a100000, 0x000000008a200000|  0%| F|  |TAMS 0x000000008a100000| PB 0x000000008a100000| Untracked 
| 108|0x000000008a200000, 0x000000008a200000, 0x000000008a300000|  0%| F|  |TAMS 0x000000008a200000| PB 0x000000008a200000| Untracked 
| 109|0x000000008a300000, 0x000000008a300000, 0x000000008a400000|  0%| F|  |TAMS 0x000000008a300000| PB 0x000000008a300000| Untracked 
| 110|0x000000008a400000, 0x000000008a400000, 0x000000008a500000|  0%| F|  |TAMS 0x000000008a400000| PB 0x000000008a400000| Untracked 
| 111|0x000000008a500000, 0x000000008a500000, 0x000000008a600000|  0%| F|  |TAMS 0x000000008a500000| PB 0x000000008a500000| Untracked 
| 112|0x000000008a600000, 0x000000008a600000, 0x000000008a700000|  0%| F|  |TAMS 0x000000008a600000| PB 0x000000008a600000| Untracked 
| 113|0x000000008a700000, 0x000000008a700000, 0x000000008a800000|  0%| F|  |TAMS 0x000000008a700000| PB 0x000000008a700000| Untracked 
| 114|0x000000008a800000, 0x000000008a800000, 0x000000008a900000|  0%| F|  |TAMS 0x000000008a800000| PB 0x000000008a800000| Untracked 
| 115|0x000000008a900000, 0x000000008a900000, 0x000000008aa00000|  0%| F|  |TAMS 0x000000008a900000| PB 0x000000008a900000| Untracked 
| 116|0x000000008aa00000, 0x000000008aa00000, 0x000000008ab00000|  0%| F|  |TAMS 0x000000008aa00000| PB 0x000000008aa00000| Untracked 
| 117|0x000000008ab00000, 0x000000008ab00000, 0x000000008ac00000|  0%| F|  |TAMS 0x000000008ab00000| PB 0x000000008ab00000| Untracked 
| 118|0x000000008ac00000, 0x000000008ac00000, 0x000000008ad00000|  0%| F|  |TAMS 0x000000008ac00000| PB 0x000000008ac00000| Untracked 
| 119|0x000000008ad00000, 0x000000008ad00000, 0x000000008ae00000|  0%| F|  |TAMS 0x000000008ad00000| PB 0x000000008ad00000| Untracked 
| 120|0x000000008ae00000, 0x000000008ae00000, 0x000000008af00000|  0%| F|  |TAMS 0x000000008ae00000| PB 0x000000008ae00000| Untracked 
| 121|0x000000008af00000, 0x000000008af00000, 0x000000008b000000|  0%| F|  |TAMS 0x000000008af00000| PB 0x000000008af00000| Untracked 
| 122|0x000000008b000000, 0x000000008b000000, 0x000000008b100000|  0%| F|  |TAMS 0x000000008b000000| PB 0x000000008b000000| Untracked 
| 123|0x000000008b100000, 0x000000008b100000, 0x000000008b200000|  0%| F|  |TAMS 0x000000008b100000| PB 0x000000008b100000| Untracked 
| 124|0x000000008b200000, 0x000000008b200000, 0x000000008b300000|  0%| F|  |TAMS 0x000000008b200000| PB 0x000000008b200000| Untracked 
| 125|0x000000008b300000, 0x000000008b300000, 0x000000008b400000|  0%| F|  |TAMS 0x000000008b300000| PB 0x000000008b300000| Untracked 
| 126|0x000000008b400000, 0x000000008b400000, 0x000000008b500000|  0%| F|  |TAMS 0x000000008b400000| PB 0x000000008b400000| Untracked 
| 127|0x000000008b500000, 0x000000008b500000, 0x000000008b600000|  0%| F|  |TAMS 0x000000008b500000| PB 0x000000008b500000| Untracked 
| 128|0x000000008b600000, 0x000000008b600000, 0x000000008b700000|  0%| F|  |TAMS 0x000000008b600000| PB 0x000000008b600000| Untracked 
| 129|0x000000008b700000, 0x000000008b700000, 0x000000008b800000|  0%| F|  |TAMS 0x000000008b700000| PB 0x000000008b700000| Untracked 
| 130|0x000000008b800000, 0x000000008b800000, 0x000000008b900000|  0%| F|  |TAMS 0x000000008b800000| PB 0x000000008b800000| Untracked 
| 131|0x000000008b900000, 0x000000008b900000, 0x000000008ba00000|  0%| F|  |TAMS 0x000000008b900000| PB 0x000000008b900000| Untracked 
| 132|0x000000008ba00000, 0x000000008ba00000, 0x000000008bb00000|  0%| F|  |TAMS 0x000000008ba00000| PB 0x000000008ba00000| Untracked 
| 133|0x000000008bb00000, 0x000000008bb00000, 0x000000008bc00000|  0%| F|  |TAMS 0x000000008bb00000| PB 0x000000008bb00000| Untracked 
| 134|0x000000008bc00000, 0x000000008bc00000, 0x000000008bd00000|  0%| F|  |TAMS 0x000000008bc00000| PB 0x000000008bc00000| Untracked 
| 135|0x000000008bd00000, 0x000000008bd00000, 0x000000008be00000|  0%| F|  |TAMS 0x000000008bd00000| PB 0x000000008bd00000| Untracked 
| 136|0x000000008be00000, 0x000000008be00000, 0x000000008bf00000|  0%| F|  |TAMS 0x000000008be00000| PB 0x000000008be00000| Untracked 
| 137|0x000000008bf00000, 0x000000008bf00000, 0x000000008c000000|  0%| F|  |TAMS 0x000000008bf00000| PB 0x000000008bf00000| Untracked 
| 138|0x000000008c000000, 0x000000008c000000, 0x000000008c100000|  0%| F|  |TAMS 0x000000008c000000| PB 0x000000008c000000| Untracked 
| 139|0x000000008c100000, 0x000000008c100000, 0x000000008c200000|  0%| F|  |TAMS 0x000000008c100000| PB 0x000000008c100000| Untracked 
| 140|0x000000008c200000, 0x000000008c200000, 0x000000008c300000|  0%| F|  |TAMS 0x000000008c200000| PB 0x000000008c200000| Untracked 
| 141|0x000000008c300000, 0x000000008c300000, 0x000000008c400000|  0%| F|  |TAMS 0x000000008c300000| PB 0x000000008c300000| Untracked 
| 142|0x000000008c400000, 0x000000008c400000, 0x000000008c500000|  0%| F|  |TAMS 0x000000008c400000| PB 0x000000008c400000| Untracked 
| 143|0x000000008c500000, 0x000000008c500000, 0x000000008c600000|  0%| F|  |TAMS 0x000000008c500000| PB 0x000000008c500000| Untracked 
| 144|0x000000008c600000, 0x000000008c600000, 0x000000008c700000|  0%| F|  |TAMS 0x000000008c600000| PB 0x000000008c600000| Untracked 
| 145|0x000000008c700000, 0x000000008c700000, 0x000000008c800000|  0%| F|  |TAMS 0x000000008c700000| PB 0x000000008c700000| Untracked 
| 146|0x000000008c800000, 0x000000008c800000, 0x000000008c900000|  0%| F|  |TAMS 0x000000008c800000| PB 0x000000008c800000| Untracked 
| 147|0x000000008c900000, 0x000000008c900000, 0x000000008ca00000|  0%| F|  |TAMS 0x000000008c900000| PB 0x000000008c900000| Untracked 
| 148|0x000000008ca00000, 0x000000008ca67710, 0x000000008cb00000| 40%| S|CS|TAMS 0x000000008ca00000| PB 0x000000008ca00000| Complete 
| 149|0x000000008cb00000, 0x000000008cb00000, 0x000000008cc00000|  0%| F|  |TAMS 0x000000008cb00000| PB 0x000000008cb00000| Untracked 
| 150|0x000000008cc00000, 0x000000008cc00000, 0x000000008cd00000|  0%| F|  |TAMS 0x000000008cc00000| PB 0x000000008cc00000| Untracked 
| 151|0x000000008cd00000, 0x000000008cd00000, 0x000000008ce00000|  0%| F|  |TAMS 0x000000008cd00000| PB 0x000000008cd00000| Untracked 
| 152|0x000000008ce00000, 0x000000008ce00000, 0x000000008cf00000|  0%| F|  |TAMS 0x000000008ce00000| PB 0x000000008ce00000| Untracked 
| 153|0x000000008cf00000, 0x000000008cf00000, 0x000000008d000000|  0%| F|  |TAMS 0x000000008cf00000| PB 0x000000008cf00000| Untracked 
| 154|0x000000008d000000, 0x000000008d000000, 0x000000008d100000|  0%| F|  |TAMS 0x000000008d000000| PB 0x000000008d000000| Untracked 
|1991|0x00000000ffd00000, 0x00000000ffd00000, 0x00000000ffe00000|  0%| F|  |TAMS 0x00000000ffd00000| PB 0x00000000ffd00000| Untracked 
|1992|0x00000000ffe00000, 0x00000000fff00000, 0x00000000fff00000|100%| O|Cm|TAMS 0x00000000ffe00000| PB 0x00000000ffe00000| Complete 
|1993|0x00000000fff00000, 0x0000000100000000, 0x0000000100000000|100%| O|  |TAMS 0x00000000fff00000| PB 0x00000000fff00000| Untracked 

Card table byte_map: [0x000001fa78ee0000,0x000001fa792d0000] _byte_map_base: 0x000001fa78ac5000

Marking Bits: (CMBitMap*) 0x000001fa6b49a160
 Bits: [0x000001fa792d0000, 0x000001fa7b1f8000)

Polling page: 0x000001fa6b110000

Metaspace:

Usage:
  Non-class:     72.54 MB used.
      Class:     12.53 MB used.
       Both:     85.07 MB used.

Virtual space:
  Non-class space:      128.00 MB reserved,      73.31 MB ( 57%) committed,  2 nodes.
      Class space:        1.00 GB reserved,      13.06 MB (  1%) committed,  1 nodes.
             Both:        1.12 GB reserved,      86.38 MB (  7%) committed. 

Chunk freelists:
   Non-Class:  7.09 MB
       Class:  3.12 MB
        Both:  10.22 MB

MaxMetaspaceSize: unlimited
CompressedClassSpaceSize: 1.00 GB
Initial GC threshold: 21.00 MB
Current GC threshold: 144.00 MB
CDS: on
 - commit_granule_bytes: 65536.
 - commit_granule_words: 8192.
 - virtual_space_node_default_size: 8388608.
 - enlarge_chunks_in_place: 1.
 - use_allocation_guard: 0.


Internal statistics:

num_allocs_failed_limit: 8.
num_arena_births: 1616.
num_arena_deaths: 736.
num_vsnodes_births: 3.
num_vsnodes_deaths: 0.
num_space_committed: 1382.
num_space_uncommitted: 0.
num_chunks_returned_to_freelist: 897.
num_chunks_taken_from_freelist: 4946.
num_chunk_merges: 203.
num_chunk_splits: 3384.
num_chunks_enlarged: 2548.
num_inconsistent_stats: 0.

CodeCache: size=49152Kb used=13918Kb max_used=18878Kb free=35233Kb
 bounds [0x000001fa75210000, 0x000001fa764f0000, 0x000001fa78210000]
 total_blobs=8221, nmethods=7460, adapters=683, full_count=0
Compilation: enabled, stopped_count=0, restarted_count=0

Compilation events (20 events):
Event: 10848.412 Thread 0x000001fa7d5645f0 13552       1       jdk.internal.reflect.ClassFileAssembler::opc_invokespecial (26 bytes)
Event: 10848.516 Thread 0x000001fa7d5645f0 nmethod 13552 0x000001fa75504810 code [0x000001fa755049e0, 0x000001fa75504c50]
Event: 10848.516 Thread 0x000001fa7d5645f0 13553       1       jdk.internal.reflect.ClassFileAssembler::emitInt (46 bytes)
Event: 10848.517 Thread 0x000001fa7d5645f0 nmethod 13553 0x000001fa75449110 code [0x000001fa75449300, 0x000001fa754495c8]
Event: 10849.096 Thread 0x000001fa7d5645f0 13554   !   1       java.io.ObjectInputStream::readTypeString (128 bytes)
Event: 10849.415 Thread 0x000001fa7d5645f0 nmethod 13554 0x000001fa7588ed90 code [0x000001fa7588f060, 0x000001fa7588fa18]
Event: 10851.768 Thread 0x000001fa7d5645f0 13555       1       java.lang.Integer::rotateLeft (9 bytes)
Event: 10851.791 Thread 0x000001fa7d5645f0 nmethod 13555 0x000001fa75312790 code [0x000001fa75312920, 0x000001fa753129d8]
Event: 10851.791 Thread 0x000001fa7d5645f0 13556       1       java.lang.invoke.VarHandleByteArrayAsInts$ArrayHandle::index (12 bytes)
Event: 10851.813 Thread 0x000001fa7d5645f0 nmethod 13556 0x000001fa75315a10 code [0x000001fa75315ba0, 0x000001fa75315c90]
Event: 10957.075 Thread 0x000001fa7d5645f0 13557   !   1       java.nio.DirectByteBuffer::<init> (171 bytes)
Event: 10957.116 Thread 0x000001fa7d5645f0 nmethod 13557 0x000001fa754c8090 code [0x000001fa754c8320, 0x000001fa754c8d20]
Event: 10957.116 Thread 0x000001fa7d5645f0 13558       1       jdk.internal.misc.VM::isDirectMemoryPageAligned (4 bytes)
Event: 10957.116 Thread 0x000001fa7d5645f0 nmethod 13558 0x000001fa75320710 code [0x000001fa753208a0, 0x000001fa75320958]
Event: 10957.116 Thread 0x000001fa7d5645f0 13559       1       java.nio.Bits::pageSize (20 bytes)
Event: 10957.119 Thread 0x000001fa7d5645f0 nmethod 13559 0x000001fa75333210 code [0x000001fa753333a0, 0x000001fa75333480]
Event: 10957.119 Thread 0x000001fa7d5645f0 13560   !   1       java.nio.Bits::reserveMemory (232 bytes)
Event: 10957.212 Thread 0x000001fa7d5645f0 nmethod 13560 0x000001fa759fcb10 code [0x000001fa759fce00, 0x000001fa759fd858]
Event: 11066.488 Thread 0x000001fa7d5645f0 13564   !   1       java.util.concurrent.ThreadPoolExecutor::runWorker (187 bytes)
Event: 11067.644 Thread 0x000001fa7d5645f0 nmethod 13564 0x000001fa75585c10 code [0x000001fa75585e80, 0x000001fa755865b0]

GC Heap History (20 events):
Event: 10643.443 GC heap after
{Heap after GC invocations=57 (full 0):
 garbage-first heap   total 161792K, used 54189K [0x0000000083600000, 0x0000000100000000)
  region size 1024K, 1 young (1024K), 1 survivors (1024K)
 Metaspace       used 87219K, committed 88448K, reserved 1179648K
  class space    used 12862K, committed 13376K, reserved 1048576K
}
Event: 10692.355 GC heap before
{Heap before GC invocations=57 (full 0):
 garbage-first heap   total 161792K, used 59309K [0x0000000083600000, 0x0000000100000000)
  region size 1024K, 7 young (7168K), 1 survivors (1024K)
 Metaspace       used 87219K, committed 88448K, reserved 1179648K
  class space    used 12862K, committed 13376K, reserved 1048576K
}
Event: 10692.424 GC heap after
{Heap after GC invocations=58 (full 0):
 garbage-first heap   total 161792K, used 54246K [0x0000000083600000, 0x0000000100000000)
  region size 1024K, 1 young (1024K), 1 survivors (1024K)
 Metaspace       used 87219K, committed 88448K, reserved 1179648K
  class space    used 12862K, committed 13376K, reserved 1048576K
}
Event: 10736.519 GC heap before
{Heap before GC invocations=58 (full 0):
 garbage-first heap   total 161792K, used 60390K [0x0000000083600000, 0x0000000100000000)
  region size 1024K, 7 young (7168K), 1 survivors (1024K)
 Metaspace       used 87219K, committed 88448K, reserved 1179648K
  class space    used 12862K, committed 13376K, reserved 1048576K
}
Event: 10737.588 GC heap after
{Heap after GC invocations=59 (full 0):
 garbage-first heap   total 161792K, used 54441K [0x0000000083600000, 0x0000000100000000)
  region size 1024K, 1 young (1024K), 1 survivors (1024K)
 Metaspace       used 87219K, committed 88448K, reserved 1179648K
  class space    used 12862K, committed 13376K, reserved 1048576K
}
Event: 10784.717 GC heap before
{Heap before GC invocations=59 (full 0):
 garbage-first heap   total 161792K, used 60585K [0x0000000083600000, 0x0000000100000000)
  region size 1024K, 7 young (7168K), 1 survivors (1024K)
 Metaspace       used 87219K, committed 88448K, reserved 1179648K
  class space    used 12862K, committed 13376K, reserved 1048576K
}
Event: 10784.810 GC heap after
{Heap after GC invocations=60 (full 0):
 garbage-first heap   total 161792K, used 54422K [0x0000000083600000, 0x0000000100000000)
  region size 1024K, 1 young (1024K), 1 survivors (1024K)
 Metaspace       used 87219K, committed 88448K, reserved 1179648K
  class space    used 12862K, committed 13376K, reserved 1048576K
}
Event: 10831.536 GC heap before
{Heap before GC invocations=60 (full 0):
 garbage-first heap   total 161792K, used 60566K [0x0000000083600000, 0x0000000100000000)
  region size 1024K, 7 young (7168K), 1 survivors (1024K)
 Metaspace       used 87219K, committed 88448K, reserved 1179648K
  class space    used 12862K, committed 13376K, reserved 1048576K
}
Event: 10835.283 GC heap after
{Heap after GC invocations=61 (full 0):
 garbage-first heap   total 161792K, used 54462K [0x0000000083600000, 0x0000000100000000)
  region size 1024K, 1 young (1024K), 1 survivors (1024K)
 Metaspace       used 87219K, committed 88448K, reserved 1179648K
  class space    used 12862K, committed 13376K, reserved 1048576K
}
Event: 10882.954 GC heap before
{Heap before GC invocations=62 (full 0):
 garbage-first heap   total 161792K, used 60606K [0x0000000083600000, 0x0000000100000000)
  region size 1024K, 7 young (7168K), 1 survivors (1024K)
 Metaspace       used 87111K, committed 88448K, reserved 1179648K
  class space    used 12833K, committed 13376K, reserved 1048576K
}
Event: 10882.992 GC heap after
{Heap after GC invocations=63 (full 0):
 garbage-first heap   total 161792K, used 54466K [0x0000000083600000, 0x0000000100000000)
  region size 1024K, 1 young (1024K), 1 survivors (1024K)
 Metaspace       used 87111K, committed 88448K, reserved 1179648K
  class space    used 12833K, committed 13376K, reserved 1048576K
}
Event: 10929.007 GC heap before
{Heap before GC invocations=63 (full 0):
 garbage-first heap   total 161792K, used 60610K [0x0000000083600000, 0x0000000100000000)
  region size 1024K, 7 young (7168K), 1 survivors (1024K)
 Metaspace       used 87111K, committed 88448K, reserved 1179648K
  class space    used 12833K, committed 13376K, reserved 1048576K
}
Event: 10929.088 GC heap after
{Heap after GC invocations=64 (full 0):
 garbage-first heap   total 161792K, used 54058K [0x0000000083600000, 0x0000000100000000)
  region size 1024K, 1 young (1024K), 1 survivors (1024K)
 Metaspace       used 87111K, committed 88448K, reserved 1179648K
  class space    used 12833K, committed 13376K, reserved 1048576K
}
Event: 10975.037 GC heap before
{Heap before GC invocations=64 (full 0):
 garbage-first heap   total 161792K, used 60202K [0x0000000083600000, 0x0000000100000000)
  region size 1024K, 7 young (7168K), 1 survivors (1024K)
 Metaspace       used 87111K, committed 88448K, reserved 1179648K
  class space    used 12833K, committed 13376K, reserved 1048576K
}
Event: 10975.134 GC heap after
{Heap after GC invocations=65 (full 0):
 garbage-first heap   total 161792K, used 53568K [0x0000000083600000, 0x0000000100000000)
  region size 1024K, 1 young (1024K), 1 survivors (1024K)
 Metaspace       used 87111K, committed 88448K, reserved 1179648K
  class space    used 12833K, committed 13376K, reserved 1048576K
}
Event: 11022.424 GC heap before
{Heap before GC invocations=65 (full 0):
 garbage-first heap   total 161792K, used 59712K [0x0000000083600000, 0x0000000100000000)
  region size 1024K, 7 young (7168K), 1 survivors (1024K)
 Metaspace       used 87111K, committed 88448K, reserved 1179648K
  class space    used 12833K, committed 13376K, reserved 1048576K
}
Event: 11023.055 GC heap after
{Heap after GC invocations=66 (full 0):
 garbage-first heap   total 161792K, used 53284K [0x0000000083600000, 0x0000000100000000)
  region size 1024K, 1 young (1024K), 1 survivors (1024K)
 Metaspace       used 87111K, committed 88448K, reserved 1179648K
  class space    used 12833K, committed 13376K, reserved 1048576K
}
Event: 11069.831 GC heap before
{Heap before GC invocations=66 (full 0):
 garbage-first heap   total 161792K, used 59428K [0x0000000083600000, 0x0000000100000000)
  region size 1024K, 7 young (7168K), 1 survivors (1024K)
 Metaspace       used 87111K, committed 88448K, reserved 1179648K
  class space    used 12833K, committed 13376K, reserved 1048576K
}
Event: 11070.081 GC heap after
{Heap after GC invocations=67 (full 0):
 garbage-first heap   total 161792K, used 53255K [0x0000000083600000, 0x0000000100000000)
  region size 1024K, 1 young (1024K), 1 survivors (1024K)
 Metaspace       used 87111K, committed 88448K, reserved 1179648K
  class space    used 12833K, committed 13376K, reserved 1048576K
}
Event: 11117.585 GC heap before
{Heap before GC invocations=68 (full 0):
 garbage-first heap   total 161792K, used 59399K [0x0000000083600000, 0x0000000100000000)
  region size 1024K, 7 young (7168K), 1 survivors (1024K)
 Metaspace       used 87111K, committed 88448K, reserved 1179648K
  class space    used 12833K, committed 13376K, reserved 1048576K
}

Dll operation events (13 events):
Event: 1.143 Loaded shared library C:\Users\Cyrine\.jdks\temurin-21.0.10\bin\java.dll
Event: 7.757 Loaded shared library C:\Users\Cyrine\.jdks\temurin-21.0.10\bin\zip.dll
Event: 7.764 Loaded shared library C:\Users\Cyrine\.jdks\temurin-21.0.10\bin\instrument.dll
Event: 7.775 Loaded shared library C:\Users\Cyrine\.jdks\temurin-21.0.10\bin\net.dll
Event: 7.780 Loaded shared library C:\Users\Cyrine\.jdks\temurin-21.0.10\bin\nio.dll
Event: 7.784 Loaded shared library C:\Users\Cyrine\.jdks\temurin-21.0.10\bin\zip.dll
Event: 7.887 Loaded shared library C:\Users\Cyrine\.jdks\temurin-21.0.10\bin\jimage.dll
Event: 8.225 Loaded shared library C:\Program Files\JetBrains\IntelliJ IDEA 2024.2.1\bin\breakgen64.dll
Event: 8.242 Loaded shared library C:\Users\Cyrine\.jdks\temurin-21.0.10\bin\extnet.dll
Event: 8.284 Loaded shared library C:\Users\Cyrine\.jdks\temurin-21.0.10\bin\management.dll
Event: 8.309 Loaded shared library C:\Users\Cyrine\.jdks\temurin-21.0.10\bin\management_ext.dll
Event: 8.971 Loaded shared library C:\Users\Cyrine\.jdks\temurin-21.0.10\bin\verify.dll
Event: 20.185 Loaded shared library C:\Users\Cyrine\.jdks\temurin-21.0.10\bin\sunmscapi.dll

Deoptimization events (20 events):
Event: 14.495 Thread 0x000001fa7f21ed20 DEOPT PACKING pc=0x000001fa754d8264 sp=0x00000005050fda70
Event: 14.495 Thread 0x000001fa7f21ed20 DEOPT UNPACKING pc=0x000001fa75264bc2 sp=0x00000005050fcf38 mode 0
Event: 31.026 Thread 0x000001fa7f21ed20 DEOPT PACKING pc=0x000001fa75cd3bdc sp=0x00000005050fc810
Event: 31.026 Thread 0x000001fa7f21ed20 DEOPT UNPACKING pc=0x000001fa75264bc2 sp=0x00000005050fbc98 mode 0
Event: 31.787 Thread 0x000001fa7f21ed20 DEOPT PACKING pc=0x000001fa75439641 sp=0x00000005050fb9e0
Event: 31.787 Thread 0x000001fa7f21ed20 DEOPT UNPACKING pc=0x000001fa75264bc2 sp=0x00000005050faee8 mode 3
Event: 31.957 Thread 0x000001fa7f21ed20 DEOPT PACKING pc=0x000001fa758b2294 sp=0x00000005050fbfe0
Event: 31.957 Thread 0x000001fa7f21ed20 DEOPT UNPACKING pc=0x000001fa75264bc2 sp=0x00000005050fb538 mode 0
Event: 39.054 Thread 0x000001fa7f000b20 DEOPT PACKING pc=0x000001fa75c171bc sp=0x00000005054febf0
Event: 39.054 Thread 0x000001fa7f000b20 DEOPT UNPACKING pc=0x000001fa75264bc2 sp=0x00000005054fe088 mode 0
Event: 39.712 Thread 0x000001fa7e9f9420 DEOPT PACKING pc=0x000001fa75c171bc sp=0x00000005046fe960
Event: 39.712 Thread 0x000001fa7e9f9420 DEOPT UNPACKING pc=0x000001fa75264bc2 sp=0x00000005046fddf8 mode 0
Event: 60.966 Thread 0x000001fa7f000b20 DEOPT PACKING pc=0x000001fa753cb4bc sp=0x00000005054febf0
Event: 60.966 Thread 0x000001fa7f000b20 DEOPT UNPACKING pc=0x000001fa75264bc2 sp=0x00000005054fe088 mode 0
Event: 63.050 Thread 0x000001fa47def800 DEOPT PACKING pc=0x000001fa75f6629c sp=0x00000005063fa990
Event: 63.050 Thread 0x000001fa47def800 DEOPT UNPACKING pc=0x000001fa75264bc2 sp=0x00000005063f9e50 mode 0
Event: 356.241 Thread 0x000001fa47deeae0 DEOPT PACKING pc=0x000001fa7615dd46 sp=0x00000005065fa0e0
Event: 356.241 Thread 0x000001fa47ded0a0 DEOPT PACKING pc=0x000001fa7615dd46 sp=0x00000005067f9a90
Event: 356.242 Thread 0x000001fa47deeae0 DEOPT UNPACKING pc=0x000001fa75264bc2 sp=0x00000005065f9548 mode 0
Event: 356.242 Thread 0x000001fa47ded0a0 DEOPT UNPACKING pc=0x000001fa75264bc2 sp=0x00000005067f8ef8 mode 0

Classes loaded (20 events):
Event: 62.485 Loading class javax/crypto/spec/PSource$PSpecified
Event: 62.485 Loading class javax/crypto/spec/PSource$PSpecified done
Event: 62.485 Loading class javax/crypto/spec/OAEPParameterSpec
Event: 62.486 Loading class javax/crypto/spec/OAEPParameterSpec done
Event: 62.522 Loading class java/util/zip/DeflaterOutputStream
Event: 62.523 Loading class java/util/zip/DeflaterOutputStream done
Event: 62.551 Loading class java/util/zip/GZIPOutputStream
Event: 62.552 Loading class java/util/zip/GZIPOutputStream done
Event: 62.919 Loading class java/util/function/LongSupplier
Event: 62.919 Loading class java/util/function/LongSupplier done
Event: 63.042 Loading class java/math/BigDecimal$StringBuilderHelper
Event: 63.044 Loading class java/math/BigDecimal$StringBuilderHelper done
Event: 83.944 Loading class java/util/concurrent/locks/ReentrantReadWriteLock$Sync$HoldCounter
Event: 83.950 Loading class java/util/concurrent/locks/ReentrantReadWriteLock$Sync$HoldCounter done
Event: 1785.379 Loading class javax/crypto/NoSuchPaddingException
Event: 1785.384 Loading class javax/crypto/NoSuchPaddingException done
Event: 1785.385 Loading class javax/crypto/IllegalBlockSizeException
Event: 1785.386 Loading class javax/crypto/IllegalBlockSizeException done
Event: 1785.387 Loading class javax/crypto/BadPaddingException
Event: 1785.390 Loading class javax/crypto/BadPaddingException done

Classes unloaded (20 events):
Event: 10844.456 Thread 0x000001fa7d5354a0 Unloading class 0x000001fa01b28400 'java/lang/invoke/LambdaForm$MH+0x000001fa01b28400'
Event: 10844.457 Thread 0x000001fa7d5354a0 Unloading class 0x000001fa01b5c000 'java/lang/invoke/LambdaForm$MH+0x000001fa01b5c000'
Event: 10844.457 Thread 0x000001fa7d5354a0 Unloading class 0x000001fa01b6a800 'java/lang/invoke/LambdaForm$MH+0x000001fa01b6a800'
Event: 10844.457 Thread 0x000001fa7d5354a0 Unloading class 0x000001fa01c14800 'java/lang/invoke/LambdaForm$MH+0x000001fa01c14800'
Event: 10844.457 Thread 0x000001fa7d5354a0 Unloading class 0x000001fa01b6b000 'java/lang/invoke/LambdaForm$MH+0x000001fa01b6b000'
Event: 10844.457 Thread 0x000001fa7d5354a0 Unloading class 0x000001fa01b6bc00 'java/lang/invoke/LambdaForm$MH+0x000001fa01b6bc00'
Event: 10844.457 Thread 0x000001fa7d5354a0 Unloading class 0x000001fa01b6c800 'java/lang/invoke/LambdaForm$MH+0x000001fa01b6c800'
Event: 10844.457 Thread 0x000001fa7d5354a0 Unloading class 0x000001fa01b6d000 'java/lang/invoke/LambdaForm$MH+0x000001fa01b6d000'
Event: 10844.457 Thread 0x000001fa7d5354a0 Unloading class 0x000001fa01b70000 'java/lang/invoke/LambdaForm$MH+0x000001fa01b70000'
Event: 10844.457 Thread 0x000001fa7d5354a0 Unloading class 0x000001fa01b94400 'java/lang/invoke/LambdaForm$MH+0x000001fa01b94400'
Event: 10844.457 Thread 0x000001fa7d5354a0 Unloading class 0x000001fa01c14c00 'java/lang/invoke/LambdaForm$MH+0x000001fa01c14c00'
Event: 10844.457 Thread 0x000001fa7d5354a0 Unloading class 0x000001fa01c16400 'java/lang/invoke/LambdaForm$MH+0x000001fa01c16400'
Event: 10844.457 Thread 0x000001fa7d5354a0 Unloading class 0x000001fa01c1a000 'java/lang/invoke/LambdaForm$MH+0x000001fa01c1a000'
Event: 10844.457 Thread 0x000001fa7d5354a0 Unloading class 0x000001fa01c1a800 'java/lang/invoke/LambdaForm$MH+0x000001fa01c1a800'
Event: 10844.457 Thread 0x000001fa7d5354a0 Unloading class 0x000001fa01c1b800 'java/lang/invoke/LambdaForm$MH+0x000001fa01c1b800'
Event: 10844.457 Thread 0x000001fa7d5354a0 Unloading class 0x000001fa01c30800 'java/lang/invoke/LambdaForm$MH+0x000001fa01c30800'
Event: 10844.458 Thread 0x000001fa7d5354a0 Unloading class 0x000001fa01c32400 'java/lang/invoke/LambdaForm$MH+0x000001fa01c32400'
Event: 10844.458 Thread 0x000001fa7d5354a0 Unloading class 0x000001fa01c41c00 'jdk/internal/reflect/GeneratedSerializationConstructorAccessor40'
Event: 10844.459 Thread 0x000001fa7d5354a0 Unloading class 0x000001fa01c42800 'jdk/internal/reflect/GeneratedSerializationConstructorAccessor39'
Event: 10844.459 Thread 0x000001fa7d5354a0 Unloading class 0x000001fa01c43400 'jdk/internal/reflect/GeneratedSerializationConstructorAccessor38'

Classes redefined (0 events):
No events

Internal exceptions (20 events):
Event: 63.058 Thread 0x000001fa47def800 Exception <a 'java/lang/IncompatibleClassChangeError'{0x000000008c7ca268}: Found class java.lang.Object, but interface was expected> (0x000000008c7ca268) 
thrown [s\src\hotspot\share\interpreter\linkResolver.cpp, line 840]
Event: 63.059 Thread 0x000001fa47def800 Exception <a 'java/lang/IncompatibleClassChangeError'{0x000000008c7cb2b8}: Found class java.lang.Object, but interface was expected> (0x000000008c7cb2b8) 
thrown [s\src\hotspot\share\interpreter\linkResolver.cpp, line 840]
Event: 63.059 Thread 0x000001fa47def800 Exception <a 'java/lang/IncompatibleClassChangeError'{0x000000008c7ceca8}: Found class java.lang.Object, but interface was expected> (0x000000008c7ceca8) 
thrown [s\src\hotspot\share\interpreter\linkResolver.cpp, line 840]
Event: 352.343 Thread 0x000001fa47ded0a0 Exception <a 'java/lang/NoSuchMethodError'{0x00000000896e0120}: 'java.lang.Object java.lang.invoke.DelegatingMethodHandle$Holder.reinvoke_L(java.lang.Object, java.lang.Object, java.lang.Object, java.lang.Object, java.lang.Object, int, int)'> (0x00000000896e0120) 
thrown [s\src\hotspot\share\interpreter\linkResolver.cpp, line 773]
Event: 354.358 Thread 0x000001fa47df0520 Exception <a 'java/io/IOException'{0x00000000895cff68}> (0x00000000895cff68) 
thrown [s\src\hotspot\share\prims\jni.cpp, line 520]
Event: 359.774 Thread 0x000001fa47deeae0 Exception <a 'java/io/IOException'{0x000000008d0b2cf0}> (0x000000008d0b2cf0) 
thrown [s\src\hotspot\share\prims\jni.cpp, line 520]
Event: 1540.347 Thread 0x000001fa7efff770 Exception <a 'java/lang/NoSuchMethodError'{0x000000008ab944a0}: static [B.<clinit>()V> (0x000000008ab944a0) 
thrown [s\src\hotspot\share\prims\jni.cpp, line 1111]
Event: 3767.535 Thread 0x000001fa47df3310 Exception <a 'java/io/IOException'{0x000000008beebcd8}> (0x000000008beebcd8) 
thrown [s\src\hotspot\share\prims\jni.cpp, line 520]
Event: 4524.785 Thread 0x000001fa47def800 Exception <a 'java/io/IOException'{0x000000008b2eb948}> (0x000000008b2eb948) 
thrown [s\src\hotspot\share\prims\jni.cpp, line 520]
Event: 4524.802 Thread 0x000001fa47deeae0 Exception <a 'java/io/IOException'{0x000000008b19b6e8}> (0x000000008b19b6e8) 
thrown [s\src\hotspot\share\prims\jni.cpp, line 520]
Event: 5146.884 Thread 0x000001fa47df18d0 Exception <a 'java/io/IOException'{0x000000008b8387e0}> (0x000000008b8387e0) 
thrown [s\src\hotspot\share\prims\jni.cpp, line 520]
Event: 6520.870 Thread 0x000001fa47df39a0 Exception <a 'java/lang/NoSuchMethodError'{0x000000008b810078}: 'java.lang.Object java.lang.invoke.DelegatingMethodHandle$Holder.reinvoke_L(java.lang.Object, int, int, long, java.lang.Object, long, long, long)'> (0x000000008b810078) 
thrown [s\src\hotspot\share\interpreter\linkResolver.cpp, line 773]
Event: 6520.971 Thread 0x000001fa47df39a0 Exception <a 'java/lang/NoSuchMethodError'{0x000000008b833d88}: 'java.lang.Object java.lang.invoke.DelegatingMethodHandle$Holder.reinvoke_L(java.lang.Object, java.lang.Object, java.lang.Object, java.lang.Object, java.lang.Object, java.lang.Object, java.lang.Object, java.lang.Object, java.lang.Object, java.lang.Object, java.lang.Object, java.lang.Object, java.lang.Object, java.lang.Object, int, java.lang.Object, java.lang.Object, java.lang.Object, java.lang.Object, java.lang.Object, java.lang.Object, java.l
Event: 6521.078 Thread 0x000001fa47df39a0 Exception <a 'java/lang/NoSuchMethodError'{0x000000008b88e6e8}: 'java.lang.Object java.lang.invoke.DelegatingMethodHandle$Holder.reinvoke_L(java.lang.Object, java.lang.Object, java.lang.Object, java.lang.Object, java.lang.Object, java.lang.Object, java.lang.Object, java.lang.Object, java.lang.Object, java.lang.Object, java.lang.Object, java.lang.Object, java.lang.Object, java.lang.Object, java.lang.Object, java.lang.Object, java.lang.Object, java.lang.Object, java.lang.Object, java.lang.Object, java.lang.O
Event: 6604.086 Thread 0x000001fa47def800 Exception <a 'java/io/IOException'{0x000000008aca3090}> (0x000000008aca3090) 
thrown [s\src\hotspot\share\prims\jni.cpp, line 520]
Event: 6604.086 Thread 0x000001fa47defe90 Exception <a 'java/io/IOException'{0x000000008acada40}> (0x000000008acada40) 
thrown [s\src\hotspot\share\prims\jni.cpp, line 520]
Event: 7007.872 Thread 0x000001fa47def800 Exception <a 'java/io/IOException'{0x000000008d059fb8}> (0x000000008d059fb8) 
thrown [s\src\hotspot\share\prims\jni.cpp, line 520]
Event: 7007.911 Thread 0x000001fa47df18d0 Exception <a 'java/io/IOException'{0x000000008d0a8100}> (0x000000008d0a8100) 
thrown [s\src\hotspot\share\prims\jni.cpp, line 520]
Event: 9419.028 Thread 0x000001fa47df46c0 Exception <a 'java/lang/NoSuchMethodError'{0x000000008ab98f80}: 'long java.lang.invoke.DelegatingMethodHandle$Holder.reinvoke_L(java.lang.Object, java.lang.Object)'> (0x000000008ab98f80) 
thrown [s\src\hotspot\share\interpreter\linkResolver.cpp, line 773]
Event: 10851.761 Thread 0x000001fa48180680 Exception <a 'java/lang/NoSuchMethodError'{0x000000008cf308b0}: static [B.<clinit>()V> (0x000000008cf308b0) 
thrown [s\src\hotspot\share\prims\jni.cpp, line 1111]

ZGC Phase Switch (0 events):
No events

VM Operations (20 events):
Event: 10882.992 Executing safepoint VM operation: G1CollectForAllocation (G1 Evacuation Pause) done
Event: 10886.800 Executing non-safepoint VM operation: HandshakeAllThreads (HandshakeForDeflation)
Event: 10886.800 Executing non-safepoint VM operation: HandshakeAllThreads (HandshakeForDeflation) done
Event: 10886.801 Executing non-safepoint VM operation: RendezvousGCThreads
Event: 10886.801 Executing non-safepoint VM operation: RendezvousGCThreads done
Event: 10928.961 Executing safepoint VM operation: G1CollectForAllocation (G1 Evacuation Pause)
Event: 10929.088 Executing safepoint VM operation: G1CollectForAllocation (G1 Evacuation Pause) done
Event: 10975.032 Executing safepoint VM operation: G1CollectForAllocation (G1 Evacuation Pause)
Event: 10975.134 Executing safepoint VM operation: G1CollectForAllocation (G1 Evacuation Pause) done
Event: 11022.406 Executing safepoint VM operation: G1CollectForAllocation (G1 Evacuation Pause)
Event: 11023.055 Executing safepoint VM operation: G1CollectForAllocation (G1 Evacuation Pause) done
Event: 11069.819 Executing safepoint VM operation: G1CollectForAllocation (G1 Evacuation Pause)
Event: 11070.084 Executing safepoint VM operation: G1CollectForAllocation (G1 Evacuation Pause) done
Event: 11071.376 Executing safepoint VM operation: G1PauseRemark
Event: 11071.635 Executing safepoint VM operation: G1PauseRemark done
Event: 11071.697 Executing safepoint VM operation: G1PauseCleanup
Event: 11071.711 Executing safepoint VM operation: G1PauseCleanup done
Event: 11081.809 Executing safepoint VM operation: Cleanup
Event: 11081.810 Executing safepoint VM operation: Cleanup done
Event: 11117.435 Executing safepoint VM operation: G1CollectForAllocation (G1 Evacuation Pause)

Memory protections (0 events):
No events

Nmethod flushes (20 events):
Event: 10845.460 Thread 0x000001fa7d5354a0 flushing  nmethod 0x000001fa760fdc10
Event: 10845.460 Thread 0x000001fa7d5354a0 flushing  nmethod 0x000001fa760fdf90
Event: 10845.460 Thread 0x000001fa7d5354a0 flushing  nmethod 0x000001fa76134b10
Event: 10845.460 Thread 0x000001fa7d5354a0 flushing  nmethod 0x000001fa76134e90
Event: 10845.460 Thread 0x000001fa7d5354a0 flushing  nmethod 0x000001fa7616e390
Event: 10845.460 Thread 0x000001fa7d5354a0 flushing  nmethod 0x000001fa7616ef90
Event: 10845.460 Thread 0x000001fa7d5354a0 flushing  nmethod 0x000001fa76170490
Event: 10845.460 Thread 0x000001fa7d5354a0 flushing  nmethod 0x000001fa761cf890
Event: 10845.460 Thread 0x000001fa7d5354a0 flushing  nmethod 0x000001fa761d1a10
Event: 10845.460 Thread 0x000001fa7d5354a0 flushing  nmethod 0x000001fa761d1d10
Event: 10845.460 Thread 0x000001fa7d5354a0 flushing  nmethod 0x000001fa761df710
Event: 10845.460 Thread 0x000001fa7d5354a0 flushing  nmethod 0x000001fa761ed510
Event: 10845.460 Thread 0x000001fa7d5354a0 flushing  nmethod 0x000001fa761eeb10
Event: 10845.460 Thread 0x000001fa7d5354a0 flushing  nmethod 0x000001fa761efb90
Event: 10845.460 Thread 0x000001fa7d5354a0 flushing  nmethod 0x000001fa761f0210
Event: 10845.460 Thread 0x000001fa7d5354a0 flushing  nmethod 0x000001fa761f0510
Event: 10845.460 Thread 0x000001fa7d5354a0 flushing  nmethod 0x000001fa76217d10
Event: 10845.460 Thread 0x000001fa7d5354a0 flushing  nmethod 0x000001fa76218490
Event: 10845.460 Thread 0x000001fa7d5354a0 flushing  nmethod 0x000001fa76219590
Event: 10845.460 Thread 0x000001fa7d5354a0 flushing  nmethod 0x000001fa7621a890

Events (20 events):
Event: 10692.131 Thread 0x000001fa467cbab0 Thread added: 0x000001fa481813a0
Event: 10704.576 Thread 0x000001fa48180d10 Thread exited: 0x000001fa48180d10
Event: 10704.595 Thread 0x000001fa481813a0 Thread exited: 0x000001fa481813a0
Event: 10725.624 Thread 0x000001fa467cbab0 Thread added: 0x000001fa48181a30
Event: 10725.649 Thread 0x000001fa467cbab0 Thread added: 0x000001fa481820c0
Event: 10731.193 Thread 0x000001fa4817e5b0 Thread exited: 0x000001fa4817e5b0
Event: 10732.212 Thread 0x000001fa48181a30 Thread exited: 0x000001fa48181a30
Event: 10736.297 Thread 0x000001fa481820c0 Thread exited: 0x000001fa481820c0
Event: 10737.591 Thread 0x000001fa467cbab0 Thread added: 0x000001fa48181a30
Event: 10737.591 Thread 0x000001fa467cbab0 Thread added: 0x000001fa48180680
Event: 10742.607 Thread 0x000001fa48181a30 Thread exited: 0x000001fa48181a30
Event: 10742.623 Thread 0x000001fa48180680 Thread exited: 0x000001fa48180680
Event: 10745.314 Thread 0x000001fa467cbab0 Thread added: 0x000001fa48180680
Event: 10745.316 Thread 0x000001fa467cbab0 Thread added: 0x000001fa4817e5b0
Event: 10750.329 Thread 0x000001fa48180680 Thread exited: 0x000001fa48180680
Event: 10750.515 Thread 0x000001fa4817e5b0 Thread exited: 0x000001fa4817e5b0
Event: 10771.426 Thread 0x000001fa7e9dfdf0 Thread added: 0x000001fa48180680
Event: 10941.556 Thread 0x000001fa4817ec40 Thread exited: 0x000001fa4817ec40
Event: 10957.013 Thread 0x000001fa7e9dfdf0 Thread added: 0x000001fa48181a30
Event: 11047.984 Thread 0x000001fa48180680 Thread exited: 0x000001fa48180680


Dynamic libraries:
0x00007ff6d9db0000 - 0x00007ff6d9dbe000 	C:\Users\Cyrine\.jdks\temurin-21.0.10\bin\java.exe
0x00007ff9fc560000 - 0x00007ff9fc7c7000 	C:\WINDOWS\SYSTEM32\ntdll.dll
0x00007ff9fab30000 - 0x00007ff9fabf9000 	C:\WINDOWS\System32\KERNEL32.DLL
0x00007ff9f9e20000 - 0x00007ff9fa20f000 	C:\WINDOWS\System32\KERNELBASE.dll
0x00007ff9f9b50000 - 0x00007ff9f9c9b000 	C:\WINDOWS\System32\ucrtbase.dll
0x00007ff9e8cf0000 - 0x00007ff9e8d0e000 	C:\Users\Cyrine\.jdks\temurin-21.0.10\bin\VCRUNTIME140.dll
0x00007ff9e9640000 - 0x00007ff9e9658000 	C:\Users\Cyrine\.jdks\temurin-21.0.10\bin\jli.dll
0x00007ff9fbc30000 - 0x00007ff9fbdf5000 	C:\WINDOWS\System32\USER32.dll
0x00007ff9fa220000 - 0x00007ff9fa247000 	C:\WINDOWS\System32\win32u.dll
0x00007ff9fb290000 - 0x00007ff9fb2bb000 	C:\WINDOWS\System32\GDI32.dll
0x00007ff9dc8c0000 - 0x00007ff9dcb53000 	C:\WINDOWS\WinSxS\amd64_microsoft.windows.common-controls_6595b64144ccf1df_6.0.26100.7309_none_3e05feeae336a044\COMCTL32.dll
0x00007ff9f9990000 - 0x00007ff9f9abc000 	C:\WINDOWS\System32\gdi32full.dll
0x00007ff9fa250000 - 0x00007ff9fa2f3000 	C:\WINDOWS\System32\msvcp_win.dll
0x00007ff9fb100000 - 0x00007ff9fb1a9000 	C:\WINDOWS\System32\msvcrt.dll
0x00007ff9fac00000 - 0x00007ff9fac31000 	C:\WINDOWS\System32\IMM32.DLL
0x0000000051e50000 - 0x0000000051e5c000 	C:\Program Files (x86)\360\Total Security\safemon\SafeWrapper.dll
0x00007ff9fb7a0000 - 0x00007ff9fb854000 	C:\WINDOWS\System32\ADVAPI32.dll
0x00007ff9fb050000 - 0x00007ff9fb0f6000 	C:\WINDOWS\System32\sechost.dll
0x00007ff9fb860000 - 0x00007ff9fb978000 	C:\WINDOWS\System32\RPCRT4.dll
0x00007ff9b13f0000 - 0x00007ff9b149c000 	C:\Program Files (x86)\360\Total Security\safemon\libzdtp64.dll
0x00007ff9fa3d0000 - 0x00007ff9fab23000 	C:\WINDOWS\System32\SHELL32.dll
0x00007ff9f9820000 - 0x00007ff9f998a000 	C:\WINDOWS\System32\wintypes.dll
0x00007ff9fac40000 - 0x00007ff9fafc5000 	C:\WINDOWS\System32\combase.dll
0x00007ff9fa360000 - 0x00007ff9fa3c6000 	C:\WINDOWS\System32\SHLWAPI.dll
0x00007ff9f8fd0000 - 0x00007ff9f8fdb000 	C:\WINDOWS\SYSTEM32\VERSION.dll
0x00007ff9e9cf0000 - 0x00007ff9e9cfc000 	C:\Users\Cyrine\.jdks\temurin-21.0.10\bin\vcruntime140_1.dll
0x00007ff998910000 - 0x00007ff99899d000 	C:\Users\Cyrine\.jdks\temurin-21.0.10\bin\msvcp140.dll
0x00007ff9281d0000 - 0x00007ff928f71000 	C:\Users\Cyrine\.jdks\temurin-21.0.10\bin\server\jvm.dll
0x00007ff9fc080000 - 0x00007ff9fc0f4000 	C:\WINDOWS\System32\WS2_32.dll
0x00007ff9f9510000 - 0x00007ff9f956e000 	C:\WINDOWS\SYSTEM32\POWRPROF.dll
0x00007ff9e3c90000 - 0x00007ff9e3cc5000 	C:\WINDOWS\SYSTEM32\WINMM.dll
0x00007ff9f94f0000 - 0x00007ff9f9504000 	C:\WINDOWS\SYSTEM32\UMPDC.dll
0x00007ff9f83c0000 - 0x00007ff9f83db000 	C:\WINDOWS\SYSTEM32\kernel.appcore.dll
0x00007ff9e8c40000 - 0x00007ff9e8c4a000 	C:\Users\Cyrine\.jdks\temurin-21.0.10\bin\jimage.dll
0x00007ff9f6c80000 - 0x00007ff9f6ec2000 	C:\WINDOWS\SYSTEM32\DBGHELP.DLL
0x00007ff9fb1b0000 - 0x00007ff9fb286000 	C:\WINDOWS\System32\OLEAUT32.dll
0x00007ff9d5470000 - 0x00007ff9d54ac000 	C:\WINDOWS\SYSTEM32\dbgcore.DLL
0x00007ff9f96b0000 - 0x00007ff9f9755000 	C:\WINDOWS\System32\bcryptPrimitives.dll
0x00007ff9c2090000 - 0x00007ff9c209f000 	C:\Users\Cyrine\.jdks\temurin-21.0.10\bin\instrument.dll
0x00007ff9dd4a0000 - 0x00007ff9dd4c0000 	C:\Users\Cyrine\.jdks\temurin-21.0.10\bin\java.dll
0x00007ff9f7220000 - 0x00007ff9f7a7e000 	C:\WINDOWS\SYSTEM32\windows.storage.dll
0x00007ff9fbb30000 - 0x00007ff9fbc25000 	C:\WINDOWS\System32\SHCORE.dll
0x00007ff9f95d0000 - 0x00007ff9f95f9000 	C:\WINDOWS\SYSTEM32\profapi.dll
0x00007ff9c1e90000 - 0x00007ff9c1ea8000 	C:\Users\Cyrine\.jdks\temurin-21.0.10\bin\zip.dll
0x00007ff9de470000 - 0x00007ff9de480000 	C:\Users\Cyrine\.jdks\temurin-21.0.10\bin\net.dll
0x00007ff9eaf20000 - 0x00007ff9eb048000 	C:\WINDOWS\SYSTEM32\WINHTTP.dll
0x00007ff9f8960000 - 0x00007ff9f89cb000 	C:\WINDOWS\system32\mswsock.dll
0x00007ff9d8590000 - 0x00007ff9d85a6000 	C:\Users\Cyrine\.jdks\temurin-21.0.10\bin\nio.dll
0x00007ff9b1a80000 - 0x00007ff9b1a9a000 	C:\Program Files\JetBrains\IntelliJ IDEA 2024.2.1\bin\breakgen64.dll
0x00007ff9f7e90000 - 0x00007ff9f7fbc000 	C:\WINDOWS\SYSTEM32\DNSAPI.dll
0x00007ff9f7df0000 - 0x00007ff9f7e24000 	C:\WINDOWS\SYSTEM32\IPHLPAPI.DLL
0x00007ff9fc100000 - 0x00007ff9fc10a000 	C:\WINDOWS\System32\NSI.dll
0x00007ff9eac90000 - 0x00007ff9eac9b000 	C:\Windows\System32\rasadhlp.dll
0x00007ff9c2220000 - 0x00007ff9c2229000 	C:\Users\Cyrine\.jdks\temurin-21.0.10\bin\extnet.dll
0x00007ff9e92a0000 - 0x00007ff9e9326000 	C:\WINDOWS\System32\fwpuclnt.dll
0x00007ff9de2e0000 - 0x00007ff9de2ea000 	C:\Users\Cyrine\.jdks\temurin-21.0.10\bin\management.dll
0x00007ff9dd4f0000 - 0x00007ff9dd4fc000 	C:\Users\Cyrine\.jdks\temurin-21.0.10\bin\management_ext.dll
0x00007ff9fc230000 - 0x00007ff9fc238000 	C:\WINDOWS\System32\PSAPI.DLL
0x00007ff9f8c20000 - 0x00007ff9f8c3b000 	C:\WINDOWS\SYSTEM32\CRYPTSP.dll
0x00007ff9f8320000 - 0x00007ff9f835a000 	C:\WINDOWS\system32\rsaenh.dll
0x00007ff9f8a10000 - 0x00007ff9f8a3b000 	C:\WINDOWS\SYSTEM32\USERENV.dll
0x00007ff9f95a0000 - 0x00007ff9f95ca000 	C:\WINDOWS\SYSTEM32\bcrypt.dll
0x00007ff9f8c40000 - 0x00007ff9f8c4c000 	C:\WINDOWS\SYSTEM32\CRYPTBASE.dll
0x00007ff9cc930000 - 0x00007ff9cc948000 	C:\WINDOWS\system32\napinsp.dll
0x00007ff9cc220000 - 0x00007ff9cc232000 	C:\WINDOWS\System32\winrnr.dll
0x00007ff9cc1c0000 - 0x00007ff9cc1e2000 	C:\WINDOWS\system32\nlansp_c.dll
0x00007ff9eb420000 - 0x00007ff9eb436000 	C:\WINDOWS\system32\wshbth.dll
0x00007ff9b6570000 - 0x00007ff9b6580000 	C:\Users\Cyrine\.jdks\temurin-21.0.10\bin\verify.dll
0x00007ff9d5550000 - 0x00007ff9d55a6000 	C:\WINDOWS\SYSTEM32\pdh.dll
0x00007ff9fb980000 - 0x00007ff9fbb17000 	C:\WINDOWS\System32\ole32.dll
0x0000000051db0000 - 0x0000000051e48000 	C:\WINDOWS\SYSTEM32\MSVCP100.dll
0x0000000051cd0000 - 0x0000000051da2000 	C:\WINDOWS\SYSTEM32\MSVCR100.dll
0x00007ff97bc10000 - 0x00007ff97ddc2000 	C:\Program Files\Common Files\Microsoft Shared\Office15\mso.dll
0x00007ff9dcc20000 - 0x00007ff9dcc28000 	C:\WINDOWS\SYSTEM32\MSIMG32.dll
0x00007ff9c9180000 - 0x00007ff9c91b8000 	C:\WINDOWS\SYSTEM32\rasman.dll
0x00007ff9dd490000 - 0x00007ff9dd49e000 	C:\Users\Cyrine\.jdks\temurin-21.0.10\bin\sunmscapi.dll
0x00007ff9f9ca0000 - 0x00007ff9f9e17000 	C:\WINDOWS\System32\CRYPT32.dll
0x00007ff9f8e40000 - 0x00007ff9f8e70000 	C:\WINDOWS\SYSTEM32\ncrypt.dll
0x00007ff9f8df0000 - 0x00007ff9f8e2f000 	C:\WINDOWS\SYSTEM32\NTASN1.dll
0x00007ff9c62f0000 - 0x00007ff9c62f8000 	C:\WINDOWS\system32\wshunix.dll
0x00007ff9f8670000 - 0x00007ff9f86b9000 	C:\WINDOWS\SYSTEM32\SspiCli.dll
0x00007ff9a3b60000 - 0x00007ff9a3b86000 	C:\WINDOWS\system32\msscntrs.dll
0x00007ff976bb0000 - 0x00007ff9770b8000 	C:\PROGRA~1\MICROS~2\Office15\OLMAPI32.DLL
0x00007ff9dc6e0000 - 0x00007ff9dc8b9000 	C:\WINDOWS\WinSxS\amd64_microsoft.windows.gdiplus_6595b64144ccf1df_1.1.26100.7309_none_6ef0f1d03dc91a12\gdiplus.dll
0x00007ff9dd440000 - 0x00007ff9dd44b000 	C:\Windows\System32\rasctrs.dll
0x00007ff9a0270000 - 0x00007ff9a0303000 	C:\Program Files (x86)\VMware\VMware Workstation\vmPerfmon.dll
0x00007ff9f4190000 - 0x00007ff9f41a2000 	C:\WINDOWS\System32\perfproc.dll

JVMTI agents:
C:\Program Files\JetBrains\IntelliJ IDEA 2024.2.1\lib\idea_rt.jar path:C:\Users\Cyrine\.jdks\temurin-21.0.10\bin\instrument.dll, loaded, initialized, instrumentlib options:65244:C:\Program Files\JetBrains\IntelliJ IDEA 2024.2.1\bin

dbghelp: loaded successfully - version: 4.0.5 - missing functions: none
symbol engine: initialized successfully - sym options: 0x614 - pdb path: .;C:\Users\Cyrine\.jdks\temurin-21.0.10\bin;C:\WINDOWS\SYSTEM32;C:\WINDOWS\WinSxS\amd64_microsoft.windows.common-controls_6595b64144ccf1df_6.0.26100.7309_none_3e05feeae336a044;C:\Program Files (x86)\360\Total Security\safemon;C:\Users\Cyrine\.jdks\temurin-21.0.10\bin\server;C:\Program Files\JetBrains\IntelliJ IDEA 2024.2.1\bin;C:\PROGRA~1\MICROS~2\Office15;C:\WINDOWS\WinSxS\amd64_microsoft.windows.gdiplus_6595b64144ccf1df_1.1.26100.7309_none_6ef0f1d03dc91a12;C:\Program Files\Common Files\Microsoft Shared\Office15;C:\Program Files (x86)\VMware\VMware Workstation

VM Arguments:
jvm_args: -XX:TieredStopAtLevel=1 -Dspring.output.ansi.enabled=always -Dcom.sun.management.jmxremote -Dspring.jmx.enabled=true -Dspring.liveBeansView.mbeanDomain -Dspring.application.admin.enabled=true -Dmanagement.endpoints.jmx.exposure.include=* -javaagent:C:\Program Files\JetBrains\IntelliJ IDEA 2024.2.1\lib\idea_rt.jar=65244:C:\Program Files\JetBrains\IntelliJ IDEA 2024.2.1\bin -Dfile.encoding=UTF-8 -Dsun.stdout.encoding=UTF-8 -Dsun.stderr.encoding=UTF-8 
java_command: tn.esprit.pi.nexlance.NexLanceApplication
java_class_path (initial): C:\Users\Cyrine\Downloads\PI DEV 4 EME\module_job_offers\Micro_services_benchikh_sirine\service_user\target\classes;C:\Users\Cyrine\.m2\repository\org\springframework\cloud\spring-cloud-starter-netflix-eureka-client\4.1.0\spring-cloud-starter-netflix-eureka-client-4.1.0.jar;C:\Users\Cyrine\.m2\repository\org\springframework\cloud\spring-cloud-starter\4.1.0\spring-cloud-starter-4.1.0.jar;C:\Users\Cyrine\.m2\repository\org\springframework\cloud\spring-cloud-context\4.1.0\spring-cloud-context-4.1.0.jar;C:\Users\Cyrine\.m2\repository\org\springframework\cloud\spring-cloud-commons\4.1.0\spring-cloud-commons-4.1.0.jar;C:\Users\Cyrine\.m2\repository\org\springframework\security\spring-security-rsa\1.1.1\spring-security-rsa-1.1.1.jar;C:\Users\Cyrine\.m2\repository\org\bouncycastle\bcprov-jdk18on\1.74\bcprov-jdk18on-1.74.jar;C:\Users\Cyrine\.m2\repository\org\springframework\cloud\spring-cloud-netflix-eureka-client\4.1.0\spring-cloud-netflix-eureka-client-4.1.0.jar;C:\Users\Cyrine\.m2\repository\org\apache\httpcomponents\client5\httpclient5\5.2.3\httpclient5-5.2.3.jar;C:\Users\Cyrine\.m2\repository\org\apache\httpcomponents\core5\httpcore5\5.2.4\httpcore5-5.2.4.jar;C:\Users\Cyrine\.m2\repository\org\apache\httpcomponents\core5\httpcore5-h2\5.2.4\httpcore5-h2-5.2.4.jar;C:\Users\Cyrine\.m2\repository\com\netflix\eureka\eureka-client\2.0.1\eureka-client-2.0.1.jar;C:\Users\Cyrine\.m2\repository\com\netflix\netflix-commons\netflix-eventbus\0.3.0\netflix-eventbus-0.3.0.jar;C:\Users\Cyrine\.m2\repository\com\netflix\netflix-commons\netflix-infix\0.3.0\netflix-infix-0.3.0.jar;C:\Users\Cyrine\.m2\repository\commons-jxpath\commons-jxpath\1.3\commons-jxpath-1.3.jar;C:\Users\Cyrine\.m2\repository\joda-time\joda-time\2.3\joda-time-2.3.jar;C:\Users\Cyrine\.m2\repository\org\antlr\antlr-runtime\3.4\antlr-runtime-3.4.jar;C:\Users\Cyrine\.m2\repository\org\antlr\stringtemplate\3.2.1\stringtemplate-3.2.1.jar;C:\Users\Cyrine\.m2\repository\antlr\antlr\2.7.7\antlr-2.7.7.jar;C:\Users\Cyrine\.m2\repository\com\google\code\gson\gson\2.10.1\gson-2.10.1.jar;C:\Users\Cyrine\.m2\repository\org\apache\commons\commons-math\2.2\commons-math-2.2.jar;C:\Users\Cyrine\.m2\repository\com\thoughtworks\xstream\xstream\1.4.19\xstream-1.4.19.jar;C:\Users\Cyrine\.m2\repository\io\github\x-stream\mxparser\1.2.2\mxparser-1.2.2.jar;C:\Users\Cyrine\.m2\repository\xmlpull\xmlpull\1.1.3.1\xmlpull-1.1.3.1.jar;C:\Users\Cyrine\.m2\repository\jakarta\inject\jakarta.inject-api\2.0.1\jakarta.inject-api-2.0.1.jar;C:\Users\Cyrine\.m2\repository\jakarta\annotation\jakarta.annotation-api\2.1.1\jakarta.annotation-api-2.1.1.jar;C:\Users\Cyrine\.m2\repository\com\netflix\servo\servo-core\0.12.21\servo-core-0.12.21.jar;C:\Users\Cyrine\.m2\repository\com\google\guava\guava\19.0\guava-19.0.jar;C:\Users\Cyrine\.m2\repository\commons-configuration\commons-configuration\1.10\commons-configuration-1.10.jar;C:\Users\Cyrine\.m2\repository\commons-lang\commons-lang\2.6\commons-lang-2.6.jar;C:\Users\Cyrine\.m2\repository\org\codehaus\jettison\jettison\1.4.0\jettison-1.4.0.jar;C:\Users\Cyrine\.m2\repository\com\netflix\eureka\eureka-core\2.0.1\eureka-core-2.0.1.jar;C:\Users\Cyrine\.m2\repository\com\fasterxml\woodstox\woodstox-core\6.2.1\woodstox-core-6.2.1.jar;C:\Users\Cyrine\.m2\repository\org\codehaus\woodstox\stax2-api\4.2.1\stax2-api-4.2.1.jar;C:\Users\Cyrine\.m2\repository\org\springframework\cloud\spring-cloud-starter-loadbalancer\4.1.0\spring-cloud-starter-loadbalancer-4.1.0.jar;C:\Users\Cyrine\.m2\repository\org\springframework\cloud\spring-cloud-loadbalancer\4.1.0\spring-cloud-loadbalancer-4.1.0.jar;C:\Users\Cyrine\.m2\repository\io\projectreactor\reactor-core\3.6.2\reactor-core-3.6.2.jar;C:\Users\Cyrine\.m2\repository\io\projectreactor\addons\reactor-extra\3.5.1\reactor-extra-3.5.1.jar;C:\Users\Cyrine\.m2\repository\org\springframework\boot\spring-boot-starter-cache\3.2.2\spring-boot-starter-cache-3.2.2.jar;C:\Users\Cyrine\.m2\repository\org\springframework\spring-context-support\6.1.3\spring-context-support-6.1.3.jar;C:\Users\Cyrine\.m2\repository\com\stoyanr\evictor\1.0.0\evictor-1.0.0.jar;C:\Users\Cyrine\.m2\repository\org\springframework\cloud\spring-cloud-starter-config\4.1.0\spring-cloud-starter-config-4.1.0.jar;C:\Users\Cyrine\.m2\repository\org\springframework\cloud\spring-cloud-config-client\4.1.0\spring-cloud-config-client-4.1.0.jar;C:\Users\Cyrine\.m2\repository\org\springframework\boot\spring-boot-starter-data-jpa\3.2.2\spring-boot-starter-data-jpa-3.2.2.jar;C:\Users\Cyrine\.m2\repository\org\springframework\boot\spring-boot-starter-aop\3.2.2\spring-boot-starter-aop-3.2.2.jar;C:\Users\Cyrine\.m2\repository\org\aspectj\aspectjweaver\1.9.21\aspectjweaver-1.9.21.jar;C:\Users\Cyrine\.m2\repository\org\springframework\boot\spring-boot-starter-jdbc\3.2.2\spring-boot-starter-jdbc-3.2.2.jar;C:\Users\Cyrine\.m2\repository\com\zaxxer\HikariCP\5.0.1\HikariCP-5.0.1.jar;C:\Users\Cyrine\.m2\repository\org\springframework\spring-jdbc\6.1.3\spring-jdbc-6.1.3.jar;C:\Users\Cyrine\.m2\repository\org\hibernate\orm\hibernate-core\6.4.1.Final\hibernate-core-6.4.1.Final.jar;C:\Users\Cyrine\.m2\repository\jakarta\persistence\jakarta.persistence-api\3.1.0\jakarta.persistence-api-3.1.0.jar;C:\Users\Cyrine\.m2\repository\jakarta\transaction\jakarta.transaction-api\2.0.1\jakarta.transaction-api-2.0.1.jar;C:\Users\Cyrine\.m2\repository\org\hibernate\common\hibernate-commons-annotations\6.0.6.Final\hibernate-commons-annotations-6.0.6.Final.jar;C:\Users\Cyrine\.m2\repository\io\smallrye\jandex\3.1.2\jandex-3.1.2.jar;C:\Users\Cyrine\.m2\repository\com\fasterxml\classmate\1.6.0\classmate-1.6.0.jar;C:\Users\Cyrine\.m2\repository\net\bytebuddy\byte-buddy\1.14.11\byte-buddy-1.14.11.jar;C:\Users\Cyrine\.m2\repository\org\glassfish\jaxb\jaxb-runtime\4.0.4\jaxb-runtime-4.0.4.jar;C:\Users\Cyrine\.m2\repository\org\antlr\antlr4-runtime\4.13.0\antlr4-runtime-4.13.0.jar;C:\Users\Cyrine\.m2\repository\org\springframework\data\spring-data-jpa\3.2.2\spring-data-jpa-3.2.2.jar;C:\Users\Cyrine\.m2\repository\org\springframework\data\spring-data-commons\3.2.2\spring-data-commons-3.2.2.jar;C:\Users\Cyrine\.m2\repository\org\springframework\spring-orm\6.1.3\spring-orm-6.1.3.jar;C:\Users\Cyrine\.m2\repository\org\springframework\spring-context\6.1.3\spring-context-6.1.3.jar;C:\Users\Cyrine\.m2\repository\org\springframework\spring-tx\6.1.3\spring-tx-6.1.3.jar;C:\Users\Cyrine\.m2\repository\org\springframework\spring-beans\6.1.3\spring-beans-6.1.3.jar;C:\Users\Cyrine\.m2\repository\org\slf4j\slf4j-api\2.0.11\slf4j-api-2.0.11.jar;C:\Users\Cyrine\.m2\repository\org\springframework\spring-aspects\6.1.3\spring-aspects-6.1.3.jar;C:\Users\Cyrine\.m2\repository\org\springframework\boot\spring-boot-starter-web\3.2.2\spring-boot-starter-web-3.2.2.jar;C:\Users\Cyrine\.m2\repository\org\springframework\boot\spring-boot-starter\3.2.2\spring-boot-starter-3.2.2.jar;C:\Users\Cyrine\.m2\repository\org\springframework\boot\spring-boot-starter-logging\3.2.2\spring-boot-starter-logging-3.2.2.jar;C:\Users\Cyrine\.m2\repository\ch\qos\logback\logback-classic\1.4.14\logback-classic-1.4.14.jar;C:\Users\Cyrine\.m2\repository\ch\qos\logback\logback-core\1.4.14\logback-core-1.4.14.jar;C:\Users\Cyrine\.m2\repository\org\apache\logging\log4j\log4j-to-slf4j\2.21.1\log4j-to-slf4j-2.21.1.jar;C:\Users\Cyrine\.m2\repository\org\apache\logging\log4j\log4j-api\2.21.1\log4j-api-2.21.1.jar;C:\Users\Cyrine\.m2\repository\org\slf4j\jul-to-slf4j\2.0.11\jul-to-slf4j-2.0.11.jar;C:\Users\Cyrine\.m2\repository\org\yaml\snakeyaml\2.2\snakeyaml-2.2.jar;C:\Users\Cyrine\.m2\repository\org\springframework\boot\spring-boot-starter-json\3.2.2\spring-boot-starter-json-3.2.2.jar;C:\Users\Cyrine\.m2\repository\com\fasterxml\jackson\datatype\jackson-datatype-jdk8\2.15.3\jackson-datatype-jdk8-2.15.3.jar;C:\Users\Cyrine\.m2\repository\com\fasterxml\jackson\datatype\jackson-datatype-jsr310\2.15.3\jackson-datatype-jsr310-2.15.3.jar;C:\Users\Cyrine\.m2\repository\com\fasterxml\jackson\module\jackson-module-parameter-names\2.15.3\jackson-module-parameter-names-2.15.3.jar;C:\Users\Cyrine\.m2\repository\org\springframework\boot\spring-boot-starter-tomcat\3.2.2\spring-boot-starter-tomcat-3.2.2.jar;C:\Users\Cyrine\.m2\repository\org\apache\tomcat\embed\tomcat-embed-core\10.1.18\tomcat-embed-core-10.1.18.jar;C:\Users\Cyrine\.m2\repository\org\apache\tomcat\embed\tomcat-embed-websocket\10.1.18\tomcat-embed-websocket-10.1.18.jar;C:\Users\Cyrine\.m2\repository\org\springframework\spring-web\6.1.3\spring-web-6.1.3.jar;C:\Users\Cyrine\.m2\repository\io\micrometer\micrometer-observation\1.12.2\micrometer-observation-1.12.2.jar;C:\Users\Cyrine\.m2\repository\io\micrometer\micrometer-commons\1.12.2\micrometer-commons-1.12.2.jar;C:\Users\Cyrine\.m2\repository\org\springframework\spring-webmvc\6.1.3\spring-webmvc-6.1.3.jar;C:\Users\Cyrine\.m2\repository\org\springframework\spring-expression\6.1.3\spring-expression-6.1.3.jar;C:\Users\Cyrine\.m2\repository\org\springframework\boot\spring-boot-starter-validation\3.2.2\spring-boot-starter-validation-3.2.2.jar;C:\Users\Cyrine\.m2\repository\org\apache\tomcat\embed\tomcat-embed-el\10.1.18\tomcat-embed-el-10.1.18.jar;C:\Users\Cyrine\.m2\repository\org\hibernate\validator\hibernate-validator\8.0.1.Final\hibernate-validator-8.0.1.Final.jar;C:\Users\Cyrine\.m2\repository\jakarta\validation\jakarta.validation-api\3.0.2\jakarta.validation-api-3.0.2.jar;C:\Users\Cyrine\.m2\repository\org\springframework\boot\spring-boot-starter-security\3.2.2\spring-boot-starter-security-3.2.2.jar;C:\Users\Cyrine\.m2\repository\org\springframework\spring-aop\6.1.3\spring-aop-6.1.3.jar;C:\Users\Cyrine\.m2\repository\org\springframework\security\spring-security-config\6.2.1\spring-security-config-6.2.1.jar;C:\Users\Cyrine\.m2\repository\org\springframework\security\spring-security-web\6.2.1\spring-security-web-6.2.1.jar;C:\Users\Cyrine\.m2\repository\org\springframework\boot\spring-boot-starter-oauth2-resource-server\3.2.2\spring-boot-starter-oauth2-resource-server-3.2.2.jar;C:\Users\Cyrine\.m2\repository\org\springframework\security\spring-security-core\6.2.1\spring-security-core-6.2.1.jar;C:\Users\Cyrine\.m2\repository\org\springframework\security\spring-security-crypto\6.2.1\spring-security-crypto-6.2.1.jar;C:\Users\Cyrine\.m2\repository\org\springframework\security\spring-security-oauth2-resource-server\6.2.1\spring-security-oauth2-resource-server-6.2.1.jar;C:\Users\Cyrine\.m2\repository\org\springframework\security\spring-security-oauth2-core\6.2.1\spring-security-oauth2-core-6.2.1.jar;C:\Users\Cyrine\.m2\repository\org\springframework\security\spring-security-oauth2-jose\6.2.1\spring-security-oauth2-jose-6.2.1.jar;C:\Users\Cyrine\.m2\repository\com\nimbusds\nimbus-jose-jwt\9.24.4\nimbus-jose-jwt-9.24.4.jar;C:\Users\Cyrine\.m2\repository\com\github\stephenc\jcip\jcip-annotations\1.0-1\jcip-annotations-1.0-1.jar;C:\Users\Cyrine\.m2\repository\org\springframework\boot\spring-boot-starter-oauth2-client\3.2.2\spring-boot-starter-oauth2-client-3.2.2.jar;C:\Users\Cyrine\.m2\repository\org\springframework\security\spring-security-oauth2-client\6.2.1\spring-security-oauth2-client-6.2.1.jar;C:\Users\Cyrine\.m2\repository\com\nimbusds\oauth2-oidc-sdk\9.43.3\oauth2-oidc-sdk-9.43.3.jar;C:\Users\Cyrine\.m2\repository\com\nimbusds\content-type\2.2\content-type-2.2.jar;C:\Users\Cyrine\.m2\repository\com\nimbusds\lang-tag\1.7\lang-tag-1.7.jar;C:\Users\Cyrine\.m2\repository\io\jsonwebtoken\jjwt-api\0.12.3\jjwt-api-0.12.3.jar;C:\Users\Cyrine\.m2\repository\io\jsonwebtoken\jjwt-impl\0.12.3\jjwt-impl-0.12.3.jar;C:\Users\Cyrine\.m2\repository\io\jsonwebtoken\jjwt-jackson\0.12.3\jjwt-jackson-0.12.3.jar;C:\Users\Cyrine\.m2\repository\dev\samstevens\totp\totp\1.7.1\totp-1.7.1.jar;C:\Users\Cyrine\.m2\repository\commons-codec\commons-codec\1.16.0\commons-codec-1.16.0.jar;C:\Users\Cyrine\.m2\repository\com\google\zxing\core\3.4.0\core-3.4.0.jar;C:\Users\Cyrine\.m2\repository\com\google\zxing\javase\3.4.0\javase-3.4.0.jar;C:\Users\Cyrine\.m2\repository\com\beust\jcommander\1.72\jcommander-1.72.jar;C:\Users\Cyrine\.m2\repository\com\github\jai-imageio\jai-imageio-core\1.4.0\jai-imageio-core-1.4.0.jar;C:\Users\Cyrine\.m2\repository\org\keycloak\keycloak-admin-client\23.0.7\keycloak-admin-client-23.0.7.jar;C:\Users\Cyrine\.m2\repository\org\keycloak\keycloak-core\23.0.7\keycloak-core-23.0.7.jar;C:\Users\Cyrine\.m2\repository\org\keycloak\keycloak-common\23.0.7\keycloak-common-23.0.7.jar;C:\Users\Cyrine\.m2\repository\org\jboss\resteasy\resteasy-jaxb-provider\6.2.4.Final\resteasy-jaxb-provider-6.2.4.Final.jar;C:\Users\Cyrine\.m2\repository\org\glassfish\jaxb\codemodel\4.0.4\codemodel-4.0.4.jar;C:\Users\Cyrine\.m2\repository\org\glassfish\jaxb\jaxb-core\4.0.4\jaxb-core-4.0.4.jar;C:\Users\Cyrine\.m2\repository\org\glassfish\jaxb\jaxb-jxc\4.0.4\jaxb-jxc-4.0.4.jar;C:\Users\Cyrine\.m2\repository\org\glassfish\jaxb\txw2\4.0.4\txw2-4.0.4.jar;C:\Users\Cyrine\.m2\repository\org\glassfish\jaxb\jaxb-xjc\4.0.4\jaxb-xjc-4.0.4.jar;C:\Users\Cyrine\.m2\repository\org\glassfish\jaxb\xsom\4.0.4\xsom-4.0.4.jar;C:\Users\Cyrine\.m2\repository\com\sun\istack\istack-commons-runtime\4.1.2\istack-commons-runtime-4.1.2.jar;C:\Users\Cyrine\.m2\repository\com\sun\istack\istack-commons-tools\4.1.2\istack-commons-tools-4.1.2.jar;C:\Users\Cyrine\.m2\repository\com\sun\xml\bind\external\relaxng-datatype\4.0.2\relaxng-datatype-4.0.2.jar;C:\Users\Cyrine\.m2\repository\com\sun\xml\bind\external\rngom\4.0.2\rngom-4.0.2.jar;C:\Users\Cyrine\.m2\repository\org\jboss\resteasy\resteasy-client\6.2.7.Final\resteasy-client-6.2.7.Final.jar;C:\Users\Cyrine\.m2\repository\org\jboss\resteasy\resteasy-client-api\6.2.7.Final\resteasy-client-api-6.2.7.Final.jar;C:\Users\Cyrine\.m2\repository\org\jboss\resteasy\resteasy-core-spi\6.2.7.Final\resteasy-core-spi-6.2.7.Final.jar;C:\Users\Cyrine\.m2\repository\org\jboss\resteasy\resteasy-core\6.2.7.Final\resteasy-core-6.2.7.Final.jar;C:\Users\Cyrine\.m2\repository\org\jboss\jandex\2.4.4.Final\jandex-2.4.4.Final.jar;C:\Users\Cyrine\.m2\repository\jakarta\activation\jakarta.activation-api\2.1.2\jakarta.activation-api-2.1.2.jar;C:\Users\Cyrine\.m2\repository\org\eclipse\angus\angus-activation\2.0.1\angus-activation-2.0.1.jar;C:\Users\Cyrine\.m2\repository\com\ibm\async\asyncutil\0.1.0\asyncutil-0.1.0.jar;C:\Users\Cyrine\.m2\repository\org\jboss\logging\jboss-logging\3.5.3.Final\jboss-logging-3.5.3.Final.jar;C:\Users\Cyrine\.m2\repository\org\apache\httpcomponents\httpclient\4.5.14\httpclient-4.5.14.jar;C:\Users\Cyrine\.m2\repository\org\apache\httpcomponents\httpcore\4.4.16\httpcore-4.4.16.jar;C:\Users\Cyrine\.m2\repository\commons-logging\commons-logging\1.2\commons-logging-1.2.jar;C:\Users\Cyrine\.m2\repository\jakarta\ws\rs\jakarta.ws.rs-api\3.1.0\jakarta.ws.rs-api-3.1.0.jar;C:\Users\Cyrine\.m2\repository\org\reactivestreams\reactive-streams\1.0.4\reactive-streams-1.0.4.jar;C:\Users\Cyrine\.m2\repository\org\jboss\resteasy\resteasy-jackson2-provider\6.2.7.Final\resteasy-jackson2-provider-6.2.7.Final.jar;C:\Users\Cyrine\.m2\repository\com\fasterxml\jackson\core\jackson-core\2.15.3\jackson-core-2.15.3.jar;C:\Users\Cyrine\.m2\repository\com\fasterxml\jackson\core\jackson-annotations\2.15.3\jackson-annotations-2.15.3.jar;C:\Users\Cyrine\.m2\repository\com\fasterxml\jackson\jakarta\rs\jackson-jakarta-rs-base\2.15.3\jackson-jakarta-rs-base-2.15.3.jar;C:\Users\Cyrine\.m2\repository\com\fasterxml\jackson\jakarta\rs\jackson-jakarta-rs-json-provider\2.15.3\jackson-jakarta-rs-json-provider-2.15.3.jar;C:\Users\Cyrine\.m2\repository\com\fasterxml\jackson\module\jackson-module-jakarta-xmlbind-annotations\2.15.3\jackson-module-jakarta-xmlbind-annotations-2.15.3.jar;C:\Users\Cyrine\.m2\repository\com\github\java-json-tools\json-patch\1.13\json-patch-1.13.jar;C:\Users\Cyrine\.m2\repository\com\github\java-json-tools\msg-simple\1.2\msg-simple-1.2.jar;C:\Users\Cyrine\.m2\repository\com\github\java-json-tools\btf\1.3\btf-1.3.jar;C:\Users\Cyrine\.m2\repository\com\github\java-json-tools\jackson-coreutils\2.0\jackson-coreutils-2.0.jar;C:\Users\Cyrine\.m2\repository\org\jboss\resteasy\resteasy-multipart-provider\6.2.7.Final\resteasy-multipart-provider-6.2.7.Final.jar;C:\Users\Cyrine\.m2\repository\jakarta\mail\jakarta.mail-api\2.1.2\jakarta.mail-api-2.1.2.jar;C:\Users\Cyrine\.m2\repository\org\eclipse\angus\angus-mail\2.0.2\angus-mail-2.0.2.jar;C:\Users\Cyrine\.m2\repository\org\apache\james\apache-mime4j-dom\0.8.9\apache-mime4j-dom-0.8.9.jar;C:\Users\Cyrine\.m2\repository\org\apache\james\apache-mime4j-core\0.8.9\apache-mime4j-core-0.8.9.jar;C:\Users\Cyrine\.m2\repository\org\apache\james\apache-mime4j-storage\0.8.9\apache-mime4j-storage-0.8.9.jar;C:\Users\Cyrine\.m2\repository\commons-io\commons-io\2.11.0\commons-io-2.11.0.jar;C:\Users\Cyrine\.m2\repository\org\springframework\boot\spring-boot-devtools\3.2.2\spring-boot-devtools-3.2.2.jar;C:\Users\Cyrine\.m2\repository\org\springframework\boot\spring-boot\3.2.2\spring-boot-3.2.2.jar;C:\Users\Cyrine\.m2\repository\org\springframework\boot\spring-boot-autoconfigure\3.2.2\spring-boot-autoconfigure-3.2.2.jar;C:\Users\Cyrine\.m2\repository\com\mysql\mysql-connector-j\8.3.0\mysql-connector-j-8.3.0.jar;C:\Users\Cyrine\.m2\repository\org\projectlombok\lombok\1.18.30\lombok-1.18.30.jar;C:\Users\Cyrine\.m2\repository\com\fasterxml\jackson\core\jackson-databind\2.15.3\jackson-databind-2.15.3.jar;C:\Users\Cyrine\.m2\repository\jakarta\xml\bind\jakarta.xml.bind-api\4.0.1\jakarta.xml.bind-api-4.0.1.jar;C:\Users\Cyrine\.m2\repository\net\minidev\json-smart\2.5.0\json-smart-2.5.0.jar;C:\Users\Cyrine\.m2\repository\net\minidev\accessors-smart\2.5.0\accessors-smart-2.5.0.jar;C:\Users\Cyrine\.m2\repository\org\ow2\asm\asm\9.3\asm-9.3.jar;C:\Users\Cyrine\.m2\repository\org\springframework\spring-core\6.1.3\spring-core-6.1.3.jar;C:\Users\Cyrine\.m2\repository\org\springframework\spring-jcl\6.1.3\spring-jcl-6.1.3.jar
Launcher Type: SUN_STANDARD

[Global flags]
     intx CICompilerCount                          = 4                                         {product} {ergonomic}
     uint ConcGCThreads                            = 2                                         {product} {ergonomic}
     uint G1ConcRefinementThreads                  = 8                                         {product} {ergonomic}
   size_t G1HeapRegionSize                         = 1048576                                   {product} {ergonomic}
    uintx GCDrainStackTargetSize                   = 64                                        {product} {ergonomic}
   size_t InitialHeapSize                          = 132120576                                 {product} {ergonomic}
     bool ManagementServer                         = true                                      {product} {command line}
   size_t MarkStackSize                            = 4194304                                   {product} {ergonomic}
   size_t MaxHeapSize                              = 2090860544                                {product} {ergonomic}
   size_t MaxNewSize                               = 1254096896                                {product} {ergonomic}
   size_t MinHeapDeltaBytes                        = 1048576                                   {product} {ergonomic}
   size_t MinHeapSize                              = 8388608                                   {product} {ergonomic}
    uintx NonNMethodCodeHeapSize                   = 4096                                   {pd product} {ergonomic}
    uintx NonProfiledCodeHeapSize                  = 0                                      {pd product} {ergonomic}
     bool ProfileInterpreter                       = false                                  {pd product} {command line}
    uintx ProfiledCodeHeapSize                     = 0                                      {pd product} {ergonomic}
   size_t SoftMaxHeapSize                          = 2090860544                             {manageable} {ergonomic}
     intx TieredStopAtLevel                        = 1                                         {product} {command line}
     bool UseCompressedOops                        = true                           {product lp64_product} {ergonomic}
     bool UseG1GC                                  = true                                      {product} {ergonomic}
     bool UseLargePagesIndividualAllocation        = false                                  {pd product} {ergonomic}

Logging:
Log output configuration:
 #0: stdout all=warning uptime,level,tags foldmultilines=false
 #1: stderr all=off uptime,level,tags foldmultilines=false

Release file:
IMPLEMENTOR="Eclipse Adoptium" 
IMPLEMENTOR_VERSION="Temurin-21.0.10+7" 
JAVA_RUNTIME_VERSION="21.0.10+7-LTS" 
JAVA_VERSION="21.0.10" 
JAVA_VERSION_DATE="2026-01-20" 
LIBC="default" 
MODULES="java.base java.compiler java.datatransfer java.xml java.prefs java.desktop java.instrument java.logging java.management java.security.sasl java.naming java.rmi java.management.rmi java.net.http java.scripting java.security.jgss java.transaction.xa java.sql java.sql.rowset java.xml.crypto java.se java.smartcardio jdk.accessibility jdk.internal.jvmstat jdk.attach jdk.charsets jdk.internal.opt jdk.zipfs jdk.compiler jdk.crypto.ec jdk.crypto.cryptoki jdk.crypto.mscapi jdk.dynalink jdk.internal.ed jdk.editpad jdk.hotspot.agent jdk.httpserver jdk.incubator.vector jdk.internal.le jdk.internal.vm.ci jdk.internal.vm.compiler jdk.internal.vm.compiler.management jdk.jartool jdk.javadoc jdk.jcmd jdk.management jdk.management.agent jdk.jconsole jdk.jdeps jdk.jdwp.agent jdk.jdi jdk.jfr jdk.jlink jdk.jpackage jdk.jshell jdk.jsobject jdk.jstatd jdk.localedata jdk.management.jfr jdk.naming.dns jdk.naming.rmi jdk.net jdk.nio.mapmode jdk.random jdk.sctp jdk.security.auth jdk.security.jgss jdk.unsupported jdk.unsupported.desktop jdk.xml.dom" 
OS_ARCH="x86_64" 
OS_NAME="Windows" 
SOURCE=".:git:a633eafe0fcc" 
BUILD_SOURCE="git:458965074606f027bd5afce2cfd5c1055dea0438"
BUILD_SOURCE_REPO="https://github.com/adoptium/temurin-build.git"
SOURCE_REPO="https://github.com/adoptium/jdk21u.git"
FULL_VERSION="21.0.10+7-LTS"
SEMANTIC_VERSION="21.0.10+7"
BUILD_INFO="OS: Windows Server 2022 Version: 10.0"
JVM_VARIANT="Hotspot"
JVM_VERSION="21.0.10+7-LTS"
IMAGE_TYPE="JDK"

Environment Variables:
JAVA_HOME=C:\Users\Cyrine\AppData\Local\Android\Sdk
PATH=C:\Program Files (x86)\VMware\VMware Workstation\bin\;C:\Program Files\nodejs;C:\Program Files\cursor\resources\app\bin;C:\Program Files\Microsoft SQL Server\150\Tools\Binn\;C:\Program Files\Microsoft SQL Server\Client SDK\ODBC\170\Tools\Binn\;C:\Program Files\dotnet\;C:\Program Files\Git\cmd;C:\Program Files\MongoDB\Server\4.0\bin;C:\Program Files\JetBrains\IntelliJ IDEA 2024.2.1\bin;;C:\Program Files\MongoDB\Server\4.0\bin;C:\Users\Cyrine\AppData\Local\Programs\Microsoft VS Code\bin
USERNAME=Cyrine
OS=Windows_NT
PROCESSOR_IDENTIFIER=Intel64 Family 6 Model 165 Stepping 2, GenuineIntel
TMP=C:\Users\Cyrine\AppData\Local\Temp
TEMP=C:\Users\Cyrine\AppData\Local\Temp




Periodic native trim disabled

---------------  S Y S T E M  ---------------

OS:
 Windows 11 , 64 bit Build 26100 (10.0.26100.7309)
OS uptime: 1 days 3:57 hours
Hyper-V role detected

CPU: total 8 (initial active 8) (4 cores per cpu, 2 threads per core) family 6 model 165 stepping 2 microcode 0xf0, cx8, cmov, fxsr, ht, mmx, 3dnowpref, sse, sse2, sse3, ssse3, sse4.1, sse4.2, popcnt, lzcnt, tsc, tscinvbit, avx, avx2, aes, erms, clmul, bmi1, bmi2, adx, fma, vzeroupper, clflush, clflushopt, hv, rdtscp, f16c
Processor Information for the first 8 processors :
  Max Mhz: 2496, Current Mhz: 2496, Mhz Limit: 2496

Memory: 4k page, system-wide physical 7968M (888M free)
TotalPageFile size 32544M (AvailPageFile size 0M)
current process WorkingSet (physical memory assigned to process): 32M, peak: 331M
current process commit charge ("private bytes"): 420M, peak: 452M

vm_info: OpenJDK 64-Bit Server VM (21.0.10+7-LTS) for windows-amd64 JRE (21.0.10+7-LTS), built on 2026-01-20T00:00:00Z by "admin" with MS VC++ 17.12 (VS2022)

END.
