#
# There is insufficient memory for the Java Runtime Environment to continue.
# Native memory allocation (mmap) failed to map 7340032 bytes. Error detail: G1 virtual space
# Possible reasons:
#   The system is out of physical RAM or swap space
#   This process is running with CompressedOops enabled, and the Java Heap may be blocking the growth of the native heap
# Possible solutions:
#   Reduce memory load on the system
#   Increase physical memory or swap space
#   Check if swap backing store is full
#   Decrease Java heap size (-Xmx/-Xms)
#   Decrease number of Java threads
#   Decrease Java thread stack sizes (-Xss)
#   Set larger code cache with -XX:ReservedCodeCacheSize=
#   JVM is running with Unscaled Compressed Oops mode in which the Java heap is
#     placed in the first 4GB address space. The Java Heap base address is the
#     maximum limit for the native heap growth. Please use -XX:HeapBaseMinAddress
#     to set the Java Heap base and to place the Java Heap above 4GB virtual address.
# This output file may be truncated or incomplete.
#
#  Out of Memory Error (os_windows.cpp:3830), pid=41024, tid=8924
#
# JRE version: OpenJDK Runtime Environment JBR-17.0.14+1-1367.22-nomod (17.0.14+1) (build 17.0.14+1-b1367.22)
# Java VM: OpenJDK 64-Bit Server VM JBR-17.0.14+1-1367.22-nomod (17.0.14+1-b1367.22, mixed mode, emulated-client, sharing, tiered, compressed oops, compressed class ptrs, g1 gc, windows-amd64)
# No core dump will be written. Minidumps are not enabled by default on client versions of Windows
#

---------------  S U M M A R Y ------------

Command Line: -XX:TieredStopAtLevel=1 -Dspring.output.ansi.enabled=always -Dcom.sun.management.jmxremote -Dspring.jmx.enabled=true -Dspring.liveBeansView.mbeanDomain -Dspring.application.admin.enabled=true -Dmanagement.endpoints.jmx.exposure.include=* -javaagent:C:\Program Files\JetBrains\IntelliJ IDEA 2024.2.1\lib\idea_rt.jar=57000:C:\Program Files\JetBrains\IntelliJ IDEA 2024.2.1\bin -Dfile.encoding=UTF-8 tn.esprit.pi.nexlance.NexLanceApplication

Host: Intel(R) Core(TM) i5-10300H CPU @ 2.50GHz, 8 cores, 7G,  Windows 11 , 64 bit Build 26100 (10.0.26100.7309)
Time: Fri Apr 10 11:28:43 2026 Paris, Madrid (heure duild 26100 (10.0.26100.7309) elapsed time: 42.292825 seconds (0d 0h 0m 42s)

---------------  T H R E A D  ---------------

Current thread (0x000002897e76cad0):  VMThread "VM Thread" [stack: 0x000000fbd4b00000,0x000000fbd4c00000] [id=8924]

Stack: [0x000000fbd4b00000,0x000000fbd4c00000]
Native frames: (J=compiled Java code, j=interpreted, Vv=VM code, C=native code)
V  [jvm.dll+0x68b969]
V  [jvm.dll+0x84572a]
V  [jvm.dll+0x8473ae]
V  [jvm.dll+0x847a13]
V  [jvm.dll+0x24a83f]
V  [jvm.dll+0x688629]
V  [jvm.dll+0x67cf3a]
V  [jvm.dll+0x30b83b]
V  [jvm.dll+0x312d26]
V  [jvm.dll+0x3630fe]
V  [jvm.dll+0x36333f]
V  [jvm.dll+0x2e18cc]
V  [jvm.dll+0x2e49b6]
V  [jvm.dll+0x2eee7a]
V  [jvm.dll+0x323ca6]
V  [jvm.dll+0x84c11d]
V  [jvm.dll+0x84ce62]
V  [jvm.dll+0x84d38f]
V  [jvm.dll+0x84d774]
V  [jvm.dll+0x84d840]
V  [jvm.dll+0x7f3a1c]
V  [jvm.dll+0x68a7c7]
C  [ucrtbase.dll+0x37b0]
C  [KERNEL32.DLL+0x2e8d7]
C  [ntdll.dll+0x8c53c]

VM_Operation (0x000000fbd47ff630): G1PauseRemark, mode: safepoint, requested by thread 0x00000289710f2eb0


---------------  P R O C E S S  ---------------

Threads class SMR info:
_java_thread_list=0x0000028946fa1dc0, length=22, elements={
0x00000289710874c0, 0x000002897e773880, 0x000002897e775750, 0x000002897e78aa60,
0x000002897e78cf50, 0x000002897e790c10, 0x000002897e7915d0, 0x000002897e792040,
0x000002897e795800, 0x000002897e759510, 0x000002897f46c450, 0x000002897f46c930,
0x000002897f8851a0, 0x000002894514b5c0, 0x00000289451497c0, 0x000002897e77f040,
0x000002897e77e110, 0x000002897e77e620, 0x000002897e780990, 0x000002897e77fa60,
0x00000289467f8f30, 0x00000289467f9450
}

Java Threads: ( => current thread )
  0x00000289710874c0 JavaThread "main" [_thread_blocked, id=47848, stack(0x000000fbd4500000,0x000000fbd4600000)]
  0x000002897e773880 JavaThread "Reference Handler" daemon [_thread_blocked, id=38028, stack(0x000000fbd4c00000,0x000000fbd4d00000)]
  0x000002897e775750 JavaThread "Finalizer" daemon [_thread_blocked, id=25732, stack(0x000000fbd4d00000,0x000000fbd4e00000)]
  0x000002897e78aa60 JavaThread "Signal Dispatcher" daemon [_thread_blocked, id=43232, stack(0x000000fbd4e00000,0x000000fbd4f00000)]
  0x000002897e78cf50 JavaThread "Attach Listener" daemon [_thread_blocked, id=31636, stack(0x000000fbd4f00000,0x000000fbd5000000)]
  0x000002897e790c10 JavaThread "Service Thread" daemon [_thread_blocked, id=51128, stack(0x000000fbd5000000,0x000000fbd5100000)]
  0x000002897e7915d0 JavaThread "Monitor Deflation Thread" daemon [_thread_blocked, id=11176, stack(0x000000fbd5100000,0x000000fbd5200000)]
  0x000002897e792040 JavaThread "C1 CompilerThread0" daemon [_thread_blocked, id=17068, stack(0x000000fbd5200000,0x000000fbd5300000)]
  0x000002897e795800 JavaThread "Sweeper thread" daemon [_thread_blocked, id=21344, stack(0x000000fbd5300000,0x000000fbd5400000)]
  0x000002897e759510 JavaThread "Common-Cleaner" daemon [_thread_blocked, id=21000, stack(0x000000fbd5400000,0x000000fbd5500000)]
  0x000002897f46c450 JavaThread "Monitor Ctrl-Break" daemon [_thread_in_native, id=15492, stack(0x000000fbd5500000,0x000000fbd5600000)]
  0x000002897f46c930 JavaThread "Notification Thread" daemon [_thread_blocked, id=33584, stack(0x000000fbd5600000,0x000000fbd5700000)]
  0x000002897f8851a0 JavaThread "RMI TCP Accept-0" daemon [_thread_in_native, id=27768, stack(0x000000fbd5700000,0x000000fbd5800000)]
  0x000002894514b5c0 JavaThread "Thread-0" [_thread_blocked, id=24300, stack(0x000000fbd6000000,0x000000fbd6100000)]
  0x00000289451497c0 JavaThread "restartedMain" [_thread_blocked, id=46220, stack(0x000000fbd6100000,0x000000fbd6200000)]
  0x000002897e77f040 JavaThread "Catalina-utility-1" [_thread_blocked, id=28052, stack(0x000000fbd6300000,0x000000fbd6400000)]
  0x000002897e77e110 JavaThread "Catalina-utility-2" [_thread_blocked, id=17180, stack(0x000000fbd6500000,0x000000fbd6600000)]
  0x000002897e77e620 JavaThread "container-0" [_thread_blocked, id=43440, stack(0x000000fbd6600000,0x000000fbd6700000)]
  0x000002897e780990 JavaThread "mysql-cj-abandoned-connection-cleanup" daemon [_thread_blocked, id=11076, stack(0x000000fbd6700000,0x000000fbd6800000)]
  0x000002897e77fa60 JavaThread "HikariPool-1:housekeeper" daemon [_thread_blocked, id=30208, stack(0x000000fbd6800000,0x000000fbd6900000)]
  0x00000289467f8f30 JavaThread "C1 CompilerThread1" daemon [_thread_blocked, id=47952, stack(0x000000fbd6b00000,0x000000fbd6c00000)]
  0x00000289467f9450 JavaThread "C1 CompilerThread2" daemon [_thread_blocked, id=26384, stack(0x000000fbd6c00000,0x000000fbd6d00000)]

Other Threads:
=>0x000002897e76cad0 VMThread "VM Thread" [stack: 0x000000fbd4b00000,0x000000fbd4c00000] [id=8924]
  0x000002897f878710 WatcherThread [stack: 0x000000fbd5800000,0x000000fbd5900000] [id=46612]
  0x00000289710e2580 GCTaskThread "GC Thread#0" [stack: 0x000000fbd4600000,0x000000fbd4700000] [id=50580]
  0x000002897fbe5650 GCTaskThread "GC Thread#1" [stack: 0x000000fbd5900000,0x000000fbd5a00000] [id=25672]
  0x000002897fbe5910 GCTaskThread "GC Thread#2" [stack: 0x000000fbd5a00000,0x000000fbd5b00000] [id=43432]
  0x0000028945068400 GCTaskThread "GC Thread#3" [stack: 0x000000fbd5b00000,0x000000fbd5c00000] [id=36004]
  0x0000028945068ad0 GCTaskThread "GC Thread#4" [stack: 0x000000fbd5c00000,0x000000fbd5d00000] [id=19108]
  0x000002894506ada0 GCTaskThread "GC Thread#5" [stack: 0x000000fbd5d00000,0x000000fbd5e00000] [id=26196]
  0x000002894506b060 GCTaskThread "GC Thread#6" [stack: 0x000000fbd5e00000,0x000000fbd5f00000] [id=10916]
  0x000002894506b320 GCTaskThread "GC Thread#7" [stack: 0x000000fbd5f00000,0x000000fbd6000000] [id=28548]
  0x00000289710f2eb0 ConcurrentGCThread "G1 Main Marker" [stack: 0x000000fbd4700000,0x000000fbd4800000] [id=35964]
  0x00000289710f4bb0 ConcurrentGCThread "G1 Conc#0" [stack: 0x000000fbd4800000,0x000000fbd4900000] [id=25376]
  0x0000028945210a80 ConcurrentGCThread "G1 Conc#1" [stack: 0x000000fbd6400000,0x000000fbd6500000] [id=6208]
  0x000002897e622760 ConcurrentGCThread "G1 Refine#0" [stack: 0x000000fbd4900000,0x000000fbd4a00000] [id=38416]
  0x000002897e623d00 ConcurrentGCThread "G1 Service" [stack: 0x000000fbd4a00000,0x000000fbd4b00000] [id=7068]

Threads with active compile tasks:

VM state: at safepoint (normal execution)

VM Mutex/Monitor currently owned by a thread:  ([mutex/lock_event])
[0x0000028971070940] Threads_lock - owner thread: 0x000002897e76cad0
[0x0000028971085b90] Heap_lock - owner thread: 0x00000289710f2eb0

Heap address: 0x0000000083600000, size: 1994 MB, Compressed Oops mode: 32-bit

CDS archive(s) mapped at: [0x0000028900000000-0x0000028900c00000-0x0000028900c00000), size 12582912, SharedBaseAddress: 0x0000028900000000, ArchiveRelocationMode: 1.
Compressed class space mapped at: 0x0000028901000000-0x0000028941000000, reserved size: 1073741824
Narrow klass base: 0x0000028900000000, Narrow klass shift: 0, Narrow klass range: 0x100000000

GC Precious Log:
 CPUs: 8 total, 8 available
 Memory: 7968M
 Large Page Support: Disabled
 NUMA Support: Disabled
 Compressed Oops: Enabled (32-bit)
 Heap Region Size: 1M
 Heap Min Capacity: 8M
 Heap Initial Capacity: 126M
 Heap Max Capacity: 1994M
 Pre-touch: Disabled
 Parallel Workers: 8
 Concurrent Workers: 2
 Concurrent Refinement Workers: 8
 Periodic GC: Disabled

Heap:
 garbage-first heap   total 71680K, used 44447K [0x0000000083600000, 0x0000000100000000)
  region size 1024K, 5 young (5120K), 2 survivors (2048K)
 Metaspace       used 71595K, committed 72192K, reserved 1114112K
  class space    used 10541K, committed 10816K, reserved 1048576K

Heap Regions: E=young(eden), S=young(survivor), O=old, HS=humongous(starts), HC=humongous(continues), CS=collection set, F=free, OA=open archive, CA=closed archive, TAMS=top-at-mark-start (previous, next)
|   0|0x0000000083600000, 0x0000000083700000, 0x0000000083700000|100%|HS|  |TAMS 0x0000000083700000, 0x0000000083600000| Complete 
|   1|0x0000000083700000, 0x0000000083800000, 0x0000000083800000|100%| O|  |TAMS 0x0000000083800000, 0x0000000083700000| Updating 
|   2|0x0000000083800000, 0x0000000083900000, 0x0000000083900000|100%|HS|  |TAMS 0x0000000083900000, 0x0000000083800000| Complete 
|   3|0x0000000083900000, 0x0000000083a00000, 0x0000000083a00000|100%|HS|  |TAMS 0x0000000083a00000, 0x0000000083900000| Complete 
|   4|0x0000000083a00000, 0x0000000083b00000, 0x0000000083b00000|100%| O|  |TAMS 0x0000000083b00000, 0x0000000083a00000| Untracked 
|   5|0x0000000083b00000, 0x0000000083c00000, 0x0000000083c00000|100%| O|  |TAMS 0x0000000083c00000, 0x0000000083b00000| Untracked 
|   6|0x0000000083c00000, 0x0000000083d00000, 0x0000000083d00000|100%| O|  |TAMS 0x0000000083d00000, 0x0000000083c00000| Untracked 
|   7|0x0000000083d00000, 0x0000000083e00000, 0x0000000083e00000|100%| O|  |TAMS 0x0000000083e00000, 0x0000000083d00000| Untracked 
|   8|0x0000000083e00000, 0x0000000083f00000, 0x0000000083f00000|100%| O|  |TAMS 0x0000000083f00000, 0x0000000083e00000| Updating 
|   9|0x0000000083f00000, 0x0000000084000000, 0x0000000084000000|100%| O|  |TAMS 0x0000000084000000, 0x0000000083f00000| Updating 
|  10|0x0000000084000000, 0x0000000084100000, 0x0000000084100000|100%| O|  |TAMS 0x0000000084100000, 0x0000000084000000| Updating 
|  11|0x0000000084100000, 0x0000000084176e00, 0x0000000084200000| 46%| O|  |TAMS 0x0000000084176e00, 0x0000000084100000| Updating 
|  12|0x0000000084200000, 0x0000000084300000, 0x0000000084300000|100%| O|  |TAMS 0x0000000084300000, 0x0000000084200000| Untracked 
|  13|0x0000000084300000, 0x0000000084400000, 0x0000000084400000|100%| O|  |TAMS 0x0000000084400000, 0x0000000084300000| Untracked 
|  14|0x0000000084400000, 0x0000000084500000, 0x0000000084500000|100%| O|  |TAMS 0x0000000084500000, 0x0000000084400000| Untracked 
|  15|0x0000000084500000, 0x0000000084600000, 0x0000000084600000|100%| O|  |TAMS 0x0000000084600000, 0x0000000084500000| Updating 
|  16|0x0000000084600000, 0x0000000084700000, 0x0000000084700000|100%| O|  |TAMS 0x0000000084700000, 0x0000000084600000| Untracked 
|  17|0x0000000084700000, 0x0000000084800000, 0x0000000084800000|100%| O|  |TAMS 0x0000000084800000, 0x0000000084700000| Untracked 
|  18|0x0000000084800000, 0x0000000084900000, 0x0000000084900000|100%| O|  |TAMS 0x0000000084900000, 0x0000000084800000| Updating 
|  19|0x0000000084900000, 0x0000000084a00000, 0x0000000084a00000|100%| O|  |TAMS 0x0000000084a00000, 0x0000000084900000| Untracked 
|  20|0x0000000084a00000, 0x0000000084b00000, 0x0000000084b00000|100%| O|  |TAMS 0x0000000084b00000, 0x0000000084a00000| Updating 
|  21|0x0000000084b00000, 0x0000000084c00000, 0x0000000084c00000|100%| O|  |TAMS 0x0000000084c00000, 0x0000000084b00000| Updating 
|  22|0x0000000084c00000, 0x0000000084d00000, 0x0000000084d00000|100%| O|  |TAMS 0x0000000084d00000, 0x0000000084c00000| Untracked 
|  23|0x0000000084d00000, 0x0000000084e00000, 0x0000000084e00000|100%| O|  |TAMS 0x0000000084e00000, 0x0000000084d00000| Untracked 
|  24|0x0000000084e00000, 0x0000000084f00000, 0x0000000084f00000|100%| O|  |TAMS 0x0000000084f00000, 0x0000000084e00000| Untracked 
|  25|0x0000000084f00000, 0x0000000085000000, 0x0000000085000000|100%| O|  |TAMS 0x0000000085000000, 0x0000000084f00000| Untracked 
|  26|0x0000000085000000, 0x0000000085100000, 0x0000000085100000|100%| O|  |TAMS 0x0000000085100000, 0x0000000085000000| Untracked 
|  27|0x0000000085100000, 0x0000000085200000, 0x0000000085200000|100%| O|  |TAMS 0x0000000085200000, 0x0000000085100000| Updating 
|  28|0x0000000085200000, 0x0000000085300000, 0x0000000085300000|100%| O|  |TAMS 0x0000000085300000, 0x0000000085200000| Untracked 
|  29|0x0000000085300000, 0x0000000085400000, 0x0000000085400000|100%| O|  |TAMS 0x0000000085400000, 0x0000000085300000| Untracked 
|  30|0x0000000085400000, 0x0000000085500000, 0x0000000085500000|100%| O|  |TAMS 0x0000000085500000, 0x0000000085400000| Updating 
|  31|0x0000000085500000, 0x0000000085600000, 0x0000000085600000|100%| O|  |TAMS 0x0000000085600000, 0x0000000085500000| Updating 
|  32|0x0000000085600000, 0x0000000085700000, 0x0000000085700000|100%| O|  |TAMS 0x0000000085700000, 0x0000000085600000| Untracked 
|  33|0x0000000085700000, 0x0000000085800000, 0x0000000085800000|100%| O|  |TAMS 0x0000000085800000, 0x0000000085700000| Untracked 
|  34|0x0000000085800000, 0x0000000085900000, 0x0000000085900000|100%| O|  |TAMS 0x0000000085900000, 0x0000000085800000| Untracked 
|  35|0x0000000085900000, 0x0000000085a00000, 0x0000000085a00000|100%| O|  |TAMS 0x0000000085a00000, 0x0000000085900000| Untracked 
|  36|0x0000000085a00000, 0x0000000085b00000, 0x0000000085b00000|100%| O|  |TAMS 0x0000000085b00000, 0x0000000085a00000| Untracked 
|  37|0x0000000085b00000, 0x0000000085c00000, 0x0000000085c00000|100%| O|  |TAMS 0x0000000085b83a00, 0x0000000085b00000| Untracked 
|  38|0x0000000085c00000, 0x0000000085d00000, 0x0000000085d00000|100%| O|  |TAMS 0x0000000085c00000, 0x0000000085c00000| Untracked 
|  39|0x0000000085d00000, 0x0000000085e00000, 0x0000000085e00000|100%| O|  |TAMS 0x0000000085d00000, 0x0000000085d00000| Untracked 
|  40|0x0000000085e00000, 0x0000000085e49200, 0x0000000085f00000| 28%| O|  |TAMS 0x0000000085e00000, 0x0000000085e00000| Updating 
|  41|0x0000000085f00000, 0x0000000085f00000, 0x0000000086000000|  0%| F|  |TAMS 0x0000000085f00000, 0x0000000085f00000| Untracked 
|  42|0x0000000086000000, 0x0000000086000000, 0x0000000086100000|  0%| F|  |TAMS 0x0000000086000000, 0x0000000086000000| Untracked 
|  43|0x0000000086100000, 0x0000000086100000, 0x0000000086200000|  0%| F|  |TAMS 0x0000000086100000, 0x0000000086100000| Untracked 
|  44|0x0000000086200000, 0x0000000086200000, 0x0000000086300000|  0%| F|  |TAMS 0x0000000086200000, 0x0000000086200000| Untracked 
|  45|0x0000000086300000, 0x0000000086300000, 0x0000000086400000|  0%| F|  |TAMS 0x0000000086300000, 0x0000000086300000| Untracked 
|  46|0x0000000086400000, 0x0000000086400000, 0x0000000086500000|  0%| F|  |TAMS 0x0000000086400000, 0x0000000086400000| Untracked 
|  47|0x0000000086500000, 0x00000000865a7c58, 0x0000000086600000| 65%| S|CS|TAMS 0x0000000086500000, 0x0000000086500000| Complete 
|  48|0x0000000086600000, 0x0000000086600000, 0x0000000086700000|  0%| F|  |TAMS 0x0000000086600000, 0x0000000086600000| Untracked 
|  49|0x0000000086700000, 0x0000000086700000, 0x0000000086800000|  0%| F|  |TAMS 0x0000000086700000, 0x0000000086700000| Untracked 
|  50|0x0000000086800000, 0x0000000086800000, 0x0000000086900000|  0%| F|  |TAMS 0x0000000086800000, 0x0000000086800000| Untracked 
|  51|0x0000000086900000, 0x0000000086a00000, 0x0000000086a00000|100%| S|CS|TAMS 0x0000000086900000, 0x0000000086900000| Complete 
|  52|0x0000000086a00000, 0x0000000086a00000, 0x0000000086b00000|  0%| F|  |TAMS 0x0000000086a00000, 0x0000000086a00000| Untracked 
|  53|0x0000000086b00000, 0x0000000086b00000, 0x0000000086c00000|  0%| F|  |TAMS 0x0000000086b00000, 0x0000000086b00000| Untracked 
|  54|0x0000000086c00000, 0x0000000086c00000, 0x0000000086d00000|  0%| F|  |TAMS 0x0000000086c00000, 0x0000000086c00000| Untracked 
|  55|0x0000000086d00000, 0x0000000086d00000, 0x0000000086e00000|  0%| F|  |TAMS 0x0000000086d00000, 0x0000000086d00000| Untracked 
|  56|0x0000000086e00000, 0x0000000086e00000, 0x0000000086f00000|  0%| F|  |TAMS 0x0000000086e00000, 0x0000000086e00000| Untracked 
|  57|0x0000000086f00000, 0x0000000086f00000, 0x0000000087000000|  0%| F|  |TAMS 0x0000000086f00000, 0x0000000086f00000| Untracked 
|  58|0x0000000087000000, 0x0000000087000000, 0x0000000087100000|  0%| F|  |TAMS 0x0000000087000000, 0x0000000087000000| Untracked 
|  59|0x0000000087100000, 0x0000000087100000, 0x0000000087200000|  0%| F|  |TAMS 0x0000000087100000, 0x0000000087100000| Untracked 
|  60|0x0000000087200000, 0x0000000087200000, 0x0000000087300000|  0%| F|  |TAMS 0x0000000087200000, 0x0000000087200000| Untracked 
|  61|0x0000000087300000, 0x0000000087300000, 0x0000000087400000|  0%| F|  |TAMS 0x0000000087300000, 0x0000000087300000| Untracked 
|  62|0x0000000087400000, 0x0000000087400000, 0x0000000087500000|  0%| F|  |TAMS 0x0000000087400000, 0x0000000087400000| Untracked 
|  63|0x0000000087500000, 0x0000000087500000, 0x0000000087600000|  0%| F|  |TAMS 0x0000000087500000, 0x0000000087500000| Untracked 
| 120|0x000000008ae00000, 0x000000008ae00000, 0x000000008af00000|  0%| F|  |TAMS 0x000000008ae00000, 0x000000008ae00000| Untracked 
| 121|0x000000008af00000, 0x000000008af00000, 0x000000008b000000|  0%| F|  |TAMS 0x000000008af00000, 0x000000008af00000| Untracked 
| 122|0x000000008b000000, 0x000000008b000000, 0x000000008b100000|  0%| F|  |TAMS 0x000000008b000000, 0x000000008b000000| Untracked 
| 123|0x000000008b100000, 0x000000008b150b80, 0x000000008b200000| 31%| E|  |TAMS 0x000000008b100000, 0x000000008b100000| Complete 
| 124|0x000000008b200000, 0x000000008b300000, 0x000000008b300000|100%| E|CS|TAMS 0x000000008b200000, 0x000000008b200000| Complete 
| 125|0x000000008b300000, 0x000000008b400000, 0x000000008b400000|100%| E|CS|TAMS 0x000000008b300000, 0x000000008b300000| Complete 

Card table byte_map: [0x0000028977d30000,0x0000028978120000] _byte_map_base: 0x0000028977915000

Marking Bits (Prev, Next): (CMBitMap*) 0x00000289710e2ba0, (CMBitMap*) 0x00000289710e2be0
 Prev Bits: [0x0000028978510000, 0x000002897a438000)
 Next Bits: [0x000002897a440000, 0x000002897c368000)

Polling page: 0x000002896ef10000

Metaspace:

Usage:
  Non-class:     59.62 MB used.
      Class:     10.29 MB used.
       Both:     69.92 MB used.

Virtual space:
  Non-class space:       64.00 MB reserved,      59.94 MB ( 94%) committed,  1 nodes.
      Class space:        1.00 GB reserved,      10.56 MB (  1%) committed,  1 nodes.
             Both:        1.06 GB reserved,      70.50 MB (  6%) committed. 

Chunk freelists:
   Non-Class:  3.18 MB
       Class:  5.45 MB
        Both:  8.64 MB

MaxMetaspaceSize: unlimited
CompressedClassSpaceSize: 1.00 GB
Initial GC threshold: 21.00 MB
Current GC threshold: 110.56 MB
CDS: on
MetaspaceReclaimPolicy: balanced
 - commit_granule_bytes: 65536.
 - commit_granule_words: 8192.
 - virtual_space_node_default_size: 8388608.
 - enlarge_chunks_in_place: 1.
 - new_chunks_are_fully_committed: 0.
 - uncommit_free_chunks: 1.
 - use_allocation_guard: 0.
 - handle_deallocations: 1.


Internal statistics:

num_allocs_failed_limit: 6.
num_arena_births: 786.
num_arena_deaths: 66.
num_vsnodes_births: 2.
num_vsnodes_deaths: 0.
num_space_committed: 1128.
num_space_uncommitted: 0.
num_chunks_returned_to_freelist: 84.
num_chunks_taken_from_freelist: 3376.
num_chunk_merges: 26.
num_chunk_splits: 2513.
num_chunks_enlarged: 2021.
num_inconsistent_stats: 0.

CodeCache: size=49152Kb used=12319Kb max_used=12319Kb free=36832Kb
 bounds [0x0000028974830000, 0x0000028975440000, 0x0000028977830000]
 total_blobs=7038 nmethods=6379 adapters=583
 compilation: enabled
              stopped_count=0, restarted_count=0
 full_count=0

Compilation events (20 events):
Event: 39.698 Thread 0x00000289467f8f30 6369       1       org.springframework.beans.factory.config.BeanDefinitionHolder::<init> (32 bytes)
Event: 39.698 Thread 0x00000289467f8f30 nmethod 6369 0x0000028975430710 code [0x00000289754308c0, 0x0000028975430bf8]
Event: 39.699 Thread 0x00000289467f8f30 6370       1       org.springframework.asm.ClassReader::readMethod (1061 bytes)
Event: 39.699 Thread 0x000002897e792040 6371       1       sun.reflect.annotation.AnnotationInvocationHandler::hashCodeImpl (69 bytes)
Event: 39.699 Thread 0x00000289467f9450 6372  s    1       org.springframework.beans.PropertyValue::isConverted (5 bytes)
Event: 39.699 Thread 0x00000289467f9450 nmethod 6372 0x0000028975430d10 code [0x0000028975430ea0, 0x0000028975431018]
Event: 39.699 Thread 0x000002897e792040 nmethod 6371 0x0000028975431090 code [0x00000289754312a0, 0x0000028975431558]
Event: 39.700 Thread 0x000002897e792040 6373       1       org.springframework.aop.support.AopUtils::canApply (53 bytes)
Event: 39.700 Thread 0x000002897e792040 nmethod 6373 0x0000028975431710 code [0x0000028975431900, 0x0000028975431c18]
Event: 39.701 Thread 0x000002897e792040 6374       1       org.springframework.beans.PropertyEditorRegistrySupport::getConversionService (5 bytes)
Event: 39.701 Thread 0x000002897e792040 nmethod 6374 0x0000028975431d10 code [0x0000028975431ea0, 0x0000028975431f78]
Event: 39.702 Thread 0x000002897e792040 6375       1       org.springframework.core.MethodParameter::clone (9 bytes)
Event: 39.702 Thread 0x000002897e792040 nmethod 6375 0x0000028975432010 code [0x00000289754321a0, 0x00000289754322e8]
Event: 39.702 Thread 0x00000289467f8f30 nmethod 6370 0x0000028975432390 code [0x0000028975432880, 0x0000028975435198]
Event: 39.703 Thread 0x00000289467f8f30 6377       1       org.springframework.data.mapping.model.BasicPersistentEntity::getType (10 bytes)
Event: 39.703 Thread 0x00000289467f8f30 nmethod 6377 0x0000028975436f90 code [0x0000028975437120, 0x0000028975437208]
Event: 39.704 Thread 0x00000289467f8f30 6378   !   1       jdk.proxy2.$Proxy123::annotationType (29 bytes)
Event: 39.704 Thread 0x00000289467f8f30 nmethod 6378 0x0000028975437290 code [0x0000028975437440, 0x0000028975437658]
Event: 39.706 Thread 0x00000289467f8f30 6379       1       org.springframework.data.util.Streamable::stream (11 bytes)
Event: 39.706 Thread 0x00000289467f8f30 nmethod 6379 0x0000028975437790 code [0x0000028975437960, 0x0000028975437bd8]

GC Heap History (20 events):
Event: 21.106 GC heap before
{Heap before GC invocations=11 (full 0):
 garbage-first heap   total 71680K, used 54410K [0x0000000083600000, 0x0000000100000000)
  region size 1024K, 27 young (27648K), 4 survivors (4096K)
 Metaspace       used 39351K, committed 39808K, reserved 1114112K
  class space    used 5569K, committed 5760K, reserved 1048576K
}
Event: 21.109 GC heap after
{Heap after GC invocations=12 (full 0):
 garbage-first heap   total 71680K, used 32314K [0x0000000083600000, 0x0000000100000000)
  region size 1024K, 2 young (2048K), 2 survivors (2048K)
 Metaspace       used 39351K, committed 39808K, reserved 1114112K
  class space    used 5569K, committed 5760K, reserved 1048576K
}
Event: 21.724 GC heap before
{Heap before GC invocations=12 (full 0):
 garbage-first heap   total 71680K, used 54842K [0x0000000083600000, 0x0000000100000000)
  region size 1024K, 24 young (24576K), 2 survivors (2048K)
 Metaspace       used 43462K, committed 43904K, reserved 1114112K
  class space    used 6374K, committed 6592K, reserved 1048576K
}
Event: 21.726 GC heap after
{Heap after GC invocations=13 (full 0):
 garbage-first heap   total 71680K, used 33296K [0x0000000083600000, 0x0000000100000000)
  region size 1024K, 3 young (3072K), 3 survivors (3072K)
 Metaspace       used 43462K, committed 43904K, reserved 1114112K
  class space    used 6374K, committed 6592K, reserved 1048576K
}
Event: 22.527 GC heap before
{Heap before GC invocations=13 (full 0):
 garbage-first heap   total 71680K, used 55824K [0x0000000083600000, 0x0000000100000000)
  region size 1024K, 25 young (25600K), 3 survivors (3072K)
 Metaspace       used 47181K, committed 47680K, reserved 1114112K
  class space    used 7025K, committed 7232K, reserved 1048576K
}
Event: 22.530 GC heap after
{Heap after GC invocations=14 (full 0):
 garbage-first heap   total 71680K, used 34172K [0x0000000083600000, 0x0000000100000000)
  region size 1024K, 3 young (3072K), 3 survivors (3072K)
 Metaspace       used 47181K, committed 47680K, reserved 1114112K
  class space    used 7025K, committed 7232K, reserved 1048576K
}
Event: 24.327 GC heap before
{Heap before GC invocations=14 (full 0):
 garbage-first heap   total 71680K, used 56700K [0x0000000083600000, 0x0000000100000000)
  region size 1024K, 25 young (25600K), 3 survivors (3072K)
 Metaspace       used 52570K, committed 53056K, reserved 1114112K
  class space    used 7708K, committed 7936K, reserved 1048576K
}
Event: 24.333 GC heap after
{Heap after GC invocations=15 (full 0):
 garbage-first heap   total 71680K, used 36628K [0x0000000083600000, 0x0000000100000000)
  region size 1024K, 4 young (4096K), 4 survivors (4096K)
 Metaspace       used 52570K, committed 53056K, reserved 1114112K
  class space    used 7708K, committed 7936K, reserved 1048576K
}
Event: 25.703 GC heap before
{Heap before GC invocations=16 (full 0):
 garbage-first heap   total 71680K, used 56084K [0x0000000083600000, 0x0000000100000000)
  region size 1024K, 24 young (24576K), 4 survivors (4096K)
 Metaspace       used 56303K, committed 56832K, reserved 1114112K
  class space    used 8229K, committed 8448K, reserved 1048576K
}
Event: 25.706 GC heap after
{Heap after GC invocations=17 (full 0):
 garbage-first heap   total 71680K, used 37557K [0x0000000083600000, 0x0000000100000000)
  region size 1024K, 2 young (2048K), 2 survivors (2048K)
 Metaspace       used 56303K, committed 56832K, reserved 1114112K
  class space    used 8229K, committed 8448K, reserved 1048576K
}
Event: 27.186 GC heap before
{Heap before GC invocations=17 (full 0):
 garbage-first heap   total 71680K, used 55989K [0x0000000083600000, 0x0000000100000000)
  region size 1024K, 21 young (21504K), 2 survivors (2048K)
 Metaspace       used 62041K, committed 62528K, reserved 1114112K
  class space    used 9061K, committed 9280K, reserved 1048576K
}
Event: 27.188 GC heap after
{Heap after GC invocations=18 (full 0):
 garbage-first heap   total 71680K, used 38148K [0x0000000083600000, 0x0000000100000000)
  region size 1024K, 2 young (2048K), 2 survivors (2048K)
 Metaspace       used 62041K, committed 62528K, reserved 1114112K
  class space    used 9061K, committed 9280K, reserved 1048576K
}
Event: 28.195 GC heap before
{Heap before GC invocations=19 (full 0):
 garbage-first heap   total 71680K, used 57604K [0x0000000083600000, 0x0000000100000000)
  region size 1024K, 21 young (21504K), 2 survivors (2048K)
 Metaspace       used 63545K, committed 64128K, reserved 1114112K
  class space    used 9416K, committed 9664K, reserved 1048576K
}
Event: 28.197 GC heap after
{Heap after GC invocations=20 (full 0):
 garbage-first heap   total 71680K, used 38534K [0x0000000083600000, 0x0000000100000000)
  region size 1024K, 2 young (2048K), 2 survivors (2048K)
 Metaspace       used 63545K, committed 64128K, reserved 1114112K
  class space    used 9416K, committed 9664K, reserved 1048576K
}
Event: 32.253 GC heap before
{Heap before GC invocations=20 (full 0):
 garbage-first heap   total 71680K, used 57990K [0x0000000083600000, 0x0000000100000000)
  region size 1024K, 22 young (22528K), 2 survivors (2048K)
 Metaspace       used 67358K, committed 67904K, reserved 1114112K
  class space    used 9983K, committed 10240K, reserved 1048576K
}
Event: 32.255 GC heap after
{Heap after GC invocations=21 (full 0):
 garbage-first heap   total 71680K, used 39391K [0x0000000083600000, 0x0000000100000000)
  region size 1024K, 3 young (3072K), 3 survivors (3072K)
 Metaspace       used 67358K, committed 67904K, reserved 1114112K
  class space    used 9983K, committed 10240K, reserved 1048576K
}
Event: 37.471 GC heap before
{Heap before GC invocations=22 (full 0):
 garbage-first heap   total 71680K, used 58847K [0x0000000083600000, 0x0000000100000000)
  region size 1024K, 22 young (22528K), 3 survivors (3072K)
 Metaspace       used 70557K, committed 71104K, reserved 1114112K
  class space    used 10412K, committed 10624K, reserved 1048576K
}
Event: 37.475 GC heap after
{Heap after GC invocations=23 (full 0):
 garbage-first heap   total 71680K, used 40886K [0x0000000083600000, 0x0000000100000000)
  region size 1024K, 3 young (3072K), 3 survivors (3072K)
 Metaspace       used 70557K, committed 71104K, reserved 1114112K
  class space    used 10412K, committed 10624K, reserved 1048576K
}
Event: 39.660 GC heap before
{Heap before GC invocations=23 (full 0):
 garbage-first heap   total 71680K, used 59318K [0x0000000083600000, 0x0000000100000000)
  region size 1024K, 21 young (21504K), 3 survivors (3072K)
 Metaspace       used 71605K, committed 72192K, reserved 1114112K
  class space    used 10550K, committed 10816K, reserved 1048576K
}
Event: 39.686 GC heap after
{Heap after GC invocations=24 (full 0):
 garbage-first heap   total 71680K, used 42399K [0x0000000083600000, 0x0000000100000000)
  region size 1024K, 2 young (2048K), 2 survivors (2048K)
 Metaspace       used 71605K, committed 72192K, reserved 1114112K
  class space    used 10550K, committed 10816K, reserved 1048576K
}

Dll operation events (3 events):
Event: 0.074 Loaded shared library C:\Users\Cyrine\.jdks\jbr-17.0.14\bin\java.dll
Event: 0.115 Loaded shared library C:\Users\Cyrine\.jdks\jbr-17.0.14\bin\jsvml.dll
Event: 0.972 Loaded shared library C:\Users\Cyrine\.jdks\jbr-17.0.14\bin\zip.dll

Deoptimization events (6 events):
Event: 14.585 Thread 0x00000289451497c0 DEOPT PACKING pc=0x0000028974e91cec sp=0x000000fbd61fb5a0
Event: 14.585 Thread 0x00000289451497c0 DEOPT UNPACKING pc=0x0000028974887143 sp=0x000000fbd61faa60 mode 0
Event: 19.226 Thread 0x000002897e77f040 DEOPT PACKING pc=0x0000028974ba3897 sp=0x000000fbd63febd0
Event: 19.226 Thread 0x000002897e77f040 DEOPT UNPACKING pc=0x0000028974887143 sp=0x000000fbd63fe028 mode 3
Event: 19.226 Thread 0x000002897e77e110 DEOPT PACKING pc=0x0000028974bbdd81 sp=0x000000fbd65ff300
Event: 19.226 Thread 0x000002897e77e110 DEOPT UNPACKING pc=0x0000028974887143 sp=0x000000fbd65fe798 mode 3

Classes loaded (20 events):
Event: 35.261 Loading class java/lang/Package$1PackageInfoProxy
Event: 35.274 Loading class java/lang/Package$1PackageInfoProxy done
Event: 37.432 Loading class java/util/regex/Pattern$Behind
Event: 37.450 Loading class java/util/regex/Pattern$Behind done
Event: 37.483 Loading class java/lang/invoke/SerializedLambda
Event: 37.489 Loading class java/lang/invoke/SerializedLambda done
Event: 38.306 Loading class java/util/EnumMap$EntrySet
Event: 38.314 Loading class java/util/EnumMap$EntrySet done
Event: 38.314 Loading class java/util/EnumMap$EntryIterator
Event: 38.314 Loading class java/util/EnumMap$EnumMapIterator
Event: 38.314 Loading class java/util/EnumMap$EnumMapIterator done
Event: 38.314 Loading class java/util/EnumMap$EntryIterator done
Event: 39.460 Loading class sun/reflect/ReflectionFactory
Event: 39.479 Loading class sun/reflect/ReflectionFactory done
Event: 39.479 Loading class sun/reflect/ReflectionFactory$1
Event: 39.479 Loading class sun/reflect/ReflectionFactory$1 done
Event: 39.479 Loading class java/io/OptionalDataException
Event: 39.493 Loading class java/io/OptionalDataException done
Event: 39.616 Loading class java/lang/invoke/MethodHandleImpl$CountingWrapper$1
Event: 39.627 Loading class java/lang/invoke/MethodHandleImpl$CountingWrapper$1 done

Classes unloaded (20 events):
Event: 32.278 Thread 0x000002897e76cad0 Unloading class 0x0000028901007c00 'jdk/internal/reflect/GeneratedConstructorAccessor1'
Event: 39.710 Thread 0x000002897e76cad0 Unloading class 0x0000028901420000 'jdk/internal/reflect/GeneratedConstructorAccessor13'
Event: 39.710 Thread 0x000002897e76cad0 Unloading class 0x00000289013d6000 'jdk/internal/reflect/GeneratedConstructorAccessor9'
Event: 39.710 Thread 0x000002897e76cad0 Unloading class 0x00000289013d5c00 'jdk/internal/reflect/GeneratedConstructorAccessor8'
Event: 39.710 Thread 0x000002897e76cad0 Unloading class 0x00000289013d5800 'jdk/internal/reflect/GeneratedConstructorAccessor7'
Event: 39.710 Thread 0x000002897e76cad0 Unloading class 0x00000289013cc000 'jdk/internal/reflect/GeneratedConstructorAccessor6'
Event: 39.710 Thread 0x000002897e76cad0 Unloading class 0x00000289012edc00 'java/lang/invoke/LambdaForm$MH+0x00000289012edc00'
Event: 39.710 Thread 0x000002897e76cad0 Unloading class 0x00000289012ed800 'java/lang/invoke/LambdaForm$MH+0x00000289012ed800'
Event: 39.710 Thread 0x000002897e76cad0 Unloading class 0x00000289012ed400 'java/lang/invoke/LambdaForm$MH+0x00000289012ed400'
Event: 39.710 Thread 0x000002897e76cad0 Unloading class 0x00000289012ed000 'java/lang/invoke/LambdaForm$MH+0x00000289012ed000'
Event: 39.710 Thread 0x000002897e76cad0 Unloading class 0x00000289012ecc00 'java/lang/invoke/LambdaForm$MH+0x00000289012ecc00'
Event: 39.710 Thread 0x000002897e76cad0 Unloading class 0x00000289012ec800 'java/lang/invoke/LambdaForm$MH+0x00000289012ec800'
Event: 39.710 Thread 0x000002897e76cad0 Unloading class 0x00000289012ec400 'java/lang/invoke/LambdaForm$MH+0x00000289012ec400'
Event: 39.710 Thread 0x000002897e76cad0 Unloading class 0x00000289012ec000 'java/lang/invoke/LambdaForm$MH+0x00000289012ec000'
Event: 39.710 Thread 0x000002897e76cad0 Unloading class 0x00000289011da800 'java/lang/invoke/LambdaForm$MH+0x00000289011da800'
Event: 39.710 Thread 0x000002897e76cad0 Unloading class 0x00000289011ca000 'java/lang/invoke/LambdaForm$DMH+0x00000289011ca000'
Event: 39.710 Thread 0x000002897e76cad0 Unloading class 0x00000289011c9800 'java/lang/invoke/LambdaForm$DMH+0x00000289011c9800'
Event: 39.710 Thread 0x000002897e76cad0 Unloading class 0x00000289011c9000 'java/lang/invoke/LambdaForm$DMH+0x00000289011c9000'
Event: 39.710 Thread 0x000002897e76cad0 Unloading class 0x00000289011c0800 'java/lang/invoke/LambdaForm$DMH+0x00000289011c0800'
Event: 39.710 Thread 0x000002897e76cad0 Unloading class 0x0000028901194000 'java/lang/invoke/LambdaForm$DMH+0x0000028901194000'

Classes redefined (0 events):
No events

Internal exceptions (20 events):
Event: 33.666 Thread 0x00000289451497c0 Exception <a 'java/lang/IncompatibleClassChangeError'{0x0000000087410978}: Found class java.lang.Object, but interface was expected> (0x0000000087410978) 
thrown [s\src\hotspot\share\interpreter\linkResolver.cpp, line 838]
Event: 37.081 Thread 0x00000289451497c0 Exception <a 'java/lang/reflect/InvocationTargetException'{0x0000000086ad2c00}> (0x0000000086ad2c00) 
thrown [s\src\hotspot\share\runtime\reflection.cpp, line 1134]
Event: 37.349 Thread 0x00000289451497c0 Exception <a 'java/lang/IncompatibleClassChangeError'{0x00000000869b68e0}: Found class java.lang.Object, but interface was expected> (0x00000000869b68e0) 
thrown [s\src\hotspot\share\interpreter\linkResolver.cpp, line 838]
Event: 37.415 Thread 0x00000289451497c0 Exception <a 'java/lang/reflect/InvocationTargetException'{0x00000000869d3640}> (0x00000000869d3640) 
thrown [s\src\hotspot\share\runtime\reflection.cpp, line 1134]
Event: 37.416 Thread 0x00000289451497c0 Exception <a 'java/lang/reflect/InvocationTargetException'{0x00000000869daf30}> (0x00000000869daf30) 
thrown [s\src\hotspot\share\runtime\reflection.cpp, line 1134]
Event: 37.431 Thread 0x00000289451497c0 Exception <a 'java/lang/reflect/InvocationTargetException'{0x00000000869e4050}> (0x00000000869e4050) 
thrown [s\src\hotspot\share\runtime\reflection.cpp, line 1134]
Event: 37.476 Thread 0x00000289451497c0 Exception <a 'java/lang/reflect/InvocationTargetException'{0x000000008b309d38}> (0x000000008b309d38) 
thrown [s\src\hotspot\share\runtime\reflection.cpp, line 1134]
Event: 37.477 Thread 0x00000289451497c0 Exception <a 'java/lang/reflect/InvocationTargetException'{0x000000008b3138f8}> (0x000000008b3138f8) 
thrown [s\src\hotspot\share\runtime\reflection.cpp, line 1134]
Event: 37.478 Thread 0x00000289451497c0 Exception <a 'java/lang/reflect/InvocationTargetException'{0x000000008b31f840}> (0x000000008b31f840) 
thrown [s\src\hotspot\share\runtime\reflection.cpp, line 1134]
Event: 37.478 Thread 0x00000289451497c0 Exception <a 'java/lang/reflect/InvocationTargetException'{0x000000008b328d68}> (0x000000008b328d68) 
thrown [s\src\hotspot\share\runtime\reflection.cpp, line 1134]
Event: 38.315 Thread 0x00000289451497c0 Exception <a 'java/lang/NoSuchMethodError'{0x000000008af03220}: 'java.lang.Object java.lang.invoke.DirectMethodHandle$Holder.invokeVirtual(java.lang.Object, java.lang.Object, java.lang.Object, int)'> (0x000000008af03220) 
thrown [s\src\hotspot\share\interpreter\linkResolver.cpp, line 771]
Event: 39.091 Thread 0x00000289451497c0 Exception <a 'java/lang/reflect/InvocationTargetException'{0x000000008724acb8}> (0x000000008724acb8) 
thrown [s\src\hotspot\share\runtime\reflection.cpp, line 1134]
Event: 39.091 Thread 0x00000289451497c0 Exception <a 'java/lang/reflect/InvocationTargetException'{0x0000000087253bb8}> (0x0000000087253bb8) 
thrown [s\src\hotspot\share\runtime\reflection.cpp, line 1134]
Event: 39.092 Thread 0x00000289451497c0 Exception <a 'java/lang/reflect/InvocationTargetException'{0x000000008725ca08}> (0x000000008725ca08) 
thrown [s\src\hotspot\share\runtime\reflection.cpp, line 1134]
Event: 39.092 Thread 0x00000289451497c0 Exception <a 'java/lang/reflect/InvocationTargetException'{0x0000000087265808}> (0x0000000087265808) 
thrown [s\src\hotspot\share\runtime\reflection.cpp, line 1134]
Event: 39.092 Thread 0x00000289451497c0 Exception <a 'java/lang/reflect/InvocationTargetException'{0x000000008726eb78}> (0x000000008726eb78) 
thrown [s\src\hotspot\share\runtime\reflection.cpp, line 1134]
Event: 39.093 Thread 0x00000289451497c0 Exception <a 'java/lang/reflect/InvocationTargetException'{0x000000008727b950}> (0x000000008727b950) 
thrown [s\src\hotspot\share\runtime\reflection.cpp, line 1134]
Event: 39.094 Thread 0x00000289451497c0 Exception <a 'java/lang/reflect/InvocationTargetException'{0x0000000087283bf0}> (0x0000000087283bf0) 
thrown [s\src\hotspot\share\runtime\reflection.cpp, line 1134]
Event: 39.260 Thread 0x00000289451497c0 Exception <a 'java/lang/NoSuchMethodError'{0x000000008716c338}: 'int java.lang.invoke.DirectMethodHandle$Holder.invokeStaticInit(java.lang.Object, int, java.lang.Object, java.lang.Object, java.lang.Object, java.lang.Object)'> (0x000000008716c338) 
thrown [s\src\hotspot\share\interpreter\linkResolver.cpp, line 771]
Event: 39.541 Thread 0x00000289451497c0 Exception <a 'java/lang/reflect/InvocationTargetException'{0x0000000086fd3570}> (0x0000000086fd3570) 
thrown [s\src\hotspot\share\runtime\reflection.cpp, line 1134]

VM Operations (20 events):
Event: 33.491 Executing VM operation: Cleanup done
Event: 34.501 Executing VM operation: Cleanup
Event: 34.501 Executing VM operation: Cleanup done
Event: 35.391 Executing VM operation: HandshakeAllThreads
Event: 35.391 Executing VM operation: HandshakeAllThreads done
Event: 35.391 Executing VM operation: HandshakeAllThreads
Event: 35.391 Executing VM operation: HandshakeAllThreads done
Event: 36.392 Executing VM operation: Cleanup
Event: 36.392 Executing VM operation: Cleanup done
Event: 37.393 Executing VM operation: Cleanup
Event: 37.393 Executing VM operation: Cleanup done
Event: 37.471 Executing VM operation: G1CollectForAllocation
Event: 37.475 Executing VM operation: G1CollectForAllocation done
Event: 38.485 Executing VM operation: Cleanup
Event: 38.486 Executing VM operation: Cleanup done
Event: 39.500 Executing VM operation: Cleanup
Event: 39.531 Executing VM operation: Cleanup done
Event: 39.660 Executing VM operation: G1CollectForAllocation
Event: 39.686 Executing VM operation: G1CollectForAllocation done
Event: 39.709 Executing VM operation: G1PauseRemark

Memory protections (0 events):
No events

Nmethod flushes (0 events):
No events

Events (20 events):
Event: 4.582 Thread 0x00000289451497c0 Thread added: 0x000002897f8d5010
Event: 5.744 Thread 0x00000289451497c0 Thread added: 0x000002897f8752b0
Event: 7.518 Thread 0x00000289451497c0 Thread added: 0x000002897e7813b0
Event: 7.620 Thread 0x000002897e7813b0 Thread exited: 0x000002897e7813b0
Event: 7.678 Loaded shared library C:\Users\Cyrine\.jdks\jbr-17.0.14\bin\sunmscapi.dll
Event: 7.837 Thread 0x000002897f8752b0 Thread exited: 0x000002897f8752b0
Event: 9.908 Thread 0x000002897f8d5010 Thread exited: 0x000002897f8d5010
Event: 17.000 Thread 0x000002897e792040 Thread added: 0x0000028945c99630
Event: 19.217 Thread 0x00000289451497c0 Thread added: 0x000002897e77f040
Event: 19.222 Thread 0x000002897e77f040 Thread added: 0x000002897e77e110
Event: 19.228 Thread 0x00000289451497c0 Thread added: 0x000002897e77e620
Event: 19.404 Thread 0x00000289451497c0 Thread added: 0x000002897e780990
Event: 20.412 Thread 0x0000028945c99630 Thread exited: 0x0000028945c99630
Event: 23.484 Thread 0x00000289451497c0 Thread added: 0x000002897e77fa60
Event: 23.601 Thread 0x000002897e77fa60 Thread added: 0x000002897e77ff70
Event: 29.321 Thread 0x000002897e77ff70 Thread exited: 0x000002897e77ff70
Event: 34.735 Thread 0x000002897e792040 Thread added: 0x000002894706da30
Event: 35.316 Thread 0x000002894706da30 Thread exited: 0x000002894706da30
Event: 39.108 Thread 0x000002897e792040 Thread added: 0x00000289467f8f30
Event: 39.109 Thread 0x00000289467f8f30 Thread added: 0x00000289467f9450


Dynamic libraries:
0x00007ff75c6e0000 - 0x00007ff75c6ea000 	C:\Users\Cyrine\.jdks\jbr-17.0.14\bin\java.exe
0x00007fff5a1a0000 - 0x00007fff5a407000 	C:\WINDOWS\SYSTEM32\ntdll.dll
0x00007fff58d20000 - 0x00007fff58de9000 	C:\WINDOWS\System32\KERNEL32.DLL
0x00007fff572f0000 - 0x00007fff576df000 	C:\WINDOWS\System32\KERNELBASE.dll
0x00007fff579c0000 - 0x00007fff57b0b000 	C:\WINDOWS\System32\ucrtbase.dll
0x00007fff4e3b0000 - 0x00007fff4e3cb000 	C:\Users\Cyrine\.jdks\jbr-17.0.14\bin\VCRUNTIME140.dll
0x00007fff4e390000 - 0x00007fff4e3a7000 	C:\Users\Cyrine\.jdks\jbr-17.0.14\bin\jli.dll
0x00007fff584d0000 - 0x00007fff58695000 	C:\WINDOWS\System32\USER32.dll
0x00007fff36a20000 - 0x00007fff36cb3000 	C:\WINDOWS\WinSxS\amd64_microsoft.windows.common-controls_6595b64144ccf1df_6.0.26100.7309_none_3e05feeae336a044\COMCTL32.dll
0x00007fff58010000 - 0x00007fff580b9000 	C:\WINDOWS\System32\msvcrt.dll
0x00007fff58e50000 - 0x00007fff58e7b000 	C:\WINDOWS\System32\GDI32.dll
0x00007fff57990000 - 0x00007fff579b7000 	C:\WINDOWS\System32\win32u.dll
0x00007fff576f0000 - 0x00007fff5781c000 	C:\WINDOWS\System32\gdi32full.dll
0x00007fff57e90000 - 0x00007fff57f33000 	C:\WINDOWS\System32\msvcp_win.dll
0x00007fff58e10000 - 0x00007fff58e41000 	C:\WINDOWS\System32\IMM32.DLL
0x000000005d5b0000 - 0x000000005d5bc000 	C:\Program Files (x86)\360\Total Security\safemon\SafeWrapper.dll
0x00007fff58410000 - 0x00007fff584c4000 	C:\WINDOWS\System32\ADVAPI32.dll
0x00007fff58e80000 - 0x00007fff58f26000 	C:\WINDOWS\System32\sechost.dll
0x00007fff58c00000 - 0x00007fff58d18000 	C:\WINDOWS\System32\RPCRT4.dll
0x00007fff28650000 - 0x00007fff286fc000 	C:\Program Files (x86)\360\Total Security\safemon\libzdtp64.dll
0x00007fff594e0000 - 0x00007fff59c33000 	C:\WINDOWS\System32\SHELL32.dll
0x00007fff57820000 - 0x00007fff5798a000 	C:\WINDOWS\System32\wintypes.dll
0x00007fff59c50000 - 0x00007fff59fd5000 	C:\WINDOWS\System32\combase.dll
0x00007fff57fa0000 - 0x00007fff58006000 	C:\WINDOWS\System32\SHLWAPI.dll
0x00007fff56bd0000 - 0x00007fff56bdb000 	C:\WINDOWS\SYSTEM32\VERSION.dll
0x00007fff47510000 - 0x00007fff4751c000 	C:\Users\Cyrine\.jdks\jbr-17.0.14\bin\vcruntime140_1.dll
0x00007fff17900000 - 0x00007fff1798d000 	C:\Users\Cyrine\.jdks\jbr-17.0.14\bin\msvcp140.dll
0x00007ffe91fe0000 - 0x00007ffe92c6e000 	C:\Users\Cyrine\.jdks\jbr-17.0.14\bin\server\jvm.dll
0x00007fff593d0000 - 0x00007fff59444000 	C:\WINDOWS\System32\WS2_32.dll
0x00007fff57150000 - 0x00007fff571ae000 	C:\WINDOWS\SYSTEM32\POWRPROF.dll
0x00007fff441e0000 - 0x00007fff44215000 	C:\WINDOWS\SYSTEM32\WINMM.dll
0x00007fff57130000 - 0x00007fff57144000 	C:\WINDOWS\SYSTEM32\UMPDC.dll
0x00007fff56000000 - 0x00007fff5601b000 	C:\WINDOWS\SYSTEM32\kernel.appcore.dll
0x00007fff47230000 - 0x00007fff4723a000 	C:\Users\Cyrine\.jdks\jbr-17.0.14\bin\jimage.dll
0x00007fff548c0000 - 0x00007fff54b02000 	C:\WINDOWS\SYSTEM32\DBGHELP.DLL
0x00007fff590a0000 - 0x00007fff59176000 	C:\WINDOWS\System32\OLEAUT32.dll
0x00007fff377f0000 - 0x00007fff3782c000 	C:\WINDOWS\SYSTEM32\dbgcore.DLL
0x00007fff57de0000 - 0x00007fff57e85000 	C:\WINDOWS\System32\bcryptPrimitives.dll
0x00007fff3ce50000 - 0x00007fff3ce5e000 	C:\Users\Cyrine\.jdks\jbr-17.0.14\bin\instrument.dll
0x00007fff47200000 - 0x00007fff47225000 	C:\Users\Cyrine\.jdks\jbr-17.0.14\bin\java.dll
0x00007ffed8c40000 - 0x00007ffed8d17000 	C:\Users\Cyrine\.jdks\jbr-17.0.14\bin\jsvml.dll
0x00007fff54e60000 - 0x00007fff556be000 	C:\WINDOWS\SYSTEM32\windows.storage.dll
0x00007fff58310000 - 0x00007fff58405000 	C:\WINDOWS\System32\SHCORE.dll
0x00007fff57210000 - 0x00007fff57239000 	C:\WINDOWS\SYSTEM32\profapi.dll
0x00007fff45b20000 - 0x00007fff45b38000 	C:\Users\Cyrine\.jdks\jbr-17.0.14\bin\zip.dll
0x00007fff44bf0000 - 0x00007fff44c09000 	C:\Users\Cyrine\.jdks\jbr-17.0.14\bin\net.dll
0x00007fff491f0000 - 0x00007fff49318000 	C:\WINDOWS\SYSTEM32\WINHTTP.dll
0x00007fff565a0000 - 0x00007fff5660b000 	C:\WINDOWS\system32\mswsock.dll
0x00007fff3d0d0000 - 0x00007fff3d0e6000 	C:\Users\Cyrine\.jdks\jbr-17.0.14\bin\nio.dll
0x00007fff3ce20000 - 0x00007fff3ce3a000 	C:\Program Files\JetBrains\IntelliJ IDEA 2024.2.1\bin\breakgen64.dll
0x00007fff3d030000 - 0x00007fff3d039000 	C:\Users\Cyrine\.jdks\jbr-17.0.14\bin\extnet.dll
0x00007fff55ad0000 - 0x00007fff55bfc000 	C:\WINDOWS\SYSTEM32\DNSAPI.dll
0x00007fff55a30000 - 0x00007fff55a64000 	C:\WINDOWS\SYSTEM32\IPHLPAPI.DLL
0x00007fff582a0000 - 0x00007fff582aa000 	C:\WINDOWS\System32\NSI.dll
0x00007fff48910000 - 0x00007fff4891b000 	C:\Windows\System32\rasadhlp.dll
0x00007fff48510000 - 0x00007fff48596000 	C:\WINDOWS\System32\fwpuclnt.dll
0x00007fff471f0000 - 0x00007fff471f9000 	C:\Users\Cyrine\.jdks\jbr-17.0.14\bin\management.dll
0x00007fff459a0000 - 0x00007fff459ab000 	C:\Users\Cyrine\.jdks\jbr-17.0.14\bin\management_ext.dll
0x00007fff58bf0000 - 0x00007fff58bf8000 	C:\WINDOWS\System32\PSAPI.DLL
0x00007fff56860000 - 0x00007fff5687b000 	C:\WINDOWS\SYSTEM32\CRYPTSP.dll
0x00007fff55f60000 - 0x00007fff55f9a000 	C:\WINDOWS\system32\rsaenh.dll
0x00007fff56650000 - 0x00007fff5667b000 	C:\WINDOWS\SYSTEM32\USERENV.dll
0x00007fff571e0000 - 0x00007fff5720a000 	C:\WINDOWS\SYSTEM32\bcrypt.dll
0x00007fff56880000 - 0x00007fff5688c000 	C:\WINDOWS\SYSTEM32\CRYPTBASE.dll
0x00007fff48e90000 - 0x00007fff48eae000 	C:\WINDOWS\SYSTEM32\dhcpcsvc6.DLL
0x00007fff48bf0000 - 0x00007fff48c13000 	C:\WINDOWS\SYSTEM32\dhcpcsvc.DLL
0x00007fff2bdb0000 - 0x00007fff2bdc8000 	C:\WINDOWS\system32\napinsp.dll
0x00007fff2bd60000 - 0x00007fff2bd72000 	C:\WINDOWS\System32\winrnr.dll
0x00007fff2bd20000 - 0x00007fff2bd42000 	C:\WINDOWS\system32\nlansp_c.dll
0x00007fff48bd0000 - 0x00007fff48be6000 	C:\WINDOWS\system32\wshbth.dll
0x00007fff44360000 - 0x00007fff4436e000 	C:\Users\Cyrine\.jdks\jbr-17.0.14\bin\sunmscapi.dll
0x00007fff57c60000 - 0x00007fff57dd7000 	C:\WINDOWS\System32\CRYPT32.dll
0x00007fff56a80000 - 0x00007fff56ab0000 	C:\WINDOWS\SYSTEM32\ncrypt.dll
0x00007fff56a30000 - 0x00007fff56a6f000 	C:\WINDOWS\SYSTEM32\NTASN1.dll

dbghelp: loaded successfully - version: 4.0.5 - missing functions: none
symbol engine: initialized successfully - sym options: 0x614 - pdb path: .;C:\Users\Cyrine\.jdks\jbr-17.0.14\bin;C:\WINDOWS\SYSTEM32;C:\WINDOWS\WinSxS\amd64_microsoft.windows.common-controls_6595b64144ccf1df_6.0.26100.7309_none_3e05feeae336a044;C:\Program Files (x86)\360\Total Security\safemon;C:\Users\Cyrine\.jdks\jbr-17.0.14\bin\server;C:\Program Files\JetBrains\IntelliJ IDEA 2024.2.1\bin

VM Arguments:
jvm_args: -XX:TieredStopAtLevel=1 -Dspring.output.ansi.enabled=always -Dcom.sun.management.jmxremote -Dspring.jmx.enabled=true -Dspring.liveBeansView.mbeanDomain -Dspring.application.admin.enabled=true -Dmanagement.endpoints.jmx.exposure.include=* -javaagent:C:\Program Files\JetBrains\IntelliJ IDEA 2024.2.1\lib\idea_rt.jar=57000:C:\Program Files\JetBrains\IntelliJ IDEA 2024.2.1\bin -Dfile.encoding=UTF-8 
java_command: tn.esprit.pi.nexlance.NexLanceApplication
java_class_path (initial): C:\Users\Cyrine\Downloads\PI DEV 4 EME\module_job_offers\joboffer\service_joboffer\NexLance\target\classes;C:\Users\Cyrine\.m2\repository\org\springframework\cloud\spring-cloud-starter-netflix-eureka-client\5.0.0\spring-cloud-starter-netflix-eureka-client-5.0.0.jar;C:\Users\Cyrine\.m2\repository\org\springframework\cloud\spring-cloud-starter\5.0.0\spring-cloud-starter-5.0.0.jar;C:\Users\Cyrine\.m2\repository\org\springframework\cloud\spring-cloud-context\5.0.0\spring-cloud-context-5.0.0.jar;C:\Users\Cyrine\.m2\repository\org\springframework\security\spring-security-crypto\7.0.2\spring-security-crypto-7.0.2.jar;C:\Users\Cyrine\.m2\repository\org\springframework\cloud\spring-cloud-commons\5.0.0\spring-cloud-commons-5.0.0.jar;C:\Users\Cyrine\.m2\repository\org\bouncycastle\bcprov-jdk18on\1.81\bcprov-jdk18on-1.81.jar;C:\Users\Cyrine\.m2\repository\org\springframework\cloud\spring-cloud-netflix-eureka-client\5.0.0\spring-cloud-netflix-eureka-client-5.0.0.jar;C:\Users\Cyrine\.m2\repository\org\springframework\boot\spring-boot-jackson2\4.0.2\spring-boot-jackson2-4.0.2.jar;C:\Users\Cyrine\.m2\repository\com\fasterxml\jackson\datatype\jackson-datatype-jdk8\2.20.2\jackson-datatype-jdk8-2.20.2.jar;C:\Users\Cyrine\.m2\repository\com\fasterxml\jackson\datatype\jackson-datatype-jsr310\2.20.2\jackson-datatype-jsr310-2.20.2.jar;C:\Users\Cyrine\.m2\repository\com\fasterxml\jackson\module\jackson-module-parameter-names\2.20.2\jackson-module-parameter-names-2.20.2.jar;C:\Users\Cyrine\.m2\repository\org\apache\httpcomponents\client5\httpclient5\5.5.2\httpclient5-5.5.2.jar;C:\Users\Cyrine\.m2\repository\org\apache\httpcomponents\core5\httpcore5\5.3.6\httpcore5-5.3.6.jar;C:\Users\Cyrine\.m2\repository\org\apache\httpcomponents\core5\httpcore5-h2\5.3.6\httpcore5-h2-5.3.6.jar;C:\Users\Cyrine\.m2\repository\com\netflix\eureka\eureka-client\2.0.5\eureka-client-2.0.5.jar;C:\Users\Cyrine\.m2\repository\com\thoughtworks\xstream\xstream\1.4.21\xstream-1.4.21.jar;C:\U
Launcher Type: SUN_STANDARD

[Global flags]
     intx CICompilerCount                          = 4                                         {product} {ergonomic}
     uint ConcGCThreads                            = 2                                         {product} {ergonomic}
     uint G1ConcRefinementThreads                  = 8                                         {product} {ergonomic}
   size_t G1HeapRegionSize                         = 1048576                                   {product} {ergonomic}
    uintx GCDrainStackTargetSize                   = 64                                        {product} {ergonomic}
   size_t InitialHeapSize                          = 132120576                                 {product} {ergonomic}
     bool ManagementServer                         = true                                      {product} {command line}
   size_t MarkStackSize                            = 4194304                                   {product} {ergonomic}
   size_t MaxHeapSize                              = 2090860544                                {product} {ergonomic}
   size_t MaxNewSize                               = 1254096896                                {product} {ergonomic}
   size_t MinHeapDeltaBytes                        = 1048576                                   {product} {ergonomic}
   size_t MinHeapSize                              = 8388608                                   {product} {ergonomic}
    uintx NonProfiledCodeHeapSize                  = 0                                      {pd product} {ergonomic}
     bool ProfileInterpreter                       = false                                  {pd product} {command line}
    uintx ProfiledCodeHeapSize                     = 0                                      {pd product} {ergonomic}
   size_t SoftMaxHeapSize                          = 2090860544                             {manageable} {ergonomic}
     intx TieredStopAtLevel                        = 1                                         {product} {command line}
     bool UseCompressedClassPointers               = true                           {product lp64_product} {ergonomic}
     bool UseCompressedOops                        = true                           {product lp64_product} {ergonomic}
     bool UseG1GC                                  = true                                      {product} {ergonomic}
     bool UseLargePagesIndividualAllocation        = false                                  {pd product} {ergonomic}

Logging:
Log output configuration:
 #0: stdout all=warning uptime,level,tags
 #1: stderr all=off uptime,level,tags

Environment Variables:
JAVA_HOME=C:\Users\Cyrine\AppData\Local\Android\Sdk
PATH=C:\Program Files (x86)\VMware\VMware Workstation\bin\;C:\Program Files\nodejs;C:\Program Files\cursor\resources\app\bin;C:\Program Files\Microsoft SQL Server\150\Tools\Binn\;C:\Program Files\Microsoft SQL Server\Client SDK\ODBC\170\Tools\Binn\;C:\Program Files\dotnet\;C:\Program Files\Git\cmd;C:\Program Files\MongoDB\Server\4.0\bin;C:\Program Files\JetBrains\IntelliJ IDEA 2024.2.1\bin;;C:\Program Files\MongoDB\Server\4.0\bin;C:\Users\Cyrine\AppData\Local\Programs\Microsoft VS Code\bin
USERNAME=Cyrine
OS=Windows_NT
PROCESSOR_IDENTIFIER=Intel64 Family 6 Model 165 Stepping 2, GenuineIntel
TMP=C:\Users\Cyrine\AppData\Local\Temp
TEMP=C:\Users\Cyrine\AppData\Local\Temp



Periodic native trim disabled

JNI global refs:
JNI global refs: 17, weak refs: 0

JNI global refs memory usage: 843, weak refs: 841

Process memory usage:
Resident Set Size: 201912K (2% of 8159348K total physical memory with 391408K free physical memory)

OOME stack traces (most recent first):
Classloader memory used:
Loader jdk.internal.loader.ClassLoaders$AppClassLoader                                 : 7558K
Loader bootstrap                                                                       : 1188K
Loader org.springframework.boot.devtools.restart.classloader.RestartClassLoader        : 108K
Loader jdk.internal.loader.ClassLoaders$PlatformClassLoader                            : 71632B
Loader jdk.internal.reflect.DelegatingClassLoader                                      : 24045B
Loader net.bytebuddy.utility.dispatcher.JavaDispatcher$DynamicClassLoader              : 231B

Classes loaded by more than one classloader:
Class tn.esprit.pi.nexlance.NexLanceApplication                                       : loaded 2 times (x 69B)


---------------  S Y S T E M  ---------------

OS:
 Windows 11 , 64 bit Build 26100 (10.0.26100.7309)
OS uptime: 14 days 16:30 hours
Hyper-V role detected

CPU: total 8 (initial active 8) (4 cores per cpu, 2 threads per core) family 6 model 165 stepping 2 microcode 0xf0, cx8, cmov, fxsr, ht, mmx, 3dnowpref, sse, sse2, sse3, ssse3, sse4.1, sse4.2, popcnt, lzcnt, tsc, tscinvbit, avx, avx2, aes, erms, clmul, bmi1, bmi2, adx, fma, vzeroupper, clflush, clflushopt, hv
Processor Information for all 8 processors :
  Max Mhz: 2496, Current Mhz: 2496, Mhz Limit: 2496

Memory: 4k page, system-wide physical 7968M (386M free)
TotalPageFile size 32544M (AvailPageFile size 0M)
current process WorkingSet (physical memory assigned to process): 198M, peak: 198M
current process commit charge ("private bytes"): 270M, peak: 277M

vm_info: OpenJDK 64-Bit Server VM (17.0.14+1-b1367.22) for windows-amd64 JRE (17.0.14+1-b1367.22), built on 2025-01-30 by "builduser" with MS VC++ 16.10 / 16.11 (VS2019)

END.
