#
# A fatal error has been detected by the Java Runtime Environment:
#
#  EXCEPTION_ACCESS_VIOLATION (0xc0000005) at pc=0x00007fffca6c57a8, pid=27496, tid=33944
#
# JRE version: OpenJDK Runtime Environment JBR-17.0.14+1-1367.22-nomod (17.0.14+1) (build 17.0.14+1-b1367.22)
# Java VM: OpenJDK 64-Bit Server VM JBR-17.0.14+1-1367.22-nomod (17.0.14+1-b1367.22, mixed mode, emulated-client, sharing, tiered, compressed oops, compressed class ptrs, g1 gc, windows-amd64)
# Problematic frame:
# C  [net.dll+0x57a8]
#
# No core dump will be written. Minidumps are not enabled by default on client versions of Windows
#
# If you would like to submit a bug report, please visit:
#   https://youtrack.jetbrains.com/issues/JBR
# The crash happened outside the Java Virtual Machine in native code.
# See problematic frame for where to report the bug.
#

---------------  S U M M A R Y ------------

Command Line: -XX:TieredStopAtLevel=1 -Dspring.output.ansi.enabled=always -Dcom.sun.management.jmxremote -Dspring.jmx.enabled=true -Dspring.liveBeansView.mbeanDomain -Dspring.application.admin.enabled=true -Dmanagement.endpoints.jmx.exposure.include=* -javaagent:C:\Program Files\JetBrains\IntelliJ IDEA 2024.2.1\lib\idea_rt.jar=50634:C:\Program Files\JetBrains\IntelliJ IDEA 2024.2.1\bin -Dfile.encoding=UTF-8 tn.esprit.pi.nexlance.NexLanceApplication

Host: Intel(R) Core(TM) i5-10300H CPU @ 2.50GHz, 8 cores, 7G,  Windows 11 , 64 bit Build 26100 (10.0.26100.7309)
Time: Thu Mar  5 10:23:30 2026 Paris, Madrid elapsed time: 133542.776576 seconds (1d 13h 5m 42s)

---------------  T H R E A D  ---------------

Current thread (0x000002bce94e35f0):  JavaThread "RMI TCP Accept-0" daemon [_thread_in_native, id=33944, stack(0x000000ff10c00000,0x000000ff10d00000)]

Stack: [0x000000ff10c00000,0x000000ff10d00000],  sp=0x000000ff10cfed60,  free space=1019k
Native frames: (J=compiled Java code, j=interpreted, Vv=VM code, C=native code)
C  [net.dll+0x57a8]

Java frames: (J=compiled Java code, j=interpreted, Vv=VM code)
j  java.net.NetworkInterface.getAll()[Ljava/net/NetworkInterface;+0 java.base@17.0.14
j  java.net.NetworkInterface.getNetworkInterfaces()Ljava/util/Enumeration;+0 java.base@17.0.14
j  sun.management.jmxremote.LocalRMIServerSocketFactory$1.accept()Ljava/net/Socket;+79 jdk.management.agent@17.0.14
j  sun.rmi.transport.tcp.TCPTransport$AcceptLoop.executeAcceptLoop()V+42 java.rmi@17.0.14
j  sun.rmi.transport.tcp.TCPTransport$AcceptLoop.run()V+1 java.rmi@17.0.14
j  java.lang.Thread.run()V+11 java.base@17.0.14
v  ~StubRoutines::call_stub

siginfo: EXCEPTION_ACCESS_VIOLATION (0xc0000005), reading address 0x000000ff10d00000


Registers:
RAX=0x0000000000000001, RBX=0x0000000000000000, RCX=0x000002bce94e38a8, RDX=0x0000000000000000
RSP=0x000000ff10cfed60, RBP=0x0000000000000207, RSI=0x000002bcebe28fc0, RDI=0x000000ff10cfefc0
R8 =0x000000ff10cfedf0, R9 =0x000000ff10cfefc0, R10=0x0000000000000034, R11=0x000000000000007e
R12=0x000000ff10cfedf0, R13=0x000002bcebe28fc0, R14=0x00000000000000ad, R15=0x0000000000000000
RIP=0x00007fffca6c57a8, EFLAGS=0x0000000000010207


Register to memory mapping:

RIP=0x00007fffca6c57a8 net.dll
RAX=0x0000000000000001 is an unknown value
RBX=0x0 is NULL
RCX=0x000002bce94e38a8 points into unknown readable memory: 0x00007fff33303820 | 20 38 30 33 ff 7f 00 00
RDX=0x0 is NULL
RSP=0x000000ff10cfed60 is pointing into the stack for thread: 0x000002bce94e35f0
RBP=0x0000000000000207 is an unknown value
RSI=0x000002bcebe28fc0 points into unknown readable memory: 0x000002bca3b29580 | 80 95 b2 a3 bc 02 00 00
RDI=0x000000ff10cfefc0 is pointing into the stack for thread: 0x000002bce94e35f0
R8 =0x000000ff10cfedf0 is pointing into the stack for thread: 0x000002bce94e35f0
R9 =0x000000ff10cfefc0 is pointing into the stack for thread: 0x000002bce94e35f0
R10=0x0000000000000034 is an unknown value
R11=0x000000000000007e is an unknown value
R12=0x000000ff10cfedf0 is pointing into the stack for thread: 0x000002bce94e35f0
R13=0x000002bcebe28fc0 points into unknown readable memory: 0x000002bca3b29580 | 80 95 b2 a3 bc 02 00 00
R14=0x00000000000000ad is an unknown value
R15=0x0 is NULL


Top of Stack: (sp=0x000000ff10cfed60)
0x000000ff10cfed60:   000000000000003f 000000000000003f
0x000000ff10cfed70:   000002bce94e38a8 00007fffca6c6057
0x000000ff10cfed80:   000000ff10cfef10 000000ff10cfefc8
0x000000ff10cfed90:   00000000ffffffff 000000000000003f
0x000000ff10cfeda0:   000002bcebe28fc0 00007fffca6c6e41
0x000000ff10cfedb0:   000002bce94e38a8 000002bce94e38a8
0x000000ff10cfedc0:   000000ff10cfee59 000002bcebe28fc0
0x000000ff10cfedd0:   0000000000000000 0000000000000000
0x000000ff10cfede0:   000000ff10cfefc0 000002bcebe2a410
0x000000ff10cfedf0:   000002bce94e84a0 00007fff32dedcc5
0x000000ff10cfee00:   000000ff10cfee80 000000ff10cfee80
0x000000ff10cfee10:   0000000000000001 0000000000000000
0x000000ff10cfee20:   000000ff10cfee80 000002bce94e35f0
0x000000ff10cfee30:   000000ff10cfee60 000000ff10cf0000
0x000000ff10cfee40:   0000000000000000 000002bc98a29300
0x000000ff10cfee50:   0000000000000004 00007fff329e4035
0x000000ff10cfee60:   000000008c782588 000002bce94e35f0
0x000000ff10cfee70:   000002bca4006f70 000002bce53c9b77
0x000000ff10cfee80:   0000d1628ecef14d 000002bce94e35f0
0x000000ff10cfee90:   000002bce94e35f0 000002bca49b0a98
0x000000ff10cfeea0:   0000000000000000 000000ff10cfefc0
0x000000ff10cfeeb0:   000000ff10cfefb0 00007fffca6c609c
0x000000ff10cfeec0:   000002bc98a2952f 0000000089300040
0x000000ff10cfeed0:   0000000000000000 000002bce94e38a8
0x000000ff10cfeee0:   000000ff10cfefc8 000002bce94e38a8
0x000000ff10cfeef0:   0000000000000009 00007fffca6c458b
0x000000ff10cfef00:   000000ff10cfefc0 000000ff10cfefb0
0x000000ff10cfef10:   000002bcebe28fc0 000002bce50acb78
0x000000ff10cfef20:   000002bce94e35f0 000000ff10cfefc8
0x000000ff10cfef30:   0000000083c8d118 000002bc98a2d0a8
0x000000ff10cfef40:   000002bca4337db8 000000ff10cfefb0
0x000000ff10cfef50:   0000000000000000 0000000000000009 

Instructions: (pc=0x00007fffca6c57a8)
0x00007fffca6c56a8:   ff ff 48 8b cb 48 8b 5b 40 ff 15 f9 9b 00 00 48
0x00007fffca6c56b8:   8b cb 48 85 db 75 ee e9 bf fb ff ff 48 8b cb 48
0x00007fffca6c56c8:   8b 5b 40 ff 15 df 9b 00 00 48 8b cb 48 85 db 75
0x00007fffca6c56d8:   ee e9 a5 fb ff ff 48 8b cb 48 8b 5b 40 ff 15 c5
0x00007fffca6c56e8:   9b 00 00 48 8b cb 48 85 db 75 ee e9 8b fb ff ff
0x00007fffca6c56f8:   48 89 5c 24 08 48 89 74 24 10 57 48 83 ec 20 48
0x00007fffca6c5708:   8b f2 49 8b f8 48 8d 54 24 48 48 8b d9 e8 86 08
0x00007fffca6c5718:   00 00 85 c0 79 04 33 c0 eb 22 4c 8b 4c 24 48 4c
0x00007fffca6c5728:   8b c7 48 8b d6 48 8b cb e8 1f 00 00 00 48 8b 4c
0x00007fffca6c5738:   24 48 8b d8 ff 15 6e 9b 00 00 8b c3 48 8b 5c 24
0x00007fffca6c5748:   30 48 8b 74 24 38 48 83 c4 20 5f c3 48 8b c4 48
0x00007fffca6c5758:   89 58 10 48 89 68 18 48 89 70 20 48 89 48 08 57
0x00007fffca6c5768:   41 54 41 55 41 56 41 57 48 83 ec 20 4c 8b ea 49
0x00007fffca6c5778:   8b f9 33 d2 4d 8b e0 4d 85 c9 75 07 33 c0 e9 fb
0x00007fffca6c5788:   00 00 00 44 8b fa 48 8b da 44 8b f2 41 39 11 0f
0x00007fffca6c5798:   86 e2 00 00 00 41 8b c6 48 8d 2c 40 41 8b 45 10
0x00007fffca6c57a8:   39 44 ef 08 0f 85 bc 00 00 00 39 54 ef 04 0f 84
0x00007fffca6c57b8:   b2 00 00 00 b9 48 00 00 00 ff 15 f1 9a 00 00 33
0x00007fffca6c57c8:   d2 48 8b f0 48 85 c0 0f 84 ce 00 00 00 44 8d 42
0x00007fffca6c57d8:   02 66 44 89 00 8b 44 ef 04 89 46 04 41 8b 4d 14
0x00007fffca6c57e8:   83 e9 06 74 23 83 e9 03 74 1e 83 e9 06 74 19 83
0x00007fffca6c57f8:   e9 08 74 0f 83 e9 01 74 0f 83 e9 04 74 05 83 f9
0x00007fffca6c5808:   2b 74 05 83 c8 ff eb 49 66 44 89 46 1c ba 01 00
0x00007fffca6c5818:   00 00 8b 4c ef 04 8b 44 ef 0c 23 c8 39 54 ef 10
0x00007fffca6c5828:   75 06 f7 d0 0b c1 eb 02 8b c1 89 46 20 8b 4c ef
0x00007fffca6c5838:   0c ff 15 c1 99 00 00 33 d2 8b c8 66 89 56 38 85
0x00007fffca6c5848:   c0 74 12 8b c2 44 8d 42 01 66 41 03 c0 03 c9 75
0x00007fffca6c5858:   f8 66 89 46 38 b8 01 00 00 00 48 89 5e 40 44 03
0x00007fffca6c5868:   f8 48 8b de eb 05 b8 01 00 00 00 44 03 f0 44 3b
0x00007fffca6c5878:   37 0f 82 1e ff ff ff 49 89 1c 24 41 8b c7 48 8b
0x00007fffca6c5888:   5c 24 58 48 8b 6c 24 60 48 8b 74 24 68 48 83 c4
0x00007fffca6c5898:   20 41 5f 41 5e 41 5d 41 5c 5f c3 48 8b 4c 24 50 


Stack slot to memory mapping:
stack at sp + 0 slots: 0x000000000000003f is an unknown value
stack at sp + 1 slots: 0x000000000000003f is an unknown value
stack at sp + 2 slots: 0x000002bce94e38a8 points into unknown readable memory: 0x00007fff33303820 | 20 38 30 33 ff 7f 00 00
stack at sp + 3 slots: 0x00007fffca6c6057 net.dll
stack at sp + 4 slots: 0x000000ff10cfef10 is pointing into the stack for thread: 0x000002bce94e35f0
stack at sp + 5 slots: 0x000000ff10cfefc8 is pointing into the stack for thread: 0x000002bce94e35f0
stack at sp + 6 slots: 0x00000000ffffffff is an unallocated location in the heap
stack at sp + 7 slots: 0x000000000000003f is an unknown value


---------------  P R O C E S S  ---------------

Threads class SMR info:
_java_thread_list=0x000002bcea3135a0, length=34, elements={
0x000002bca3058c70, 0x000002bca305a3a0, 0x000002bca3064680, 0x000002bca306d3a0,
0x000002bca30707f0, 0x000002bca3071c30, 0x000002bca3073120, 0x000002bca307e140,
0x000002bca303f170, 0x000002bce93b95a0, 0x000002bce93b9a80, 0x000002bce94e35f0,
0x000002bce9591030, 0x000002bcea15f6b0, 0x000002bcea160af0, 0x000002bcea15fbc0,
0x000002bcea161510, 0x000002bcea161a20, 0x000002bcec08a230, 0x000002bcec0888e0,
0x000002bcec08a740, 0x000002bcec089810, 0x000002bcec086f90, 0x000002bcec08cab0,
0x000002bcec08def0, 0x000002bcec08b160, 0x000002bcec08e400, 0x000002bcec08c090,
0x000002bcec08ac50, 0x000002bcec08d4d0, 0x000002bcec08b670, 0x000002bcec08c5a0,
0x000002bcebed8610, 0x000002bcea15e780
}

Java Threads: ( => current thread )
  0x000002bca3058c70 JavaThread "Reference Handler" daemon [_thread_blocked, id=34428, stack(0x000000ff0ff00000,0x000000ff10000000)]
  0x000002bca305a3a0 JavaThread "Finalizer" daemon [_thread_blocked, id=27664, stack(0x000000ff10000000,0x000000ff10100000)]
  0x000002bca3064680 JavaThread "Signal Dispatcher" daemon [_thread_blocked, id=22888, stack(0x000000ff10100000,0x000000ff10200000)]
  0x000002bca306d3a0 JavaThread "Attach Listener" daemon [_thread_blocked, id=31684, stack(0x000000ff10200000,0x000000ff10300000)]
  0x000002bca30707f0 JavaThread "Service Thread" daemon [_thread_blocked, id=33424, stack(0x000000ff10300000,0x000000ff10400000)]
  0x000002bca3071c30 JavaThread "Monitor Deflation Thread" daemon [_thread_blocked, id=33300, stack(0x000000ff10400000,0x000000ff10500000)]
  0x000002bca3073120 JavaThread "C1 CompilerThread0" daemon [_thread_blocked, id=7608, stack(0x000000ff10500000,0x000000ff10600000)]
  0x000002bca307e140 JavaThread "Sweeper thread" daemon [_thread_blocked, id=19340, stack(0x000000ff10600000,0x000000ff10700000)]
  0x000002bca303f170 JavaThread "Common-Cleaner" daemon [_thread_blocked, id=29804, stack(0x000000ff10700000,0x000000ff10800000)]
  0x000002bce93b95a0 JavaThread "Monitor Ctrl-Break" daemon [_thread_in_native, id=16300, stack(0x000000ff10a00000,0x000000ff10b00000)]
  0x000002bce93b9a80 JavaThread "Notification Thread" daemon [_thread_blocked, id=12912, stack(0x000000ff10b00000,0x000000ff10c00000)]
=>0x000002bce94e35f0 JavaThread "RMI TCP Accept-0" daemon [_thread_in_native, id=33944, stack(0x000000ff10c00000,0x000000ff10d00000)]
  0x000002bce9591030 JavaThread "RMI Scheduler(0)" daemon [_thread_blocked, id=18708, stack(0x000000ff10f00000,0x000000ff11000000)]
  0x000002bcea15f6b0 JavaThread "Catalina-utility-1" [_thread_blocked, id=27764, stack(0x000000ff11c00000,0x000000ff11d00000)]
  0x000002bcea160af0 JavaThread "Catalina-utility-2" [_thread_blocked, id=11612, stack(0x000000ff12100000,0x000000ff12200000)]
  0x000002bcea15fbc0 JavaThread "container-0" [_thread_blocked, id=1588, stack(0x000000ff12300000,0x000000ff12400000)]
  0x000002bcea161510 JavaThread "mysql-cj-abandoned-connection-cleanup" daemon [_thread_blocked, id=29136, stack(0x000000ff12400000,0x000000ff12500000)]
  0x000002bcea161a20 JavaThread "HikariPool-1 housekeeper" daemon [_thread_blocked, id=24672, stack(0x000000ff12600000,0x000000ff12700000)]
  0x000002bcec08a230 JavaThread "Live Reload Server" daemon [_thread_in_native, id=9140, stack(0x000000ff12b00000,0x000000ff12c00000)]
  0x000002bcec0888e0 JavaThread "http-nio-8084-exec-1" daemon [_thread_blocked, id=31776, stack(0x000000ff12a00000,0x000000ff12b00000)]
  0x000002bcec08a740 JavaThread "http-nio-8084-exec-2" daemon [_thread_blocked, id=33876, stack(0x000000ff12c00000,0x000000ff12d00000)]
  0x000002bcec089810 JavaThread "http-nio-8084-exec-3" daemon [_thread_blocked, id=16564, stack(0x000000ff12d00000,0x000000ff12e00000)]
  0x000002bcec086f90 JavaThread "http-nio-8084-exec-4" daemon [_thread_blocked, id=31916, stack(0x000000ff12e00000,0x000000ff12f00000)]
  0x000002bcec08cab0 JavaThread "http-nio-8084-exec-5" daemon [_thread_blocked, id=26048, stack(0x000000ff12f00000,0x000000ff13000000)]
  0x000002bcec08def0 JavaThread "http-nio-8084-exec-6" daemon [_thread_blocked, id=18852, stack(0x000000ff13000000,0x000000ff13100000)]
  0x000002bcec08b160 JavaThread "http-nio-8084-exec-7" daemon [_thread_blocked, id=32504, stack(0x000000ff13100000,0x000000ff13200000)]
  0x000002bcec08e400 JavaThread "http-nio-8084-exec-8" daemon [_thread_blocked, id=33468, stack(0x000000ff13200000,0x000000ff13300000)]
  0x000002bcec08c090 JavaThread "http-nio-8084-exec-9" daemon [_thread_blocked, id=32016, stack(0x000000ff13300000,0x000000ff13400000)]
  0x000002bcec08ac50 JavaThread "http-nio-8084-exec-10" daemon [_thread_blocked, id=33520, stack(0x000000ff13400000,0x000000ff13500000)]
  0x000002bcec08d4d0 JavaThread "http-nio-8084-Poller" daemon [_thread_in_native, id=19648, stack(0x000000ff13500000,0x000000ff13600000)]
  0x000002bcec08b670 JavaThread "http-nio-8084-Acceptor" daemon [_thread_in_native, id=34328, stack(0x000000ff13600000,0x000000ff13700000)]
  0x000002bcec08c5a0 JavaThread "DestroyJavaVM" [_thread_blocked, id=12828, stack(0x000000ff0f800000,0x000000ff0f900000)]
  0x000002bcebed8610 JavaThread "JMX server connection timeout 466" daemon [_thread_blocked, id=27736, stack(0x000000ff0f500000,0x000000ff0f600000)]
  0x000002bcea15e780 JavaThread "RMI TCP Connection(104)-192.168.56.1" daemon [_thread_in_native, id=36224, stack(0x000000ff0f600000,0x000000ff0f700000)]

Other Threads:
  0x000002bca3053a60 VMThread "VM Thread" [stack: 0x000000ff0fe00000,0x000000ff0ff00000] [id=28996]
  0x000002bce94e3f50 WatcherThread [stack: 0x000000ff10d00000,0x000000ff10e00000] [id=16700]
  0x000002bc937bafc0 GCTaskThread "GC Thread#0" [stack: 0x000000ff0f900000,0x000000ff0fa00000] [id=22296]
  0x000002bce9b8d350 GCTaskThread "GC Thread#1" [stack: 0x000000ff11100000,0x000000ff11200000] [id=29732]
  0x000002bce9b8d610 GCTaskThread "GC Thread#2" [stack: 0x000000ff11200000,0x000000ff11300000] [id=30668]
  0x000002bce9c1ea70 GCTaskThread "GC Thread#3" [stack: 0x000000ff11300000,0x000000ff11400000] [id=31108]
  0x000002bce9c288c0 GCTaskThread "GC Thread#4" [stack: 0x000000ff11400000,0x000000ff11500000] [id=3764]
  0x000002bce9c28b80 GCTaskThread "GC Thread#5" [stack: 0x000000ff11500000,0x000000ff11600000] [id=25996]
  0x000002bce9c28e40 GCTaskThread "GC Thread#6" [stack: 0x000000ff11600000,0x000000ff11700000] [id=32868]
  0x000002bce9c29100 GCTaskThread "GC Thread#7" [stack: 0x000000ff11700000,0x000000ff11800000] [id=18464]
  0x000002bc93cd6b20 ConcurrentGCThread "G1 Main Marker" [stack: 0x000000ff0fa00000,0x000000ff0fb00000] [id=7316]
  0x000002bc937bd750 ConcurrentGCThread "G1 Conc#0" [stack: 0x000000ff0fb00000,0x000000ff0fc00000] [id=25316]
  0x000002bcea0171c0 ConcurrentGCThread "G1 Conc#1" [stack: 0x000000ff12200000,0x000000ff12300000] [id=31192]
  0x000002bca2f06160 ConcurrentGCThread "G1 Refine#0" [stack: 0x000000ff0fc00000,0x000000ff0fd00000] [id=30964]
  0x000002bce9c370f0 ConcurrentGCThread "G1 Refine#1" [stack: 0x000000ff11800000,0x000000ff11900000] [id=31288]
  0x000002bcec7819f0 ConcurrentGCThread "G1 Refine#2" [stack: 0x000000ff12800000,0x000000ff12900000] [id=28076]
  0x000002bcec783a40 ConcurrentGCThread "G1 Refine#3" [stack: 0x000000ff12900000,0x000000ff12a00000] [id=26556]
  0x000002bca2f06b90 ConcurrentGCThread "G1 Service" [stack: 0x000000ff0fd00000,0x000000ff0fe00000] [id=30852]

Threads with active compile tasks:

VM state: not at safepoint (normal execution)

VM Mutex/Monitor currently owned by a thread: None

Heap address: 0x0000000083600000, size: 1994 MB, Compressed Oops mode: 32-bit

CDS archive(s) mapped at: [0x000002bca4000000-0x000002bca4c00000-0x000002bca4c00000), size 12582912, SharedBaseAddress: 0x000002bca4000000, ArchiveRelocationMode: 1.
Compressed class space mapped at: 0x000002bca5000000-0x000002bce5000000, reserved size: 1073741824
Narrow klass base: 0x000002bca4000000, Narrow klass shift: 0, Narrow klass range: 0x100000000

GC Precious Log:
 CPUs: 8 total, 8 available
 Memory: 7968M
 Large Page Support: Disabled
 NUMA Support: Disabled
 Compressed Oops: Enabled (32-bit)
 Heap Region Size: 1M
 Heap Min Capacity: 8M
 Heap Initial Capacity: 126M
 Heap Max Capacity: 1994M
 Pre-touch: Disabled
 Parallel Workers: 8
 Concurrent Workers: 2
 Concurrent Refinement Workers: 8
 Periodic GC: Disabled

Heap:
 garbage-first heap   total 174080K, used 99745K [0x0000000083600000, 0x0000000100000000)
  region size 1024K, 26 young (26624K), 1 survivors (1024K)
 Metaspace       used 79804K, committed 80576K, reserved 1179648K
  class space    used 12098K, committed 12480K, reserved 1048576K

Heap Regions: E=young(eden), S=young(survivor), O=old, HS=humongous(starts), HC=humongous(continues), CS=collection set, F=free, OA=open archive, CA=closed archive, TAMS=top-at-mark-start (previous, next)
|   0|0x0000000083600000, 0x0000000083700000, 0x0000000083700000|100%|HS|  |TAMS 0x0000000083700000, 0x0000000083600000| Complete 
|   1|0x0000000083700000, 0x0000000083800000, 0x0000000083800000|100%| O|  |TAMS 0x0000000083800000, 0x0000000083700000| Untracked 
|   2|0x0000000083800000, 0x0000000083900000, 0x0000000083900000|100%| O|  |TAMS 0x0000000083900000, 0x0000000083800000| Untracked 
|   3|0x0000000083900000, 0x0000000083a00000, 0x0000000083a00000|100%| O|  |TAMS 0x0000000083a00000, 0x0000000083900000| Untracked 
|   4|0x0000000083a00000, 0x0000000083b00000, 0x0000000083b00000|100%| O|  |TAMS 0x0000000083b00000, 0x0000000083a00000| Untracked 
|   5|0x0000000083b00000, 0x0000000083c00000, 0x0000000083c00000|100%| O|  |TAMS 0x0000000083c00000, 0x0000000083b00000| Untracked 
|   6|0x0000000083c00000, 0x0000000083d00000, 0x0000000083d00000|100%| O|  |TAMS 0x0000000083d00000, 0x0000000083c00000| Untracked 
|   7|0x0000000083d00000, 0x0000000083e00000, 0x0000000083e00000|100%| O|  |TAMS 0x0000000083e00000, 0x0000000083d00000| Untracked 
|   8|0x0000000083e00000, 0x0000000083f00000, 0x0000000083f00000|100%| O|  |TAMS 0x0000000083f00000, 0x0000000083e00000| Untracked 
|   9|0x0000000083f00000, 0x0000000084000000, 0x0000000084000000|100%| O|  |TAMS 0x0000000084000000, 0x0000000083f00000| Untracked 
|  10|0x0000000084000000, 0x0000000084100000, 0x0000000084100000|100%| O|  |TAMS 0x0000000084100000, 0x0000000084000000| Untracked 
|  11|0x0000000084100000, 0x0000000084200000, 0x0000000084200000|100%| O|  |TAMS 0x0000000084200000, 0x0000000084100000| Untracked 
|  12|0x0000000084200000, 0x0000000084300000, 0x0000000084300000|100%| O|  |TAMS 0x0000000084300000, 0x0000000084200000| Untracked 
|  13|0x0000000084300000, 0x0000000084400000, 0x0000000084400000|100%| O|  |TAMS 0x0000000084400000, 0x0000000084300000| Untracked 
|  14|0x0000000084400000, 0x0000000084500000, 0x0000000084500000|100%| O|  |TAMS 0x0000000084500000, 0x0000000084400000| Untracked 
|  15|0x0000000084500000, 0x0000000084600000, 0x0000000084600000|100%| O|  |TAMS 0x0000000084600000, 0x0000000084500000| Untracked 
|  16|0x0000000084600000, 0x0000000084700000, 0x0000000084700000|100%| O|  |TAMS 0x0000000084700000, 0x0000000084600000| Untracked 
|  17|0x0000000084700000, 0x0000000084800000, 0x0000000084800000|100%| O|  |TAMS 0x0000000084800000, 0x0000000084700000| Untracked 
|  18|0x0000000084800000, 0x0000000084900000, 0x0000000084900000|100%| O|  |TAMS 0x0000000084900000, 0x0000000084800000| Untracked 
|  19|0x0000000084900000, 0x0000000084a00000, 0x0000000084a00000|100%| O|  |TAMS 0x0000000084a00000, 0x0000000084900000| Untracked 
|  20|0x0000000084a00000, 0x0000000084b00000, 0x0000000084b00000|100%| O|  |TAMS 0x0000000084b00000, 0x0000000084a00000| Untracked 
|  21|0x0000000084b00000, 0x0000000084c00000, 0x0000000084c00000|100%| O|  |TAMS 0x0000000084c00000, 0x0000000084b00000| Untracked 
|  22|0x0000000084c00000, 0x0000000084d00000, 0x0000000084d00000|100%| O|  |TAMS 0x0000000084d00000, 0x0000000084c00000| Untracked 
|  23|0x0000000084d00000, 0x0000000084e00000, 0x0000000084e00000|100%| O|  |TAMS 0x0000000084e00000, 0x0000000084d00000| Untracked 
|  24|0x0000000084e00000, 0x0000000084f00000, 0x0000000084f00000|100%| O|  |TAMS 0x0000000084f00000, 0x0000000084e00000| Untracked 
|  25|0x0000000084f00000, 0x0000000085000000, 0x0000000085000000|100%| O|  |TAMS 0x0000000085000000, 0x0000000084f00000| Untracked 
|  26|0x0000000085000000, 0x0000000085100000, 0x0000000085100000|100%| O|  |TAMS 0x0000000085100000, 0x0000000085000000| Untracked 
|  27|0x0000000085100000, 0x0000000085200000, 0x0000000085200000|100%| O|  |TAMS 0x0000000085200000, 0x0000000085100000| Untracked 
|  28|0x0000000085200000, 0x0000000085300000, 0x0000000085300000|100%| O|  |TAMS 0x0000000085300000, 0x0000000085200000| Untracked 
|  29|0x0000000085300000, 0x0000000085400000, 0x0000000085400000|100%| O|  |TAMS 0x0000000085400000, 0x0000000085300000| Untracked 
|  30|0x0000000085400000, 0x0000000085500000, 0x0000000085500000|100%| O|  |TAMS 0x0000000085500000, 0x0000000085400000| Untracked 
|  31|0x0000000085500000, 0x0000000085600000, 0x0000000085600000|100%| O|  |TAMS 0x00000000855ed600, 0x0000000085500000| Untracked 
|  32|0x0000000085600000, 0x0000000085700000, 0x0000000085700000|100%| O|  |TAMS 0x0000000085600000, 0x0000000085600000| Untracked 
|  33|0x0000000085700000, 0x0000000085800000, 0x0000000085800000|100%| O|  |TAMS 0x0000000085700000, 0x0000000085700000| Untracked 
|  34|0x0000000085800000, 0x0000000085900000, 0x0000000085900000|100%| O|  |TAMS 0x0000000085800000, 0x0000000085800000| Untracked 
|  35|0x0000000085900000, 0x0000000085a00000, 0x0000000085a00000|100%| O|  |TAMS 0x0000000085900000, 0x0000000085900000| Untracked 
|  36|0x0000000085a00000, 0x0000000085b00000, 0x0000000085b00000|100%| O|  |TAMS 0x0000000085a00000, 0x0000000085a00000| Untracked 
|  37|0x0000000085b00000, 0x0000000085c00000, 0x0000000085c00000|100%| O|  |TAMS 0x0000000085b00000, 0x0000000085b00000| Untracked 
|  38|0x0000000085c00000, 0x0000000085d00000, 0x0000000085d00000|100%| O|  |TAMS 0x0000000085c00000, 0x0000000085c00000| Untracked 
|  39|0x0000000085d00000, 0x0000000085e00000, 0x0000000085e00000|100%| O|  |TAMS 0x0000000085d00000, 0x0000000085d00000| Untracked 
|  40|0x0000000085e00000, 0x0000000085f00000, 0x0000000085f00000|100%| O|  |TAMS 0x0000000085e00000, 0x0000000085e00000| Untracked 
|  41|0x0000000085f00000, 0x0000000086000000, 0x0000000086000000|100%| O|  |TAMS 0x0000000085f00000, 0x0000000085f00000| Untracked 
|  42|0x0000000086000000, 0x0000000086100000, 0x0000000086100000|100%| O|  |TAMS 0x0000000086000000, 0x0000000086000000| Untracked 
|  43|0x0000000086100000, 0x0000000086200000, 0x0000000086200000|100%| O|  |TAMS 0x0000000086100000, 0x0000000086100000| Untracked 
|  44|0x0000000086200000, 0x0000000086300000, 0x0000000086300000|100%| O|  |TAMS 0x0000000086200000, 0x0000000086200000| Untracked 
|  45|0x0000000086300000, 0x0000000086400000, 0x0000000086400000|100%| O|  |TAMS 0x0000000086300000, 0x0000000086300000| Untracked 
|  46|0x0000000086400000, 0x0000000086500000, 0x0000000086500000|100%| O|  |TAMS 0x0000000086400000, 0x0000000086400000| Untracked 
|  47|0x0000000086500000, 0x0000000086600000, 0x0000000086600000|100%| O|  |TAMS 0x0000000086500000, 0x0000000086500000| Untracked 
|  48|0x0000000086600000, 0x0000000086700000, 0x0000000086700000|100%| O|  |TAMS 0x0000000086600000, 0x0000000086600000| Untracked 
|  49|0x0000000086700000, 0x0000000086800000, 0x0000000086800000|100%| O|  |TAMS 0x0000000086700000, 0x0000000086700000| Untracked 
|  50|0x0000000086800000, 0x0000000086900000, 0x0000000086900000|100%| O|  |TAMS 0x0000000086800000, 0x0000000086800000| Untracked 
|  51|0x0000000086900000, 0x0000000086a00000, 0x0000000086a00000|100%| O|  |TAMS 0x0000000086900000, 0x0000000086900000| Untracked 
|  52|0x0000000086a00000, 0x0000000086b00000, 0x0000000086b00000|100%| O|  |TAMS 0x0000000086a00000, 0x0000000086a00000| Untracked 
|  53|0x0000000086b00000, 0x0000000086c00000, 0x0000000086c00000|100%| O|  |TAMS 0x0000000086b00000, 0x0000000086b00000| Untracked 
|  54|0x0000000086c00000, 0x0000000086d00000, 0x0000000086d00000|100%| O|  |TAMS 0x0000000086c00000, 0x0000000086c00000| Untracked 
|  55|0x0000000086d00000, 0x0000000086e00000, 0x0000000086e00000|100%| O|  |TAMS 0x0000000086d00000, 0x0000000086d00000| Untracked 
|  56|0x0000000086e00000, 0x0000000086f00000, 0x0000000086f00000|100%| O|  |TAMS 0x0000000086e00000, 0x0000000086e00000| Untracked 
|  57|0x0000000086f00000, 0x0000000087000000, 0x0000000087000000|100%| O|  |TAMS 0x0000000086f00000, 0x0000000086f00000| Untracked 
|  58|0x0000000087000000, 0x0000000087100000, 0x0000000087100000|100%| O|  |TAMS 0x0000000087000000, 0x0000000087000000| Untracked 
|  59|0x0000000087100000, 0x0000000087200000, 0x0000000087200000|100%| O|  |TAMS 0x0000000087100000, 0x0000000087100000| Untracked 
|  60|0x0000000087200000, 0x0000000087300000, 0x0000000087300000|100%| O|  |TAMS 0x0000000087200000, 0x0000000087200000| Untracked 
|  61|0x0000000087300000, 0x0000000087400000, 0x0000000087400000|100%| O|  |TAMS 0x0000000087300000, 0x0000000087300000| Untracked 
|  62|0x0000000087400000, 0x0000000087500000, 0x0000000087500000|100%| O|  |TAMS 0x0000000087400000, 0x0000000087400000| Untracked 
|  63|0x0000000087500000, 0x0000000087600000, 0x0000000087600000|100%| O|  |TAMS 0x0000000087500000, 0x0000000087500000| Untracked 
|  64|0x0000000087600000, 0x0000000087700000, 0x0000000087700000|100%| O|  |TAMS 0x0000000087600000, 0x0000000087600000| Untracked 
|  65|0x0000000087700000, 0x0000000087800000, 0x0000000087800000|100%| O|  |TAMS 0x0000000087700000, 0x0000000087700000| Untracked 
|  66|0x0000000087800000, 0x0000000087900000, 0x0000000087900000|100%| O|  |TAMS 0x0000000087800000, 0x0000000087800000| Untracked 
|  67|0x0000000087900000, 0x0000000087a00000, 0x0000000087a00000|100%| O|  |TAMS 0x0000000087900000, 0x0000000087900000| Untracked 
|  68|0x0000000087a00000, 0x0000000087b00000, 0x0000000087b00000|100%| O|  |TAMS 0x0000000087a00000, 0x0000000087a00000| Untracked 
|  69|0x0000000087b00000, 0x0000000087c00000, 0x0000000087c00000|100%| O|  |TAMS 0x0000000087b00000, 0x0000000087b00000| Untracked 
|  70|0x0000000087c00000, 0x0000000087d00000, 0x0000000087d00000|100%| O|  |TAMS 0x0000000087c00000, 0x0000000087c00000| Untracked 
|  71|0x0000000087d00000, 0x0000000087e00000, 0x0000000087e00000|100%| O|  |TAMS 0x0000000087d00000, 0x0000000087d00000| Untracked 
|  72|0x0000000087e00000, 0x0000000087ec5e00, 0x0000000087f00000| 77%| O|  |TAMS 0x0000000087e00000, 0x0000000087e00000| Untracked 
|  73|0x0000000087f00000, 0x0000000087f00000, 0x0000000088000000|  0%| F|  |TAMS 0x0000000087f00000, 0x0000000087f00000| Untracked 
|  74|0x0000000088000000, 0x0000000088000000, 0x0000000088100000|  0%| F|  |TAMS 0x0000000088000000, 0x0000000088000000| Untracked 
|  75|0x0000000088100000, 0x0000000088100000, 0x0000000088200000|  0%| F|  |TAMS 0x0000000088100000, 0x0000000088100000| Untracked 
|  76|0x0000000088200000, 0x0000000088200000, 0x0000000088300000|  0%| F|  |TAMS 0x0000000088200000, 0x0000000088200000| Untracked 
|  77|0x0000000088300000, 0x0000000088300000, 0x0000000088400000|  0%| F|  |TAMS 0x0000000088300000, 0x0000000088300000| Untracked 
|  78|0x0000000088400000, 0x0000000088400000, 0x0000000088500000|  0%| F|  |TAMS 0x0000000088400000, 0x0000000088400000| Untracked 
|  79|0x0000000088500000, 0x0000000088500000, 0x0000000088600000|  0%| F|  |TAMS 0x0000000088500000, 0x0000000088500000| Untracked 
|  80|0x0000000088600000, 0x0000000088600000, 0x0000000088700000|  0%| F|  |TAMS 0x0000000088600000, 0x0000000088600000| Untracked 
|  81|0x0000000088700000, 0x0000000088700000, 0x0000000088800000|  0%| F|  |TAMS 0x0000000088700000, 0x0000000088700000| Untracked 
|  82|0x0000000088800000, 0x0000000088800000, 0x0000000088900000|  0%| F|  |TAMS 0x0000000088800000, 0x0000000088800000| Untracked 
|  83|0x0000000088900000, 0x0000000088900000, 0x0000000088a00000|  0%| F|  |TAMS 0x0000000088900000, 0x0000000088900000| Untracked 
|  84|0x0000000088a00000, 0x0000000088a00000, 0x0000000088b00000|  0%| F|  |TAMS 0x0000000088a00000, 0x0000000088a00000| Untracked 
|  85|0x0000000088b00000, 0x0000000088b00000, 0x0000000088c00000|  0%| F|  |TAMS 0x0000000088b00000, 0x0000000088b00000| Untracked 
|  86|0x0000000088c00000, 0x0000000088c00000, 0x0000000088d00000|  0%| F|  |TAMS 0x0000000088c00000, 0x0000000088c00000| Untracked 
|  87|0x0000000088d00000, 0x0000000088d00000, 0x0000000088e00000|  0%| F|  |TAMS 0x0000000088d00000, 0x0000000088d00000| Untracked 
|  88|0x0000000088e00000, 0x0000000088e00000, 0x0000000088f00000|  0%| F|  |TAMS 0x0000000088e00000, 0x0000000088e00000| Untracked 
|  89|0x0000000088f00000, 0x0000000088f00000, 0x0000000089000000|  0%| F|  |TAMS 0x0000000088f00000, 0x0000000088f00000| Untracked 
|  90|0x0000000089000000, 0x0000000089000000, 0x0000000089100000|  0%| F|  |TAMS 0x0000000089000000, 0x0000000089000000| Untracked 
|  91|0x0000000089100000, 0x0000000089100000, 0x0000000089200000|  0%| F|  |TAMS 0x0000000089100000, 0x0000000089100000| Untracked 
|  92|0x0000000089200000, 0x0000000089200000, 0x0000000089300000|  0%| F|  |TAMS 0x0000000089200000, 0x0000000089200000| Untracked 
|  93|0x0000000089300000, 0x00000000893a2870, 0x0000000089400000| 63%| S|CS|TAMS 0x0000000089300000, 0x0000000089300000| Complete 
|  94|0x0000000089400000, 0x0000000089400000, 0x0000000089500000|  0%| F|  |TAMS 0x0000000089400000, 0x0000000089400000| Untracked 
|  95|0x0000000089500000, 0x0000000089500000, 0x0000000089600000|  0%| F|  |TAMS 0x0000000089500000, 0x0000000089500000| Untracked 
|  96|0x0000000089600000, 0x0000000089600000, 0x0000000089700000|  0%| F|  |TAMS 0x0000000089600000, 0x0000000089600000| Untracked 
|  97|0x0000000089700000, 0x0000000089700000, 0x0000000089800000|  0%| F|  |TAMS 0x0000000089700000, 0x0000000089700000| Untracked 
|  98|0x0000000089800000, 0x0000000089800000, 0x0000000089900000|  0%| F|  |TAMS 0x0000000089800000, 0x0000000089800000| Untracked 
|  99|0x0000000089900000, 0x0000000089900000, 0x0000000089a00000|  0%| F|  |TAMS 0x0000000089900000, 0x0000000089900000| Untracked 
| 100|0x0000000089a00000, 0x0000000089a00000, 0x0000000089b00000|  0%| F|  |TAMS 0x0000000089a00000, 0x0000000089a00000| Untracked 
| 101|0x0000000089b00000, 0x0000000089b00000, 0x0000000089c00000|  0%| F|  |TAMS 0x0000000089b00000, 0x0000000089b00000| Untracked 
| 102|0x0000000089c00000, 0x0000000089c00000, 0x0000000089d00000|  0%| F|  |TAMS 0x0000000089c00000, 0x0000000089c00000| Untracked 
| 103|0x0000000089d00000, 0x0000000089d00000, 0x0000000089e00000|  0%| F|  |TAMS 0x0000000089d00000, 0x0000000089d00000| Untracked 
| 104|0x0000000089e00000, 0x0000000089e00000, 0x0000000089f00000|  0%| F|  |TAMS 0x0000000089e00000, 0x0000000089e00000| Untracked 
| 105|0x0000000089f00000, 0x0000000089f00000, 0x000000008a000000|  0%| F|  |TAMS 0x0000000089f00000, 0x0000000089f00000| Untracked 
| 106|0x000000008a000000, 0x000000008a000000, 0x000000008a100000|  0%| F|  |TAMS 0x000000008a000000, 0x000000008a000000| Untracked 
| 107|0x000000008a100000, 0x000000008a100000, 0x000000008a200000|  0%| F|  |TAMS 0x000000008a100000, 0x000000008a100000| Untracked 
| 108|0x000000008a200000, 0x000000008a200000, 0x000000008a300000|  0%| F|  |TAMS 0x000000008a200000, 0x000000008a200000| Untracked 
| 109|0x000000008a300000, 0x000000008a300000, 0x000000008a400000|  0%| F|  |TAMS 0x000000008a300000, 0x000000008a300000| Untracked 
| 110|0x000000008a400000, 0x000000008a400000, 0x000000008a500000|  0%| F|  |TAMS 0x000000008a400000, 0x000000008a400000| Untracked 
| 111|0x000000008a500000, 0x000000008a500000, 0x000000008a600000|  0%| F|  |TAMS 0x000000008a500000, 0x000000008a500000| Untracked 
| 112|0x000000008a600000, 0x000000008a600000, 0x000000008a700000|  0%| F|  |TAMS 0x000000008a600000, 0x000000008a600000| Untracked 
| 113|0x000000008a700000, 0x000000008a700000, 0x000000008a800000|  0%| F|  |TAMS 0x000000008a700000, 0x000000008a700000| Untracked 
| 114|0x000000008a800000, 0x000000008a800000, 0x000000008a900000|  0%| F|  |TAMS 0x000000008a800000, 0x000000008a800000| Untracked 
| 115|0x000000008a900000, 0x000000008a900000, 0x000000008aa00000|  0%| F|  |TAMS 0x000000008a900000, 0x000000008a900000| Untracked 
| 116|0x000000008aa00000, 0x000000008aa00000, 0x000000008ab00000|  0%| F|  |TAMS 0x000000008aa00000, 0x000000008aa00000| Untracked 
| 117|0x000000008ab00000, 0x000000008ab00000, 0x000000008ac00000|  0%| F|  |TAMS 0x000000008ab00000, 0x000000008ab00000| Untracked 
| 118|0x000000008ac00000, 0x000000008ac00000, 0x000000008ad00000|  0%| F|  |TAMS 0x000000008ac00000, 0x000000008ac00000| Untracked 
| 119|0x000000008ad00000, 0x000000008ad00000, 0x000000008ae00000|  0%| F|  |TAMS 0x000000008ad00000, 0x000000008ad00000| Untracked 
| 120|0x000000008ae00000, 0x000000008ae00000, 0x000000008af00000|  0%| F|  |TAMS 0x000000008ae00000, 0x000000008ae00000| Untracked 
| 121|0x000000008af00000, 0x000000008af00000, 0x000000008b000000|  0%| F|  |TAMS 0x000000008af00000, 0x000000008af00000| Untracked 
| 122|0x000000008b000000, 0x000000008b000000, 0x000000008b100000|  0%| F|  |TAMS 0x000000008b000000, 0x000000008b000000| Untracked 
| 123|0x000000008b100000, 0x000000008b100000, 0x000000008b200000|  0%| F|  |TAMS 0x000000008b100000, 0x000000008b100000| Untracked 
| 124|0x000000008b200000, 0x000000008b200000, 0x000000008b300000|  0%| F|  |TAMS 0x000000008b200000, 0x000000008b200000| Untracked 
| 125|0x000000008b300000, 0x000000008b300000, 0x000000008b400000|  0%| F|  |TAMS 0x000000008b300000, 0x000000008b300000| Untracked 
| 126|0x000000008b400000, 0x000000008b400000, 0x000000008b500000|  0%| F|  |TAMS 0x000000008b400000, 0x000000008b400000| Untracked 
| 127|0x000000008b500000, 0x000000008b500000, 0x000000008b600000|  0%| F|  |TAMS 0x000000008b500000, 0x000000008b500000| Untracked 
| 128|0x000000008b600000, 0x000000008b600000, 0x000000008b700000|  0%| F|  |TAMS 0x000000008b600000, 0x000000008b600000| Untracked 
| 129|0x000000008b700000, 0x000000008b700000, 0x000000008b800000|  0%| F|  |TAMS 0x000000008b700000, 0x000000008b700000| Untracked 
| 130|0x000000008b800000, 0x000000008b800000, 0x000000008b900000|  0%| F|  |TAMS 0x000000008b800000, 0x000000008b800000| Untracked 
| 131|0x000000008b900000, 0x000000008b900000, 0x000000008ba00000|  0%| F|  |TAMS 0x000000008b900000, 0x000000008b900000| Untracked 
| 132|0x000000008ba00000, 0x000000008ba00000, 0x000000008bb00000|  0%| F|  |TAMS 0x000000008ba00000, 0x000000008ba00000| Untracked 
| 133|0x000000008bb00000, 0x000000008bb00000, 0x000000008bc00000|  0%| F|  |TAMS 0x000000008bb00000, 0x000000008bb00000| Untracked 
| 134|0x000000008bc00000, 0x000000008bc00000, 0x000000008bd00000|  0%| F|  |TAMS 0x000000008bc00000, 0x000000008bc00000| Untracked 
| 135|0x000000008bd00000, 0x000000008bd00000, 0x000000008be00000|  0%| F|  |TAMS 0x000000008bd00000, 0x000000008bd00000| Untracked 
| 136|0x000000008be00000, 0x000000008be00000, 0x000000008bf00000|  0%| F|  |TAMS 0x000000008be00000, 0x000000008be00000| Untracked 
| 137|0x000000008bf00000, 0x000000008bf00000, 0x000000008c000000|  0%| F|  |TAMS 0x000000008bf00000, 0x000000008bf00000| Untracked 
| 138|0x000000008c000000, 0x000000008c000000, 0x000000008c100000|  0%| F|  |TAMS 0x000000008c000000, 0x000000008c000000| Untracked 
| 139|0x000000008c100000, 0x000000008c100000, 0x000000008c200000|  0%| F|  |TAMS 0x000000008c100000, 0x000000008c100000| Untracked 
| 140|0x000000008c200000, 0x000000008c200000, 0x000000008c300000|  0%| F|  |TAMS 0x000000008c200000, 0x000000008c200000| Untracked 
| 141|0x000000008c300000, 0x000000008c300000, 0x000000008c400000|  0%| F|  |TAMS 0x000000008c300000, 0x000000008c300000| Untracked 
| 142|0x000000008c400000, 0x000000008c400000, 0x000000008c500000|  0%| F|  |TAMS 0x000000008c400000, 0x000000008c400000| Untracked 
| 143|0x000000008c500000, 0x000000008c500000, 0x000000008c600000|  0%| F|  |TAMS 0x000000008c500000, 0x000000008c500000| Untracked 
| 144|0x000000008c600000, 0x000000008c600000, 0x000000008c700000|  0%| F|  |TAMS 0x000000008c600000, 0x000000008c600000| Untracked 
| 145|0x000000008c700000, 0x000000008c7834d8, 0x000000008c800000| 51%| E|  |TAMS 0x000000008c700000, 0x000000008c700000| Complete 
| 146|0x000000008c800000, 0x000000008c900000, 0x000000008c900000|100%| E|CS|TAMS 0x000000008c800000, 0x000000008c800000| Complete 
| 147|0x000000008c900000, 0x000000008ca00000, 0x000000008ca00000|100%| E|CS|TAMS 0x000000008c900000, 0x000000008c900000| Complete 
| 148|0x000000008ca00000, 0x000000008cb00000, 0x000000008cb00000|100%| E|CS|TAMS 0x000000008ca00000, 0x000000008ca00000| Complete 
| 149|0x000000008cb00000, 0x000000008cc00000, 0x000000008cc00000|100%| E|CS|TAMS 0x000000008cb00000, 0x000000008cb00000| Complete 
| 150|0x000000008cc00000, 0x000000008cd00000, 0x000000008cd00000|100%| E|CS|TAMS 0x000000008cc00000, 0x000000008cc00000| Complete 
| 151|0x000000008cd00000, 0x000000008ce00000, 0x000000008ce00000|100%| E|CS|TAMS 0x000000008cd00000, 0x000000008cd00000| Complete 
| 152|0x000000008ce00000, 0x000000008cf00000, 0x000000008cf00000|100%| E|CS|TAMS 0x000000008ce00000, 0x000000008ce00000| Complete 
| 153|0x000000008cf00000, 0x000000008d000000, 0x000000008d000000|100%| E|CS|TAMS 0x000000008cf00000, 0x000000008cf00000| Complete 
| 154|0x000000008d000000, 0x000000008d100000, 0x000000008d100000|100%| E|CS|TAMS 0x000000008d000000, 0x000000008d000000| Complete 
| 155|0x000000008d100000, 0x000000008d200000, 0x000000008d200000|100%| E|CS|TAMS 0x000000008d100000, 0x000000008d100000| Complete 
| 156|0x000000008d200000, 0x000000008d300000, 0x000000008d300000|100%| E|CS|TAMS 0x000000008d200000, 0x000000008d200000| Complete 
| 157|0x000000008d300000, 0x000000008d400000, 0x000000008d400000|100%| E|CS|TAMS 0x000000008d300000, 0x000000008d300000| Complete 
| 158|0x000000008d400000, 0x000000008d500000, 0x000000008d500000|100%| E|CS|TAMS 0x000000008d400000, 0x000000008d400000| Complete 
| 159|0x000000008d500000, 0x000000008d600000, 0x000000008d600000|100%| E|CS|TAMS 0x000000008d500000, 0x000000008d500000| Complete 
| 160|0x000000008d600000, 0x000000008d700000, 0x000000008d700000|100%| E|CS|TAMS 0x000000008d600000, 0x000000008d600000| Complete 
| 161|0x000000008d700000, 0x000000008d800000, 0x000000008d800000|100%| E|CS|TAMS 0x000000008d700000, 0x000000008d700000| Complete 
| 162|0x000000008d800000, 0x000000008d900000, 0x000000008d900000|100%| E|CS|TAMS 0x000000008d800000, 0x000000008d800000| Complete 
| 163|0x000000008d900000, 0x000000008da00000, 0x000000008da00000|100%| E|CS|TAMS 0x000000008d900000, 0x000000008d900000| Complete 
| 164|0x000000008da00000, 0x000000008db00000, 0x000000008db00000|100%| E|CS|TAMS 0x000000008da00000, 0x000000008da00000| Complete 
| 165|0x000000008db00000, 0x000000008dc00000, 0x000000008dc00000|100%| E|CS|TAMS 0x000000008db00000, 0x000000008db00000| Complete 
| 166|0x000000008dc00000, 0x000000008dd00000, 0x000000008dd00000|100%| E|CS|TAMS 0x000000008dc00000, 0x000000008dc00000| Complete 
| 167|0x000000008dd00000, 0x000000008de00000, 0x000000008de00000|100%| E|CS|TAMS 0x000000008dd00000, 0x000000008dd00000| Complete 
| 168|0x000000008de00000, 0x000000008df00000, 0x000000008df00000|100%| E|CS|TAMS 0x000000008de00000, 0x000000008de00000| Complete 
| 169|0x000000008df00000, 0x000000008e000000, 0x000000008e000000|100%| E|CS|TAMS 0x000000008df00000, 0x000000008df00000| Complete 

Card table byte_map: [0x000002bc9c6a0000,0x000002bc9ca90000] _byte_map_base: 0x000002bc9c285000

Marking Bits (Prev, Next): (CMBitMap*) 0x000002bc937bb530, (CMBitMap*) 0x000002bc937bb4f0
 Prev Bits: [0x000002bc9edb0000, 0x000002bca0cd8000)
 Next Bits: [0x000002bc9ce80000, 0x000002bc9eda8000)

Polling page: 0x000002bc938a0000

Metaspace:

Usage:
  Non-class:     66.12 MB used.
      Class:     11.82 MB used.
       Both:     77.93 MB used.

Virtual space:
  Non-class space:      128.00 MB reserved,      66.50 MB ( 52%) committed,  2 nodes.
      Class space:        1.00 GB reserved,      12.19 MB (  1%) committed,  1 nodes.
             Both:        1.12 GB reserved,      78.69 MB (  7%) committed. 

Chunk freelists:
   Non-Class:  13.50 MB
       Class:  3.73 MB
        Both:  17.23 MB

MaxMetaspaceSize: unlimited
CompressedClassSpaceSize: 1.00 GB
Initial GC threshold: 21.00 MB
Current GC threshold: 105.94 MB
CDS: on
MetaspaceReclaimPolicy: balanced
 - commit_granule_bytes: 65536.
 - commit_granule_words: 8192.
 - virtual_space_node_default_size: 8388608.
 - enlarge_chunks_in_place: 1.
 - new_chunks_are_fully_committed: 0.
 - uncommit_free_chunks: 1.
 - use_allocation_guard: 0.
 - handle_deallocations: 1.


Internal statistics:

num_allocs_failed_limit: 9.
num_arena_births: 1244.
num_arena_deaths: 0.
num_vsnodes_births: 3.
num_vsnodes_deaths: 0.
num_space_committed: 1259.
num_space_uncommitted: 0.
num_chunks_returned_to_freelist: 9.
num_chunks_taken_from_freelist: 4310.
num_chunk_merges: 9.
num_chunk_splits: 3043.
num_chunks_enlarged: 2237.
num_inconsistent_stats: 0.

CodeCache: size=49152Kb used=21547Kb max_used=23167Kb free=27604Kb
 bounds [0x000002bc98a20000, 0x000002bc9a110000, 0x000002bc9ba20000]
 total_blobs=13395 nmethods=12707 adapters=614
 compilation: enabled
              stopped_count=0, restarted_count=0
 full_count=0

Compilation events (20 events):
Event: 110812.719 Thread 0x000002bca3073120 13115       1       sun.nio.ch.NioSocketImpl::getInputStream (9 bytes)
Event: 110812.730 Thread 0x000002bca3073120 nmethod 13115 0x000002bc99e71810 code [0x000002bc99e719a0, 0x000002bc99e71b18]
Event: 110812.731 Thread 0x000002bca3073120 13116       1       sun.nio.ch.NioSocketImpl$1::<init> (10 bytes)
Event: 110812.731 Thread 0x000002bca3073120 nmethod 13116 0x000002bc99e71490 code [0x000002bc99e71620, 0x000002bc99e71738]
Event: 111413.932 Thread 0x000002bca3073120 13117       1       java.io.DataOutputStream::writeUTF (411 bytes)
Event: 111413.981 Thread 0x000002bca3073120 nmethod 13117 0x000002bc99e6fc10 code [0x000002bc99e6fe60, 0x000002bc99e70bc8]
Event: 112771.467 Thread 0x000002bca3073120 13118   !   1       sun.nio.ch.NioSocketImpl::tryClose (85 bytes)
Event: 112771.488 Thread 0x000002bca3073120 nmethod 13118 0x000002bc99e6f510 code [0x000002bc99e6f6e0, 0x000002bc99e6f958]
Event: 112771.489 Thread 0x000002bca3073120 13119       1       sun.nio.ch.NioSocketImpl$$Lambda$22/0x000002bca5058030::run (8 bytes)
Event: 112771.499 Thread 0x000002bca3073120 nmethod 13119 0x000002bc99e6f090 code [0x000002bc99e6f240, 0x000002bc99e6f3d8]
Event: 112771.499 Thread 0x000002bca3073120 13120   !   1       sun.nio.ch.NioSocketImpl::lambda$closerFor$0 (21 bytes)
Event: 112771.500 Thread 0x000002bca3073120 nmethod 13120 0x000002bc99e6ec90 code [0x000002bc99e6ee40, 0x000002bc99e6efb8]
Event: 132333.280 Thread 0x000002bca3073120 13121   !   1       java.util.concurrent.ThreadPoolExecutor::tryTerminate (163 bytes)
Event: 132335.708 Thread 0x000002bca3073120 nmethod 13121 0x000002bc99e6da10 code [0x000002bc99e6dcc0, 0x000002bc99e6e508]
Event: 132669.584 Thread 0x000002bca3073120 13122   !   1       com.mysql.cj.jdbc.AbandonedConnectionCleanupThread::finalizeResource (35 bytes)
Event: 132669.651 Thread 0x000002bca3073120 nmethod 13122 0x000002bc99e6d310 code [0x000002bc99e6d4e0, 0x000002bc99e6d738]
Event: 132669.651 Thread 0x000002bca3073120 13123   !   1       com.mysql.cj.jdbc.AbandonedConnectionCleanupThread$ConnectionFinalizerPhantomReference::finalizeResources (31 bytes)
Event: 132669.653 Thread 0x000002bca3073120 nmethod 13123 0x000002bc99e6cf10 code [0x000002bc99e6d0a0, 0x000002bc99e6d228]
Event: 132922.311 Thread 0x000002bca3073120 13124       1       java.io.DataInputStream::readInt (68 bytes)
Event: 132922.338 Thread 0x000002bca3073120 nmethod 13124 0x000002bc99e6c990 code [0x000002bc99e6cb60, 0x000002bc99e6cd88]

GC Heap History (20 events):
Event: 107619.529 GC heap before
{Heap before GC invocations=132 (full 0):
 garbage-first heap   total 174080K, used 154040K [0x0000000083600000, 0x0000000100000000)
  region size 1024K, 78 young (79872K), 1 survivors (1024K)
 Metaspace       used 79801K, committed 80576K, reserved 1179648K
  class space    used 12098K, committed 12480K, reserved 1048576K
}
Event: 107619.583 GC heap after
{Heap after GC invocations=133 (full 0):
 garbage-first heap   total 174080K, used 75336K [0x0000000083600000, 0x0000000100000000)
  region size 1024K, 1 young (1024K), 1 survivors (1024K)
 Metaspace       used 79801K, committed 80576K, reserved 1179648K
  class space    used 12098K, committed 12480K, reserved 1048576K
}
Event: 109251.032 GC heap before
{Heap before GC invocations=133 (full 0):
 garbage-first heap   total 174080K, used 154184K [0x0000000083600000, 0x0000000100000000)
  region size 1024K, 78 young (79872K), 1 survivors (1024K)
 Metaspace       used 79801K, committed 80576K, reserved 1179648K
  class space    used 12098K, committed 12480K, reserved 1048576K
}
Event: 109251.087 GC heap after
{Heap after GC invocations=134 (full 0):
 garbage-first heap   total 174080K, used 75233K [0x0000000083600000, 0x0000000100000000)
  region size 1024K, 1 young (1024K), 1 survivors (1024K)
 Metaspace       used 79801K, committed 80576K, reserved 1179648K
  class space    used 12098K, committed 12480K, reserved 1048576K
}
Event: 109916.425 GC heap before
{Heap before GC invocations=134 (full 0):
 garbage-first heap   total 174080K, used 154081K [0x0000000083600000, 0x0000000100000000)
  region size 1024K, 78 young (79872K), 1 survivors (1024K)
 Metaspace       used 79801K, committed 80576K, reserved 1179648K
  class space    used 12098K, committed 12480K, reserved 1048576K
}
Event: 109916.501 GC heap after
{Heap after GC invocations=135 (full 0):
 garbage-first heap   total 174080K, used 75251K [0x0000000083600000, 0x0000000100000000)
  region size 1024K, 1 young (1024K), 1 survivors (1024K)
 Metaspace       used 79801K, committed 80576K, reserved 1179648K
  class space    used 12098K, committed 12480K, reserved 1048576K
}
Event: 111049.723 GC heap before
{Heap before GC invocations=135 (full 0):
 garbage-first heap   total 174080K, used 154099K [0x0000000083600000, 0x0000000100000000)
  region size 1024K, 78 young (79872K), 1 survivors (1024K)
 Metaspace       used 79801K, committed 80576K, reserved 1179648K
  class space    used 12098K, committed 12480K, reserved 1048576K
}
Event: 111049.792 GC heap after
{Heap after GC invocations=136 (full 0):
 garbage-first heap   total 174080K, used 75269K [0x0000000083600000, 0x0000000100000000)
  region size 1024K, 1 young (1024K), 1 survivors (1024K)
 Metaspace       used 79801K, committed 80576K, reserved 1179648K
  class space    used 12098K, committed 12480K, reserved 1048576K
}
Event: 113040.360 GC heap before
{Heap before GC invocations=136 (full 0):
 garbage-first heap   total 174080K, used 154117K [0x0000000083600000, 0x0000000100000000)
  region size 1024K, 78 young (79872K), 1 survivors (1024K)
 Metaspace       used 79802K, committed 80576K, reserved 1179648K
  class space    used 12098K, committed 12480K, reserved 1048576K
}
Event: 113040.406 GC heap after
{Heap after GC invocations=137 (full 0):
 garbage-first heap   total 174080K, used 75409K [0x0000000083600000, 0x0000000100000000)
  region size 1024K, 1 young (1024K), 1 survivors (1024K)
 Metaspace       used 79802K, committed 80576K, reserved 1179648K
  class space    used 12098K, committed 12480K, reserved 1048576K
}
Event: 113703.598 GC heap before
{Heap before GC invocations=137 (full 0):
 garbage-first heap   total 174080K, used 153233K [0x0000000083600000, 0x0000000100000000)
  region size 1024K, 77 young (78848K), 1 survivors (1024K)
 Metaspace       used 79802K, committed 80576K, reserved 1179648K
  class space    used 12098K, committed 12480K, reserved 1048576K
}
Event: 113703.650 GC heap after
{Heap after GC invocations=138 (full 0):
 garbage-first heap   total 174080K, used 75162K [0x0000000083600000, 0x0000000100000000)
  region size 1024K, 1 young (1024K), 1 survivors (1024K)
 Metaspace       used 79802K, committed 80576K, reserved 1179648K
  class space    used 12098K, committed 12480K, reserved 1048576K
}
Event: 114362.427 GC heap before
{Heap before GC invocations=138 (full 0):
 garbage-first heap   total 174080K, used 154010K [0x0000000083600000, 0x0000000100000000)
  region size 1024K, 78 young (79872K), 1 survivors (1024K)
 Metaspace       used 79802K, committed 80576K, reserved 1179648K
  class space    used 12098K, committed 12480K, reserved 1048576K
}
Event: 114362.487 GC heap after
{Heap after GC invocations=139 (full 0):
 garbage-first heap   total 174080K, used 75171K [0x0000000083600000, 0x0000000100000000)
  region size 1024K, 1 young (1024K), 1 survivors (1024K)
 Metaspace       used 79802K, committed 80576K, reserved 1179648K
  class space    used 12098K, committed 12480K, reserved 1048576K
}
Event: 115003.027 GC heap before
{Heap before GC invocations=139 (full 0):
 garbage-first heap   total 174080K, used 154019K [0x0000000083600000, 0x0000000100000000)
  region size 1024K, 78 young (79872K), 1 survivors (1024K)
 Metaspace       used 79802K, committed 80576K, reserved 1179648K
  class space    used 12098K, committed 12480K, reserved 1048576K
}
Event: 115003.058 GC heap after
{Heap after GC invocations=140 (full 0):
 garbage-first heap   total 174080K, used 75326K [0x0000000083600000, 0x0000000100000000)
  region size 1024K, 1 young (1024K), 1 survivors (1024K)
 Metaspace       used 79802K, committed 80576K, reserved 1179648K
  class space    used 12098K, committed 12480K, reserved 1048576K
}
Event: 132669.499 GC heap before
{Heap before GC invocations=140 (full 0):
 garbage-first heap   total 174080K, used 153150K [0x0000000083600000, 0x0000000100000000)
  region size 1024K, 78 young (79872K), 1 survivors (1024K)
 Metaspace       used 79802K, committed 80576K, reserved 1179648K
  class space    used 12098K, committed 12480K, reserved 1048576K
}
Event: 132669.575 GC heap after
{Heap after GC invocations=141 (full 0):
 garbage-first heap   total 174080K, used 75341K [0x0000000083600000, 0x0000000100000000)
  region size 1024K, 1 young (1024K), 1 survivors (1024K)
 Metaspace       used 79802K, committed 80576K, reserved 1179648K
  class space    used 12098K, committed 12480K, reserved 1048576K
}
Event: 133325.817 GC heap before
{Heap before GC invocations=141 (full 0):
 garbage-first heap   total 174080K, used 153165K [0x0000000083600000, 0x0000000100000000)
  region size 1024K, 77 young (78848K), 1 survivors (1024K)
 Metaspace       used 79802K, committed 80576K, reserved 1179648K
  class space    used 12098K, committed 12480K, reserved 1048576K
}
Event: 133325.877 GC heap after
{Heap after GC invocations=142 (full 0):
 garbage-first heap   total 174080K, used 75169K [0x0000000083600000, 0x0000000100000000)
  region size 1024K, 1 young (1024K), 1 survivors (1024K)
 Metaspace       used 79802K, committed 80576K, reserved 1179648K
  class space    used 12098K, committed 12480K, reserved 1048576K
}

Dll operation events (4 events):
Event: 0.038 Loaded shared library C:\Users\Cyrine\.jdks\jbr-17.0.14\bin\java.dll
Event: 0.063 Loaded shared library C:\Users\Cyrine\.jdks\jbr-17.0.14\bin\jsvml.dll
Event: 0.263 Loaded shared library C:\Users\Cyrine\.jdks\jbr-17.0.14\bin\zip.dll
Event: 1.261 Loaded shared library C:\Users\Cyrine\.jdks\jbr-17.0.14\bin\verify.dll

Deoptimization events (8 events):
Event: 8.998 Thread 0x000002bce9c594c0 DEOPT PACKING pc=0x000002bc994b03f4 sp=0x000000ff11bfbf20
Event: 8.998 Thread 0x000002bce9c594c0 DEOPT UNPACKING pc=0x000002bc98a77143 sp=0x000000ff11bfb3a8 mode 0
Event: 9.959 Thread 0x000002bce9c594c0 DEOPT PACKING pc=0x000002bc98fc4992 sp=0x000000ff11bfb810
Event: 9.959 Thread 0x000002bce9c594c0 DEOPT UNPACKING pc=0x000002bc98a77143 sp=0x000000ff11bfad18 mode 3
Event: 10.108 Thread 0x000002bce9c594c0 DEOPT PACKING pc=0x000002bc98faca9c sp=0x000000ff11bfbc40
Event: 10.108 Thread 0x000002bce9c594c0 DEOPT UNPACKING pc=0x000002bc98a77143 sp=0x000000ff11bfb198 mode 0
Event: 18689.871 Thread 0x000002bcec08a740 DEOPT PACKING pc=0x000002bc98b57a4c sp=0x000000ff12cf9550
Event: 18689.872 Thread 0x000002bcec08a740 DEOPT UNPACKING pc=0x000002bc98a77143 sp=0x000000ff12cf8a10 mode 0

Classes loaded (20 events):
Event: 1771.825 Loading class javax/crypto/NoSuchPaddingException
Event: 1771.827 Loading class javax/crypto/NoSuchPaddingException done
Event: 1771.827 Loading class javax/crypto/IllegalBlockSizeException
Event: 1771.829 Loading class javax/crypto/IllegalBlockSizeException done
Event: 1771.829 Loading class javax/crypto/BadPaddingException
Event: 1771.831 Loading class javax/crypto/BadPaddingException done
Event: 1771.832 Loading class java/security/spec/InvalidKeySpecException
Event: 1771.833 Loading class java/security/spec/InvalidKeySpecException done
Event: 1771.840 Loading class javax/net/ssl/SSLSocket
Event: 1771.851 Loading class javax/net/ssl/SSLSocket done
Event: 5423.072 Loading class java/util/concurrent/atomic/Striped64$Cell
Event: 5423.158 Loading class java/util/concurrent/atomic/Striped64$Cell done
Event: 9716.724 Loading class java/text/ParsePosition
Event: 9716.755 Loading class java/text/ParsePosition done
Event: 9716.759 Loading class java/text/CalendarBuilder
Event: 9716.806 Loading class java/text/CalendarBuilder done
Event: 18689.793 Loading class java/math/BigDecimal$StringBuilderHelper
Event: 18689.800 Loading class java/math/BigDecimal$StringBuilderHelper done
Event: 133537.040 Loading class java/lang/Throwable$WrappedPrintStream
Event: 133537.063 Loading class java/lang/Throwable$WrappedPrintStream done

Classes unloaded (0 events):
No events

Classes redefined (0 events):
No events

Internal exceptions (20 events):
Event: 260.046 Thread 0x000002bcec0888e0 Exception <a 'java/lang/reflect/InvocationTargetException'{0x000000008c434568}> (0x000000008c434568) 
thrown [s\src\hotspot\share\runtime\reflection.cpp, line 1134]
Event: 361.376 Thread 0x000002bcec08b160 Exception <a 'java/lang/reflect/InvocationTargetException'{0x000000008b5e4600}> (0x000000008b5e4600) 
thrown [s\src\hotspot\share\runtime\reflection.cpp, line 1134]
Event: 362.901 Thread 0x000002bcec089810 Exception <a 'java/lang/reflect/InvocationTargetException'{0x000000008b241df8}> (0x000000008b241df8) 
thrown [s\src\hotspot\share\runtime\reflection.cpp, line 1134]
Event: 404.121 Thread 0x000002bcec08e400 Exception <a 'java/lang/NoSuchMethodError'{0x000000008a56a770}: 'int java.lang.invoke.DirectMethodHandle$Holder.invokeStatic(java.lang.Object, java.lang.Object, int, int)'> (0x000000008a56a770) 
thrown [s\src\hotspot\share\interpreter\linkResolver.cpp, line 771]
Event: 479.114 Thread 0x000002bcec08def0 Exception <a 'java/lang/NoSuchMethodError'{0x000000008d1f34a8}: 'java.lang.Object java.lang.invoke.Invokers$Holder.linkToTargetMethod(java.lang.Object, int, java.lang.Object, java.lang.Object, java.lang.Object, java.lang.Object)'> (0x000000008d1f34a8) 
thrown [s\src\hotspot\share\interpreter\linkResolver.cpp, line 771]
Event: 479.115 Thread 0x000002bcec08def0 Exception <a 'java/lang/NoSuchMethodError'{0x000000008d0008b8}: 'int java.lang.invoke.DirectMethodHandle$Holder.invokeStatic(java.lang.Object, java.lang.Object, int, java.lang.Object)'> (0x000000008d0008b8) 
thrown [s\src\hotspot\share\interpreter\linkResolver.cpp, line 771]
Event: 479.504 Thread 0x000002bcec089810 Exception <a 'java/lang/IncompatibleClassChangeError'{0x000000008cef68b0}: Found class java.lang.Object, but interface was expected> (0x000000008cef68b0) 
thrown [s\src\hotspot\share\interpreter\linkResolver.cpp, line 838]
Event: 479.532 Thread 0x000002bcec089810 Exception <a 'java/lang/NoSuchMethodError'{0x000000008cd4c8f0}: 'java.lang.Object java.lang.invoke.DirectMethodHandle$Holder.newInvokeSpecial(java.lang.Object, long)'> (0x000000008cd4c8f0) 
thrown [s\src\hotspot\share\interpreter\linkResolver.cpp, line 771]
Event: 983.233 Thread 0x000002bcec08b160 Exception <a 'java/lang/reflect/InvocationTargetException'{0x000000008cc3d2c0}> (0x000000008cc3d2c0) 
thrown [s\src\hotspot\share\runtime\reflection.cpp, line 1134]
Event: 998.298 Thread 0x000002bcec08e400 Exception <a 'java/lang/reflect/InvocationTargetException'{0x000000008c7578a8}> (0x000000008c7578a8) 
thrown [s\src\hotspot\share\runtime\reflection.cpp, line 1134]
Event: 1043.617 Thread 0x000002bcec08a740 Exception <a 'sun/nio/fs/WindowsException'{0x000000008c04bfb8}> (0x000000008c04bfb8) 
thrown [s\src\hotspot\share\prims\jni.cpp, line 531]
Event: 1048.408 Thread 0x000002bcec089810 Exception <a 'java/lang/NoSuchMethodError'{0x000000008bfec3d8}: 'java.lang.Object java.lang.invoke.DirectMethodHandle$Holder.invokeStatic(java.lang.Object, int, int)'> (0x000000008bfec3d8) 
thrown [s\src\hotspot\share\interpreter\linkResolver.cpp, line 771]
Event: 1067.573 Thread 0x000002bcec08ac50 Exception <a 'java/lang/reflect/InvocationTargetException'{0x000000008bc2e330}> (0x000000008bc2e330) 
thrown [s\src\hotspot\share\runtime\reflection.cpp, line 1134]
Event: 6470.645 Thread 0x000002bcec08e400 Exception <a 'java/io/IOException'{0x000000008c266720}> (0x000000008c266720) 
thrown [s\src\hotspot\share\prims\jni.cpp, line 531]
Event: 6882.515 Thread 0x000002bcec08e400 Exception <a 'java/io/IOException'{0x000000008dfbec00}> (0x000000008dfbec00) 
thrown [s\src\hotspot\share\prims\jni.cpp, line 531]
Event: 17536.772 Thread 0x000002bcebed5880 Exception <a 'java/lang/NoSuchMethodError'{0x0000000089f8f568}: static [Ljava/lang/Integer;.<clinit>()V> (0x0000000089f8f568) 
thrown [s\src\hotspot\share\prims\jni.cpp, line 1127]
Event: 75580.600 Thread 0x000002bcebed8610 Exception <a 'java/lang/NoSuchMethodError'{0x000000008b1dd9f8}: static [Ljava/lang/Integer;.<clinit>()V> (0x000000008b1dd9f8) 
thrown [s\src\hotspot\share\prims\jni.cpp, line 1127]
Event: 85886.001 Thread 0x000002bcebed8100 Exception <a 'java/lang/NoSuchMethodError'{0x0000000088f967f8}: static [Ljava/lang/Integer;.<clinit>()V> (0x0000000088f967f8) 
thrown [s\src\hotspot\share\prims\jni.cpp, line 1127]
Event: 112758.800 Thread 0x000002bcebed8100 Exception <a 'java/net/SocketException'{0x000000008b799940}: Connection reset by peer: shutdown> (0x000000008b799940) 
thrown [s\src\hotspot\share\prims\jni.cpp, line 550]
Event: 133537.738 Thread 0x000002bce94e35f0 Exception <a 'java/lang/Error'{0x000000008c7825f8}: IP Helper Library GetIpAddrTable function failed> (0x000000008c7825f8) 
thrown [s\src\hotspot\share\prims\jni.cpp, line 550]

VM Operations (20 events):
Event: 111049.712 Executing VM operation: G1CollectForAllocation
Event: 111049.792 Executing VM operation: G1CollectForAllocation done
Event: 112790.904 Executing VM operation: Cleanup
Event: 112790.962 Executing VM operation: Cleanup done
Event: 112877.654 Executing VM operation: HandshakeAllThreads
Event: 112877.658 Executing VM operation: HandshakeAllThreads done
Event: 113040.355 Executing VM operation: G1CollectForAllocation
Event: 113040.406 Executing VM operation: G1CollectForAllocation done
Event: 113703.592 Executing VM operation: G1CollectForAllocation
Event: 113703.650 Executing VM operation: G1CollectForAllocation done
Event: 114362.415 Executing VM operation: G1CollectForAllocation
Event: 114362.488 Executing VM operation: G1CollectForAllocation done
Event: 115003.021 Executing VM operation: G1CollectForAllocation
Event: 115003.058 Executing VM operation: G1CollectForAllocation done
Event: 132354.988 Executing VM operation: HandshakeAllThreads
Event: 132355.371 Executing VM operation: HandshakeAllThreads done
Event: 132669.461 Executing VM operation: G1CollectForAllocation
Event: 132669.576 Executing VM operation: G1CollectForAllocation done
Event: 133325.780 Executing VM operation: G1CollectForAllocation
Event: 133325.877 Executing VM operation: G1CollectForAllocation done

Memory protections (0 events):
No events

Nmethod flushes (0 events):
No events

Events (20 events):
Event: 114609.992 Thread 0x000002bcebed8610 Thread exited: 0x000002bcebed8610
Event: 114614.735 Thread 0x000002bcea161a20 Thread added: 0x000002bcebed76e0
Event: 114614.735 Thread 0x000002bcea161a20 Thread added: 0x000002bcebed8610
Event: 114625.209 Thread 0x000002bcebed76e0 Thread exited: 0x000002bcebed76e0
Event: 114625.225 Thread 0x000002bcebed8610 Thread exited: 0x000002bcebed8610
Event: 132321.125 Thread 0x000002bce9591030 Thread added: 0x000002bcebed5880
Event: 132321.817 Thread 0x000002bcebed5370 Thread exited: 0x000002bcebed5370
Event: 132322.555 Thread 0x000002bcebed5880 Thread exited: 0x000002bcebed5880
Event: 132327.161 Thread 0x000002bcea161a20 Thread added: 0x000002bcebed5880
Event: 132327.306 Thread 0x000002bcea161a20 Thread added: 0x000002bcebed76e0
Event: 132333.317 Thread 0x000002bcebed5880 Thread exited: 0x000002bcebed5880
Event: 132333.810 Thread 0x000002bcebed76e0 Thread exited: 0x000002bcebed76e0
Event: 132337.209 Thread 0x000002bcebed8100 Thread added: 0x000002bcebed8610
Event: 132392.473 Thread 0x000002bce94e35f0 Thread added: 0x000002bcebed76e0
Event: 132469.960 Thread 0x000002bcebed8100 Thread exited: 0x000002bcebed8100
Event: 132644.207 Thread 0x000002bce94e35f0 Thread added: 0x000002bcebed8100
Event: 132722.712 Thread 0x000002bcebed76e0 Thread exited: 0x000002bcebed76e0
Event: 132922.281 Thread 0x000002bce94e35f0 Thread added: 0x000002bcea15e780
Event: 132998.077 Thread 0x000002bcebed8100 Thread exited: 0x000002bcebed8100
Event: 133537.091 Thread 0x000002bcec0883d0 Thread exited: 0x000002bcec0883d0


Dynamic libraries:
0x00007ff703550000 - 0x00007ff70355a000 	C:\Users\Cyrine\.jdks\jbr-17.0.14\bin\java.exe
0x00007fffec9c0000 - 0x00007fffecc27000 	C:\WINDOWS\SYSTEM32\ntdll.dll
0x00007fffebc90000 - 0x00007fffebd59000 	C:\WINDOWS\System32\KERNEL32.DLL
0x00007fffe9b10000 - 0x00007fffe9eff000 	C:\WINDOWS\System32\KERNELBASE.dll
0x00007fffea610000 - 0x00007fffea75b000 	C:\WINDOWS\System32\ucrtbase.dll
0x00007fffcda30000 - 0x00007fffcda4b000 	C:\Users\Cyrine\.jdks\jbr-17.0.14\bin\VCRUNTIME140.dll
0x00007fffcc170000 - 0x00007fffcc187000 	C:\Users\Cyrine\.jdks\jbr-17.0.14\bin\jli.dll
0x00007fffec7b0000 - 0x00007fffec975000 	C:\WINDOWS\System32\USER32.dll
0x00007fffea530000 - 0x00007fffea557000 	C:\WINDOWS\System32\win32u.dll
0x00007fffeb280000 - 0x00007fffeb2ab000 	C:\WINDOWS\System32\GDI32.dll
0x00007fffcc670000 - 0x00007fffcc903000 	C:\WINDOWS\WinSxS\amd64_microsoft.windows.common-controls_6595b64144ccf1df_6.0.26100.7309_none_3e05feeae336a044\COMCTL32.dll
0x00007fffea400000 - 0x00007fffea52c000 	C:\WINDOWS\System32\gdi32full.dll
0x00007fffec590000 - 0x00007fffec639000 	C:\WINDOWS\System32\msvcrt.dll
0x00007fffea090000 - 0x00007fffea133000 	C:\WINDOWS\System32\msvcp_win.dll
0x00007fffeb4b0000 - 0x00007fffeb4e1000 	C:\WINDOWS\System32\IMM32.DLL
0x0000000066070000 - 0x000000006607c000 	C:\Program Files (x86)\360\Total Security\safemon\SafeWrapper.dll
0x00007fffec6f0000 - 0x00007fffec7a4000 	C:\WINDOWS\System32\ADVAPI32.dll
0x00007fffec640000 - 0x00007fffec6e6000 	C:\WINDOWS\System32\sechost.dll
0x00007fffebb70000 - 0x00007fffebc88000 	C:\WINDOWS\System32\RPCRT4.dll
0x00007fffa3ba0000 - 0x00007fffa3c4c000 	C:\Program Files (x86)\360\Total Security\safemon\libzdtp64.dll
0x00007fffebdb0000 - 0x00007fffec503000 	C:\WINDOWS\System32\SHELL32.dll
0x00007fffea290000 - 0x00007fffea3fa000 	C:\WINDOWS\System32\wintypes.dll
0x00007fffeb4f0000 - 0x00007fffeb875000 	C:\WINDOWS\System32\combase.dll
0x00007fffeb3c0000 - 0x00007fffeb426000 	C:\WINDOWS\System32\SHLWAPI.dll
0x00007fffe93f0000 - 0x00007fffe93fb000 	C:\WINDOWS\SYSTEM32\VERSION.dll
0x00007fffd9200000 - 0x00007fffd920c000 	C:\Users\Cyrine\.jdks\jbr-17.0.14\bin\vcruntime140_1.dll
0x00007fffa90e0000 - 0x00007fffa916d000 	C:\Users\Cyrine\.jdks\jbr-17.0.14\bin\msvcp140.dll
0x00007fff327d0000 - 0x00007fff3345e000 	C:\Users\Cyrine\.jdks\jbr-17.0.14\bin\server\jvm.dll
0x00007fffeb340000 - 0x00007fffeb3b4000 	C:\WINDOWS\System32\WS2_32.dll
0x00007fffd77d0000 - 0x00007fffd7805000 	C:\WINDOWS\SYSTEM32\WINMM.dll
0x00007fffe9970000 - 0x00007fffe99ce000 	C:\WINDOWS\SYSTEM32\POWRPROF.dll
0x00007fffe9950000 - 0x00007fffe9964000 	C:\WINDOWS\SYSTEM32\UMPDC.dll
0x00007fffe8830000 - 0x00007fffe884b000 	C:\WINDOWS\SYSTEM32\kernel.appcore.dll
0x00007fffce350000 - 0x00007fffce35a000 	C:\Users\Cyrine\.jdks\jbr-17.0.14\bin\jimage.dll
0x00007fffe70e0000 - 0x00007fffe7322000 	C:\WINDOWS\SYSTEM32\DBGHELP.DLL
0x00007fffeb1a0000 - 0x00007fffeb276000 	C:\WINDOWS\System32\OLEAUT32.dll
0x00007fffc74f0000 - 0x00007fffc752c000 	C:\WINDOWS\SYSTEM32\dbgcore.DLL
0x00007fffea560000 - 0x00007fffea605000 	C:\WINDOWS\System32\bcryptPrimitives.dll
0x00007fffcae50000 - 0x00007fffcae5e000 	C:\Users\Cyrine\.jdks\jbr-17.0.14\bin\instrument.dll
0x00007fffc74c0000 - 0x00007fffc74e5000 	C:\Users\Cyrine\.jdks\jbr-17.0.14\bin\java.dll
0x00007fff69660000 - 0x00007fff69737000 	C:\Users\Cyrine\.jdks\jbr-17.0.14\bin\jsvml.dll
0x00007fffe7680000 - 0x00007fffe7ede000 	C:\WINDOWS\SYSTEM32\windows.storage.dll
0x00007fffea960000 - 0x00007fffeaa55000 	C:\WINDOWS\System32\SHCORE.dll
0x00007fffe9a30000 - 0x00007fffe9a59000 	C:\WINDOWS\SYSTEM32\profapi.dll
0x00007fffcba60000 - 0x00007fffcba78000 	C:\Users\Cyrine\.jdks\jbr-17.0.14\bin\zip.dll
0x00007fffca6c0000 - 0x00007fffca6d9000 	C:\Users\Cyrine\.jdks\jbr-17.0.14\bin\net.dll
0x00007fffdbcc0000 - 0x00007fffdbde8000 	C:\WINDOWS\SYSTEM32\WINHTTP.dll
0x00007fffe8dc0000 - 0x00007fffe8e2b000 	C:\WINDOWS\system32\mswsock.dll
0x00007fffbb910000 - 0x00007fffbb926000 	C:\Users\Cyrine\.jdks\jbr-17.0.14\bin\nio.dll
0x00007fffb6b40000 - 0x00007fffb6b5a000 	C:\Program Files\JetBrains\IntelliJ IDEA 2024.2.1\bin\breakgen64.dll
0x00007fffe8240000 - 0x00007fffe836c000 	C:\WINDOWS\SYSTEM32\DNSAPI.dll
0x00007fffe8200000 - 0x00007fffe8234000 	C:\WINDOWS\SYSTEM32\IPHLPAPI.DLL
0x00007fffebd90000 - 0x00007fffebd9a000 	C:\WINDOWS\System32\NSI.dll
0x00007fffe0c20000 - 0x00007fffe0c2b000 	C:\Windows\System32\rasadhlp.dll
0x00007fffcbc40000 - 0x00007fffcbc49000 	C:\Users\Cyrine\.jdks\jbr-17.0.14\bin\extnet.dll
0x00007fffda4e0000 - 0x00007fffda566000 	C:\WINDOWS\System32\fwpuclnt.dll
0x00007fffcdb80000 - 0x00007fffcdb89000 	C:\Users\Cyrine\.jdks\jbr-17.0.14\bin\management.dll
0x00007fffcda20000 - 0x00007fffcda2b000 	C:\Users\Cyrine\.jdks\jbr-17.0.14\bin\management_ext.dll
0x00007fffeb0b0000 - 0x00007fffeb0b8000 	C:\WINDOWS\System32\PSAPI.DLL
0x00007fffe9080000 - 0x00007fffe909b000 	C:\WINDOWS\SYSTEM32\CRYPTSP.dll
0x00007fffe8790000 - 0x00007fffe87ca000 	C:\WINDOWS\system32\rsaenh.dll
0x00007fffe8e70000 - 0x00007fffe8e9b000 	C:\WINDOWS\SYSTEM32\USERENV.dll
0x00007fffe9a00000 - 0x00007fffe9a2a000 	C:\WINDOWS\SYSTEM32\bcrypt.dll
0x00007fffe90a0000 - 0x00007fffe90ac000 	C:\WINDOWS\SYSTEM32\CRYPTBASE.dll
0x00007fffdbeb0000 - 0x00007fffdbece000 	C:\WINDOWS\SYSTEM32\dhcpcsvc6.DLL
0x00007fffdbc90000 - 0x00007fffdbcb3000 	C:\WINDOWS\SYSTEM32\dhcpcsvc.DLL
0x00007fffbc3b0000 - 0x00007fffbc3c8000 	C:\WINDOWS\system32\napinsp.dll
0x00007fffbc320000 - 0x00007fffbc332000 	C:\WINDOWS\System32\winrnr.dll
0x00007fffbc2f0000 - 0x00007fffbc312000 	C:\WINDOWS\system32\nlansp_c.dll
0x00007fffdc040000 - 0x00007fffdc056000 	C:\WINDOWS\system32\wshbth.dll
0x00007fffbb900000 - 0x00007fffbb910000 	C:\Users\Cyrine\.jdks\jbr-17.0.14\bin\verify.dll
0x00007fffc7530000 - 0x00007fffc7586000 	C:\WINDOWS\SYSTEM32\pdh.dll
0x00007fffe9f10000 - 0x00007fffea087000 	C:\WINDOWS\System32\CRYPT32.dll
0x00007fffea7c0000 - 0x00007fffea957000 	C:\WINDOWS\System32\ole32.dll
0x0000000066120000 - 0x00000000661f2000 	C:\WINDOWS\SYSTEM32\MSVCR100.dll
0x0000000066080000 - 0x0000000066118000 	C:\WINDOWS\SYSTEM32\MSVCP100.dll
0x00007fffa5c50000 - 0x00007fffa7e02000 	C:\Program Files\Common Files\Microsoft Shared\Office15\mso.dll
0x00007fffd9610000 - 0x00007fffd9618000 	C:\WINDOWS\SYSTEM32\MSIMG32.dll
0x00007fffb83d0000 - 0x00007fffb8408000 	C:\WINDOWS\SYSTEM32\rasman.dll
0x00007fffcc160000 - 0x00007fffcc16e000 	C:\Users\Cyrine\.jdks\jbr-17.0.14\bin\sunmscapi.dll
0x00007fffe92a0000 - 0x00007fffe92d0000 	C:\WINDOWS\SYSTEM32\ncrypt.dll
0x00007fffe9250000 - 0x00007fffe928f000 	C:\WINDOWS\SYSTEM32\NTASN1.dll
0x00007fffd95d0000 - 0x00007fffd95d8000 	C:\WINDOWS\system32\wshunix.dll

dbghelp: loaded successfully - version: 4.0.5 - missing functions: none
symbol engine: initialized successfully - sym options: 0x614 - pdb path: .;C:\Users\Cyrine\.jdks\jbr-17.0.14\bin;C:\WINDOWS\SYSTEM32;C:\WINDOWS\WinSxS\amd64_microsoft.windows.common-controls_6595b64144ccf1df_6.0.26100.7309_none_3e05feeae336a044;C:\Program Files (x86)\360\Total Security\safemon;C:\Users\Cyrine\.jdks\jbr-17.0.14\bin\server;C:\Program Files\JetBrains\IntelliJ IDEA 2024.2.1\bin;C:\Windows\Microsoft.NET\Framework64\v4.0.30319;C:\PROGRA~1\MICROS~2\Office15;C:\WINDOWS\WinSxS\amd64_microsoft.windows.gdiplus_6595b64144ccf1df_1.1.26100.7309_none_6ef0f1d03dc91a12;C:\Program Files\Common Files\Microsoft Shared\Office15;C:\Program Files (x86)\VMware\VMware Workstation

VM Arguments:
jvm_args: -XX:TieredStopAtLevel=1 -Dspring.output.ansi.enabled=always -Dcom.sun.management.jmxremote -Dspring.jmx.enabled=true -Dspring.liveBeansView.mbeanDomain -Dspring.application.admin.enabled=true -Dmanagement.endpoints.jmx.exposure.include=* -javaagent:C:\Program Files\JetBrains\IntelliJ IDEA 2024.2.1\lib\idea_rt.jar=50634:C:\Program Files\JetBrains\IntelliJ IDEA 2024.2.1\bin -Dfile.encoding=UTF-8 
java_command: tn.esprit.pi.nexlance.NexLanceApplication
java_class_path (initial): C:\Users\Cyrine\Downloads\PI DEV 4 EME\module_job_offers\service_user\target\classes;C:\Users\Cyrine\.m2\repository\org\springframework\boot\spring-boot-starter-data-jpa\3.2.2\spring-boot-starter-data-jpa-3.2.2.jar;C:\Users\Cyrine\.m2\repository\org\springframework\boot\spring-boot-starter-aop\3.2.2\spring-boot-starter-aop-3.2.2.jar;C:\Users\Cyrine\.m2\repository\org\aspectj\aspectjweaver\1.9.21\aspectjweaver-1.9.21.jar;C:\Users\Cyrine\.m2\repository\org\springframework\boot\spring-boot-starter-jdbc\3.2.2\spring-boot-starter-jdbc-3.2.2.jar;C:\Users\Cyrine\.m2\repository\com\zaxxer\HikariCP\5.0.1\HikariCP-5.0.1.jar;C:\Users\Cyrine\.m2\repository\org\springframework\spring-jdbc\6.1.3\spring-jdbc-6.1.3.jar;C:\Users\Cyrine\.m2\repository\org\hibernate\orm\hibernate-core\6.4.1.Final\hibernate-core-6.4.1.Final.jar;C:\Users\Cyrine\.m2\repository\jakarta\persistence\jakarta.persistence-api\3.1.0\jakarta.persistence-api-3.1.0.jar;C:\Users\Cyrine\.m2\repository\jakarta\transaction\jakarta.transaction-api\2.0.1\jakarta.transaction-api-2.0.1.jar;C:\Users\Cyrine\.m2\repository\org\hibernate\common\hibernate-commons-annotations\6.0.6.Final\hibernate-commons-annotations-6.0.6.Final.jar;C:\Users\Cyrine\.m2\repository\io\smallrye\jandex\3.1.2\jandex-3.1.2.jar;C:\Users\Cyrine\.m2\repository\com\fasterxml\classmate\1.6.0\classmate-1.6.0.jar;C:\Users\Cyrine\.m2\repository\net\bytebuddy\byte-buddy\1.14.11\byte-buddy-1.14.11.jar;C:\Users\Cyrine\.m2\repository\org\glassfish\jaxb\jaxb-runtime\4.0.4\jaxb-runtime-4.0.4.jar;C:\Users\Cyrine\.m2\repository\jakarta\inject\jakarta.inject-api\2.0.1\jakarta.inject-api-2.0.1.jar;C:\Users\Cyrine\.m2\repository\org\antlr\antlr4-runtime\4.13.0\antlr4-runtime-4.13.0.jar;C:\Users\Cyrine\.m2\repository\org\springframework\data\spring-data-jpa\3.2.2\spring-data-jpa-3.2.2.jar;C:\Users\Cyrine\.m2\repository\org\springframework\data\spring-data-commons\3.2.2\spring-data-commons-3.2.2.jar;C:\Users\Cyrine\.m2\repository\org\springfr
Launcher Type: SUN_STANDARD

[Global flags]
     intx CICompilerCount                          = 4                                         {product} {ergonomic}
     uint ConcGCThreads                            = 2                                         {product} {ergonomic}
     uint G1ConcRefinementThreads                  = 8                                         {product} {ergonomic}
   size_t G1HeapRegionSize                         = 1048576                                   {product} {ergonomic}
    uintx GCDrainStackTargetSize                   = 64                                        {product} {ergonomic}
   size_t InitialHeapSize                          = 132120576                                 {product} {ergonomic}
     bool ManagementServer                         = true                                      {product} {command line}
   size_t MarkStackSize                            = 4194304                                   {product} {ergonomic}
   size_t MaxHeapSize                              = 2090860544                                {product} {ergonomic}
   size_t MaxNewSize                               = 1254096896                                {product} {ergonomic}
   size_t MinHeapDeltaBytes                        = 1048576                                   {product} {ergonomic}
   size_t MinHeapSize                              = 8388608                                   {product} {ergonomic}
    uintx NonProfiledCodeHeapSize                  = 0                                      {pd product} {ergonomic}
     bool ProfileInterpreter                       = false                                  {pd product} {command line}
    uintx ProfiledCodeHeapSize                     = 0                                      {pd product} {ergonomic}
   size_t SoftMaxHeapSize                          = 2090860544                             {manageable} {ergonomic}
     intx TieredStopAtLevel                        = 1                                         {product} {command line}
     bool UseCompressedClassPointers               = true                           {product lp64_product} {ergonomic}
     bool UseCompressedOops                        = true                           {product lp64_product} {ergonomic}
     bool UseG1GC                                  = true                                      {product} {ergonomic}
     bool UseLargePagesIndividualAllocation        = false                                  {pd product} {ergonomic}

Logging:
Log output configuration:
 #0: stdout all=warning uptime,level,tags
 #1: stderr all=off uptime,level,tags

Environment Variables:
JAVA_HOME=C:\Users\Cyrine\AppData\Local\Android\Sdk
PATH=C:\Program Files (x86)\VMware\VMware Workstation\bin\;C:\Program Files\nodejs;C:\Program Files\cursor\resources\app\bin;C:\Program Files\Microsoft SQL Server\150\Tools\Binn\;C:\Program Files\Microsoft SQL Server\Client SDK\ODBC\170\Tools\Binn\;C:\Program Files\dotnet\;C:\Program Files\Git\cmd;C:\Program Files\MongoDB\Server\4.0\bin;C:\Program Files\JetBrains\IntelliJ IDEA 2024.2.1\bin;;C:\Program Files\MongoDB\Server\4.0\bin;C:\Users\Cyrine\AppData\Local\Programs\Microsoft VS Code\bin
USERNAME=Cyrine
OS=Windows_NT
PROCESSOR_IDENTIFIER=Intel64 Family 6 Model 165 Stepping 2, GenuineIntel
TMP=C:\Users\Cyrine\AppData\Local\Temp
TEMP=C:\Users\Cyrine\AppData\Local\Temp



Periodic native trim disabled

JNI global refs:
JNI global refs: 18, weak refs: 0

JNI global refs memory usage: 843, weak refs: 209

Process memory usage:
Resident Set Size: 56572K (0% of 8159348K total physical memory with 727260K free physical memory)

OOME stack traces (most recent first):
Classloader memory used:
Loader jdk.internal.loader.ClassLoaders$AppClassLoader                                 : 8432K
Loader bootstrap                                                                       : 1277K
Loader org.springframework.boot.devtools.restart.classloader.RestartClassLoader        : 113K
Loader jdk.internal.reflect.DelegatingClassLoader                                      : 86451B
Loader jdk.internal.loader.ClassLoaders$PlatformClassLoader                            : 68837B
Loader sun.reflect.misc.MethodUtil                                                     : 373B
Loader net.bytebuddy.utility.dispatcher.JavaDispatcher$DynamicClassLoader              : 231B

Classes loaded by more than one classloader:
Class tn.esprit.pi.nexlance.NexLanceApplication                                       : loaded 2 times (x 69B)


---------------  S Y S T E M  ---------------

OS:
 Windows 11 , 64 bit Build 26100 (10.0.26100.7309)
OS uptime: 2 days 16:02 hours
Hyper-V role detected

CPU: total 8 (initial active 8) (4 cores per cpu, 2 threads per core) family 6 model 165 stepping 2 microcode 0xf0, cx8, cmov, fxsr, ht, mmx, 3dnowpref, sse, sse2, sse3, ssse3, sse4.1, sse4.2, popcnt, lzcnt, tsc, tscinvbit, avx, avx2, aes, erms, clmul, bmi1, bmi2, adx, fma, vzeroupper, clflush, clflushopt, hv
Processor Information for all 8 processors :
  Max Mhz: 2496, Current Mhz: 2496, Mhz Limit: 2496

Memory: 4k page, system-wide physical 7968M (713M free)
TotalPageFile size 32544M (AvailPageFile size 0M)
current process WorkingSet (physical memory assigned to process): 55M, peak: 331M
current process commit charge ("private bytes"): 410M, peak: 417M

vm_info: OpenJDK 64-Bit Server VM (17.0.14+1-b1367.22) for windows-amd64 JRE (17.0.14+1-b1367.22), built on 2025-01-30 by "builduser" with MS VC++ 16.10 / 16.11 (VS2019)

END.
